mode: atomic
github.com/k8snetworkplumbingwg/sriov-network-device-plugin/pkg/exporter/netDeviceHealth.go:34.40,36.2 1 0
github.com/k8snetworkplumbingwg/sriov-network-device-plugin/pkg/exporter/netDeviceHealth.go:40.94,43.16 3 0
github.com/k8snetworkplumbingwg/sriov-network-device-plugin/pkg/exporter/netDeviceHealth.go:43.16,45.3 1 0
github.com/k8snetworkplumbingwg/sriov-network-device-plugin/pkg/exporter/netDeviceHealth.go:47.2,47.33 1 0
github.com/k8snetworkplumbingwg/sriov-network-device-plugin/pkg/exporter/netDeviceHealth.go:47.33,48.20 1 0
github.com/k8snetworkplumbingwg/sriov-network-device-plugin/pkg/exporter/netDeviceHealth.go:48.20,50.4 1 0
github.com/k8snetworkplumbingwg/sriov-network-device-plugin/pkg/exporter/netDeviceHealth.go:50.9,52.58 1 0
github.com/k8snetworkplumbingwg/sriov-network-device-plugin/pkg/exporter/netDeviceHealth.go:52.58,54.5 1 0
github.com/k8snetworkplumbingwg/sriov-network-device-plugin/pkg/exporter/netDeviceHealth.go:54.10,56.5 1 0
github.com/k8snetworkplumbingwg/sriov-network-device-plugin/pkg/exporter/netDeviceHealth.go:62.34,65.20 3 0
github.com/k8snetworkplumbingwg/sriov-network-device-plugin/pkg/exporter/netDeviceHealth.go:65.20,67.41 2 0
github.com/k8snetworkplumbingwg/sriov-network-device-plugin/pkg/exporter/netDeviceHealth.go:67.41,69.4 1 0
github.com/k8snetworkplumbingwg/sriov-network-device-plugin/pkg/exporter/netDeviceHealth.go:70.3,71.18 2 0
github.com/k8snetworkplumbingwg/sriov-network-device-plugin/pkg/exporter/netDeviceHealth.go:77.89,81.40 3 0
github.com/k8snetworkplumbingwg/sriov-network-device-plugin/pkg/exporter/netDeviceHealth.go:81.40,83.38 2 0
github.com/k8snetworkplumbingwg/sriov-network-device-plugin/pkg/exporter/netDeviceHealth.go:83.38,85.4 1 0
github.com/k8snetworkplumbingwg/sriov-network-device-plugin/pkg/exporter/netDeviceHealth.go:87.2,87.23 1 0
github.com/k8snetworkplumbingwg/sriov-network-device-plugin/pkg/exporter/netDeviceHealth.go:92.42,93.49 1 0
github.com/k8snetworkplumbingwg/sriov-network-device-plugin/pkg/exporter/netDeviceHealth.go:93.49,95.3 1 0
github.com/k8snetworkplumbingwg/sriov-network-device-plugin/pkg/exporter/netDeviceHealth.go:96.2,99.20 2 0
github.com/k8snetworkplumbingwg/sriov-network-device-plugin/pkg/exporter/netDeviceHealth.go:99.20,101.41 2 0
github.com/k8snetworkplumbingwg/sriov-network-device-plugin/pkg/exporter/netDeviceHealth.go:101.41,103.4 1 0
github.com/k8snetworkplumbingwg/sriov-network-device-plugin/pkg/exporter/netDeviceHealth.go:104.3,105.18 2 0
github.com/k8snetworkplumbingwg/sriov-network-device-plugin/pkg/exporter/netDeviceHealth.go:108.2,110.16 2 0
github.com/k8snetworkplumbingwg/sriov-network-device-plugin/pkg/exporter/netDeviceHealth.go:110.16,112.3 1 0
github.com/k8snetworkplumbingwg/sriov-network-device-plugin/pkg/exporter/netDeviceHealth.go:114.2,119.12 5 0
github.com/k8snetworkplumbingwg/sriov-network-device-plugin/pkg/exporter/netDeviceHealth.go:124.77,125.34 1 0
github.com/k8snetworkplumbingwg/sriov-network-device-plugin/pkg/exporter/netDeviceHealth.go:125.34,127.17 2 0
github.com/k8snetworkplumbingwg/sriov-network-device-plugin/pkg/exporter/netDeviceHealth.go:127.17,130.12 3 0
github.com/k8snetworkplumbingwg/sriov-network-device-plugin/pkg/exporter/netDeviceHealth.go:133.3,134.20 2 0
github.com/k8snetworkplumbingwg/sriov-network-device-plugin/pkg/exporter/netDeviceHealth.go:134.20,137.22 3 0
github.com/k8snetworkplumbingwg/sriov-network-device-plugin/pkg/exporter/netDeviceHealth.go:137.22,140.5 2 0
github.com/k8snetworkplumbingwg/sriov-network-device-plugin/pkg/exporter/netDeviceHealth.go:141.4,146.12 5 0
github.com/k8snetworkplumbingwg/sriov-network-device-plugin/pkg/exporter/netDeviceHealth.go:150.3,151.37 2 0
github.com/k8snetworkplumbingwg/sriov-network-device-plugin/pkg/exporter/netDeviceHealth.go:151.37,152.73 1 0
github.com/k8snetworkplumbingwg/sriov-network-device-plugin/pkg/exporter/netDeviceHealth.go:152.73,154.5 1 0
github.com/k8snetworkplumbingwg/sriov-network-device-plugin/pkg/exporter/netDeviceHealth.go:154.10,156.5 1 0
github.com/k8snetworkplumbingwg/sriov-network-device-plugin/pkg/exporter/netDeviceHealth.go:158.3,158.19 1 0
github.com/k8snetworkplumbingwg/sriov-network-device-plugin/pkg/exporter/netDeviceHealth.go:161.2,161.82 1 0
github.com/k8snetworkplumbingwg/sriov-network-device-plugin/pkg/exporter/nicmetricssvc/nicmetricssvc.pb.go:68.32,72.2 3 0
github.com/k8snetworkplumbingwg/sriov-network-device-plugin/pkg/exporter/nicmetricssvc/nicmetricssvc.pb.go:74.33,76.2 1 0
github.com/k8snetworkplumbingwg/sriov-network-device-plugin/pkg/exporter/nicmetricssvc/nicmetricssvc.pb.go:78.56,80.2 1 0
github.com/k8snetworkplumbingwg/sriov-network-device-plugin/pkg/exporter/nicmetricssvc/nicmetricssvc.pb.go:82.44,84.2 1 0
github.com/k8snetworkplumbingwg/sriov-network-device-plugin/pkg/exporter/nicmetricssvc/nicmetricssvc.pb.go:86.50,88.2 1 0
github.com/k8snetworkplumbingwg/sriov-network-device-plugin/pkg/exporter/nicmetricssvc/nicmetricssvc.pb.go:91.48,93.2 1 0
github.com/k8snetworkplumbingwg/sriov-network-device-plugin/pkg/exporter/nicmetricssvc/nicmetricssvc.pb.go:106.28,108.29 2 0
github.com/k8snetworkplumbingwg/sriov-network-device-plugin/pkg/exporter/nicmetricssvc/nicmetricssvc.pb.go:108.29,112.3 3 0
github.com/k8snetworkplumbingwg/sriov-network-device-plugin/pkg/exporter/nicmetricssvc/nicmetricssvc.pb.go:115.36,117.2 1 0
github.com/k8snetworkplumbingwg/sriov-network-device-plugin/pkg/exporter/nicmetricssvc/nicmetricssvc.pb.go:119.34,119.35 0 0
github.com/k8snetworkplumbingwg/sriov-network-device-plugin/pkg/exporter/nicmetricssvc/nicmetricssvc.pb.go:121.56,123.41 2 0
github.com/k8snetworkplumbingwg/sriov-network-device-plugin/pkg/exporter/nicmetricssvc/nicmetricssvc.pb.go:123.41,125.34 2 0
github.com/k8snetworkplumbingwg/sriov-network-device-plugin/pkg/exporter/nicmetricssvc/nicmetricssvc.pb.go:125.34,127.4 1 0
github.com/k8snetworkplumbingwg/sriov-network-device-plugin/pkg/exporter/nicmetricssvc/nicmetricssvc.pb.go:128.3,128.12 1 0
github.com/k8snetworkplumbingwg/sriov-network-device-plugin/pkg/exporter/nicmetricssvc/nicmetricssvc.pb.go:130.2,130.24 1 0
github.com/k8snetworkplumbingwg/sriov-network-device-plugin/pkg/exporter/nicmetricssvc/nicmetricssvc.pb.go:134.47,136.2 1 0
github.com/k8snetworkplumbingwg/sriov-network-device-plugin/pkg/exporter/nicmetricssvc/nicmetricssvc.pb.go:138.39,139.14 1 0
github.com/k8snetworkplumbingwg/sriov-network-device-plugin/pkg/exporter/nicmetricssvc/nicmetricssvc.pb.go:139.14,141.3 1 0
github.com/k8snetworkplumbingwg/sriov-network-device-plugin/pkg/exporter/nicmetricssvc/nicmetricssvc.pb.go:142.2,142.11 1 0
github.com/k8snetworkplumbingwg/sriov-network-device-plugin/pkg/exporter/nicmetricssvc/nicmetricssvc.pb.go:145.39,146.14 1 0
github.com/k8snetworkplumbingwg/sriov-network-device-plugin/pkg/exporter/nicmetricssvc/nicmetricssvc.pb.go:146.14,148.3 1 0
github.com/k8snetworkplumbingwg/sriov-network-device-plugin/pkg/exporter/nicmetricssvc/nicmetricssvc.pb.go:149.2,149.11 1 0
github.com/k8snetworkplumbingwg/sriov-network-device-plugin/pkg/exporter/nicmetricssvc/nicmetricssvc.pb.go:161.36,163.29 2 0
github.com/k8snetworkplumbingwg/sriov-network-device-plugin/pkg/exporter/nicmetricssvc/nicmetricssvc.pb.go:163.29,167.3 3 0
github.com/k8snetworkplumbingwg/sriov-network-device-plugin/pkg/exporter/nicmetricssvc/nicmetricssvc.pb.go:170.44,172.2 1 0
github.com/k8snetworkplumbingwg/sriov-network-device-plugin/pkg/exporter/nicmetricssvc/nicmetricssvc.pb.go:174.42,174.43 0 0
github.com/k8snetworkplumbingwg/sriov-network-device-plugin/pkg/exporter/nicmetricssvc/nicmetricssvc.pb.go:176.64,178.41 2 0
github.com/k8snetworkplumbingwg/sriov-network-device-plugin/pkg/exporter/nicmetricssvc/nicmetricssvc.pb.go:178.41,180.34 2 0
github.com/k8snetworkplumbingwg/sriov-network-device-plugin/pkg/exporter/nicmetricssvc/nicmetricssvc.pb.go:180.34,182.4 1 0
github.com/k8snetworkplumbingwg/sriov-network-device-plugin/pkg/exporter/nicmetricssvc/nicmetricssvc.pb.go:183.3,183.12 1 0
github.com/k8snetworkplumbingwg/sriov-network-device-plugin/pkg/exporter/nicmetricssvc/nicmetricssvc.pb.go:185.2,185.24 1 0
github.com/k8snetworkplumbingwg/sriov-network-device-plugin/pkg/exporter/nicmetricssvc/nicmetricssvc.pb.go:189.55,191.2 1 0
github.com/k8snetworkplumbingwg/sriov-network-device-plugin/pkg/exporter/nicmetricssvc/nicmetricssvc.pb.go:193.54,194.14 1 0
github.com/k8snetworkplumbingwg/sriov-network-device-plugin/pkg/exporter/nicmetricssvc/nicmetricssvc.pb.go:194.14,196.3 1 0
github.com/k8snetworkplumbingwg/sriov-network-device-plugin/pkg/exporter/nicmetricssvc/nicmetricssvc.pb.go:197.2,197.12 1 0
github.com/k8snetworkplumbingwg/sriov-network-device-plugin/pkg/exporter/nicmetricssvc/nicmetricssvc.pb.go:233.52,234.49 1 0
github.com/k8snetworkplumbingwg/sriov-network-device-plugin/pkg/exporter/nicmetricssvc/nicmetricssvc.pb.go:234.49,236.3 1 0
github.com/k8snetworkplumbingwg/sriov-network-device-plugin/pkg/exporter/nicmetricssvc/nicmetricssvc.pb.go:237.2,237.45 1 0
github.com/k8snetworkplumbingwg/sriov-network-device-plugin/pkg/exporter/nicmetricssvc/nicmetricssvc.pb.go:259.13,259.48 1 0
github.com/k8snetworkplumbingwg/sriov-network-device-plugin/pkg/exporter/nicmetricssvc/nicmetricssvc.pb.go:260.38,261.37 1 0
github.com/k8snetworkplumbingwg/sriov-network-device-plugin/pkg/exporter/nicmetricssvc/nicmetricssvc.pb.go:261.37,263.3 1 0
github.com/k8snetworkplumbingwg/sriov-network-device-plugin/pkg/exporter/nicmetricssvc/nicmetricssvc.pb.go:264.2,264.30 1 0
github.com/k8snetworkplumbingwg/sriov-network-device-plugin/pkg/exporter/nicmetricssvc/nicmetricssvc.pb.go:264.30,265.74 1 0
github.com/k8snetworkplumbingwg/sriov-network-device-plugin/pkg/exporter/nicmetricssvc/nicmetricssvc.pb.go:265.74,266.33 1 0
github.com/k8snetworkplumbingwg/sriov-network-device-plugin/pkg/exporter/nicmetricssvc/nicmetricssvc.pb.go:267.11,268.20 1 0
github.com/k8snetworkplumbingwg/sriov-network-device-plugin/pkg/exporter/nicmetricssvc/nicmetricssvc.pb.go:269.11,270.24 1 0
github.com/k8snetworkplumbingwg/sriov-network-device-plugin/pkg/exporter/nicmetricssvc/nicmetricssvc.pb.go:271.11,272.28 1 0
github.com/k8snetworkplumbingwg/sriov-network-device-plugin/pkg/exporter/nicmetricssvc/nicmetricssvc.pb.go:273.12,274.15 1 0
github.com/k8snetworkplumbingwg/sriov-network-device-plugin/pkg/exporter/nicmetricssvc/nicmetricssvc.pb.go:277.3,277.74 1 0
github.com/k8snetworkplumbingwg/sriov-network-device-plugin/pkg/exporter/nicmetricssvc/nicmetricssvc.pb.go:277.74,278.41 1 0
github.com/k8snetworkplumbingwg/sriov-network-device-plugin/pkg/exporter/nicmetricssvc/nicmetricssvc.pb.go:279.11,280.20 1 0
github.com/k8snetworkplumbingwg/sriov-network-device-plugin/pkg/exporter/nicmetricssvc/nicmetricssvc.pb.go:281.11,282.24 1 0
github.com/k8snetworkplumbingwg/sriov-network-device-plugin/pkg/exporter/nicmetricssvc/nicmetricssvc.pb.go:283.11,284.28 1 0
github.com/k8snetworkplumbingwg/sriov-network-device-plugin/pkg/exporter/nicmetricssvc/nicmetricssvc.pb.go:285.12,286.15 1 0
github.com/k8snetworkplumbingwg/sriov-network-device-plugin/pkg/exporter/nicmetricssvc/nicmetricssvc.pb.go:290.2,308.40 6 0
github.com/k8snetworkplumbingwg/sriov-network-device-plugin/pkg/exporter/nicmetricssvc/nicmetricssvc_grpc.pb.go:60.80,62.2 1 0
github.com/k8snetworkplumbingwg/sriov-network-device-plugin/pkg/exporter/nicmetricssvc/nicmetricssvc_grpc.pb.go:64.127,68.16 4 0
github.com/k8snetworkplumbingwg/sriov-network-device-plugin/pkg/exporter/nicmetricssvc/nicmetricssvc_grpc.pb.go:68.16,70.3 1 0
github.com/k8snetworkplumbingwg/sriov-network-device-plugin/pkg/exporter/nicmetricssvc/nicmetricssvc_grpc.pb.go:71.2,71.17 1 0
github.com/k8snetworkplumbingwg/sriov-network-device-plugin/pkg/exporter/nicmetricssvc/nicmetricssvc_grpc.pb.go:90.105,92.2 1 0
github.com/k8snetworkplumbingwg/sriov-network-device-plugin/pkg/exporter/nicmetricssvc/nicmetricssvc_grpc.pb.go:93.88,93.89 0 0
github.com/k8snetworkplumbingwg/sriov-network-device-plugin/pkg/exporter/nicmetricssvc/nicmetricssvc_grpc.pb.go:94.88,94.89 0 0
github.com/k8snetworkplumbingwg/sriov-network-device-plugin/pkg/exporter/nicmetricssvc/nicmetricssvc_grpc.pb.go:103.86,108.59 1 0
github.com/k8snetworkplumbingwg/sriov-network-device-plugin/pkg/exporter/nicmetricssvc/nicmetricssvc_grpc.pb.go:108.59,110.3 1 0
github.com/k8snetworkplumbingwg/sriov-network-device-plugin/pkg/exporter/nicmetricssvc/nicmetricssvc_grpc.pb.go:111.2,111.53 1 0
github.com/k8snetworkplumbingwg/sriov-network-device-plugin/pkg/exporter/nicmetricssvc/nicmetricssvc_grpc.pb.go:114.164,116.32 2 0
github.com/k8snetworkplumbingwg/sriov-network-device-plugin/pkg/exporter/nicmetricssvc/nicmetricssvc_grpc.pb.go:116.32,118.3 1 0
github.com/k8snetworkplumbingwg/sriov-network-device-plugin/pkg/exporter/nicmetricssvc/nicmetricssvc_grpc.pb.go:119.2,119.24 1 0
github.com/k8snetworkplumbingwg/sriov-network-device-plugin/pkg/exporter/nicmetricssvc/nicmetricssvc_grpc.pb.go:119.24,121.3 1 0
github.com/k8snetworkplumbingwg/sriov-network-device-plugin/pkg/exporter/nicmetricssvc/nicmetricssvc_grpc.pb.go:122.2,126.77 2 0
github.com/k8snetworkplumbingwg/sriov-network-device-plugin/pkg/exporter/nicmetricssvc/nicmetricssvc_grpc.pb.go:126.77,128.3 1 0
github.com/k8snetworkplumbingwg/sriov-network-device-plugin/pkg/exporter/nicmetricssvc/nicmetricssvc_grpc.pb.go:129.2,129.44 1 0
github.com/k8snetworkplumbingwg/sriov-network-device-plugin/pkg/infoprovider/extraInfoProvider.go:32.111,37.2 1 6
github.com/k8snetworkplumbingwg/sriov-network-device-plugin/pkg/infoprovider/extraInfoProvider.go:42.47,44.2 1 0
github.com/k8snetworkplumbingwg/sriov-network-device-plugin/pkg/infoprovider/extraInfoProvider.go:46.71,49.2 2 0
github.com/k8snetworkplumbingwg/sriov-network-device-plugin/pkg/infoprovider/extraInfoProvider.go:51.63,55.50 2 5
github.com/k8snetworkplumbingwg/sriov-network-device-plugin/pkg/infoprovider/extraInfoProvider.go:55.50,57.9 2 10
github.com/k8snetworkplumbingwg/sriov-network-device-plugin/pkg/infoprovider/extraInfoProvider.go:57.9,58.36 1 7
github.com/k8snetworkplumbingwg/sriov-network-device-plugin/pkg/infoprovider/extraInfoProvider.go:58.36,60.5 1 9
github.com/k8snetworkplumbingwg/sriov-network-device-plugin/pkg/infoprovider/extraInfoProvider.go:63.2,63.19 1 5
github.com/k8snetworkplumbingwg/sriov-network-device-plugin/pkg/infoprovider/extraInfoProvider.go:66.61,69.2 2 0
github.com/k8snetworkplumbingwg/sriov-network-device-plugin/pkg/infoprovider/genericInfoProvider.go:28.71,32.2 1 3
github.com/k8snetworkplumbingwg/sriov-network-device-plugin/pkg/infoprovider/genericInfoProvider.go:37.49,39.2 1 0
github.com/k8snetworkplumbingwg/sriov-network-device-plugin/pkg/infoprovider/genericInfoProvider.go:41.73,45.2 2 1
github.com/k8snetworkplumbingwg/sriov-network-device-plugin/pkg/infoprovider/genericInfoProvider.go:47.65,51.2 3 0
github.com/k8snetworkplumbingwg/sriov-network-device-plugin/pkg/infoprovider/genericInfoProvider.go:53.63,56.2 2 1
github.com/k8snetworkplumbingwg/sriov-network-device-plugin/pkg/infoprovider/rdmaInfoProvider.go:37.76,41.2 1 5
github.com/k8snetworkplumbingwg/sriov-network-device-plugin/pkg/infoprovider/rdmaInfoProvider.go:46.46,48.2 1 0
github.com/k8snetworkplumbingwg/sriov-network-device-plugin/pkg/infoprovider/rdmaInfoProvider.go:50.70,51.27 1 3
github.com/k8snetworkplumbingwg/sriov-network-device-plugin/pkg/infoprovider/rdmaInfoProvider.go:51.27,54.3 2 1
github.com/k8snetworkplumbingwg/sriov-network-device-plugin/pkg/infoprovider/rdmaInfoProvider.go:56.2,58.17 3 2
github.com/k8snetworkplumbingwg/sriov-network-device-plugin/pkg/infoprovider/rdmaInfoProvider.go:61.62,64.35 3 1
github.com/k8snetworkplumbingwg/sriov-network-device-plugin/pkg/infoprovider/rdmaInfoProvider.go:64.35,65.56 1 4
github.com/k8snetworkplumbingwg/sriov-network-device-plugin/pkg/infoprovider/rdmaInfoProvider.go:65.56,67.4 1 1
github.com/k8snetworkplumbingwg/sriov-network-device-plugin/pkg/infoprovider/rdmaInfoProvider.go:67.9,67.61 1 3
github.com/k8snetworkplumbingwg/sriov-network-device-plugin/pkg/infoprovider/rdmaInfoProvider.go:67.61,69.4 1 1
github.com/k8snetworkplumbingwg/sriov-network-device-plugin/pkg/infoprovider/rdmaInfoProvider.go:69.9,69.61 1 2
github.com/k8snetworkplumbingwg/sriov-network-device-plugin/pkg/infoprovider/rdmaInfoProvider.go:69.61,71.4 1 1
github.com/k8snetworkplumbingwg/sriov-network-device-plugin/pkg/infoprovider/rdmaInfoProvider.go:71.9,71.64 1 1
github.com/k8snetworkplumbingwg/sriov-network-device-plugin/pkg/infoprovider/rdmaInfoProvider.go:71.64,73.4 1 1
github.com/k8snetworkplumbingwg/sriov-network-device-plugin/pkg/infoprovider/rdmaInfoProvider.go:76.2,77.19 2 1
github.com/k8snetworkplumbingwg/sriov-network-device-plugin/pkg/infoprovider/rdmaInfoProvider.go:77.19,79.3 1 1
github.com/k8snetworkplumbingwg/sriov-network-device-plugin/pkg/infoprovider/rdmaInfoProvider.go:81.2,81.13 1 1
github.com/k8snetworkplumbingwg/sriov-network-device-plugin/pkg/infoprovider/rdmaInfoProvider.go:84.60,86.2 1 1
github.com/k8snetworkplumbingwg/sriov-network-device-plugin/pkg/infoprovider/uioInfoProvider.go:31.66,35.2 1 5
github.com/k8snetworkplumbingwg/sriov-network-device-plugin/pkg/infoprovider/uioInfoProvider.go:40.45,42.2 1 0
github.com/k8snetworkplumbingwg/sriov-network-device-plugin/pkg/infoprovider/uioInfoProvider.go:44.69,48.16 3 3
github.com/k8snetworkplumbingwg/sriov-network-device-plugin/pkg/infoprovider/uioInfoProvider.go:48.16,50.3 1 1
github.com/k8snetworkplumbingwg/sriov-network-device-plugin/pkg/infoprovider/uioInfoProvider.go:50.8,57.3 2 2
github.com/k8snetworkplumbingwg/sriov-network-device-plugin/pkg/infoprovider/uioInfoProvider.go:59.2,59.17 1 3
github.com/k8snetworkplumbingwg/sriov-network-device-plugin/pkg/infoprovider/uioInfoProvider.go:62.61,64.21 2 1
github.com/k8snetworkplumbingwg/sriov-network-device-plugin/pkg/infoprovider/uioInfoProvider.go:64.21,66.3 1 1
github.com/k8snetworkplumbingwg/sriov-network-device-plugin/pkg/infoprovider/uioInfoProvider.go:68.2,68.13 1 1
github.com/k8snetworkplumbingwg/sriov-network-device-plugin/pkg/infoprovider/uioInfoProvider.go:71.59,74.2 2 1
github.com/k8snetworkplumbingwg/sriov-network-device-plugin/pkg/infoprovider/vdpaInfoProvider.go:37.102,43.2 2 10
github.com/k8snetworkplumbingwg/sriov-network-device-plugin/pkg/infoprovider/vdpaInfoProvider.go:48.47,50.2 1 0
github.com/k8snetworkplumbingwg/sriov-network-device-plugin/pkg/infoprovider/vdpaInfoProvider.go:53.71,54.47 1 7
github.com/k8snetworkplumbingwg/sriov-network-device-plugin/pkg/infoprovider/vdpaInfoProvider.go:54.47,58.3 2 4
github.com/k8snetworkplumbingwg/sriov-network-device-plugin/pkg/infoprovider/vdpaInfoProvider.go:59.2,62.41 2 3
github.com/k8snetworkplumbingwg/sriov-network-device-plugin/pkg/infoprovider/vdpaInfoProvider.go:62.41,64.17 2 2
github.com/k8snetworkplumbingwg/sriov-network-device-plugin/pkg/infoprovider/vdpaInfoProvider.go:64.17,67.4 2 0
github.com/k8snetworkplumbingwg/sriov-network-device-plugin/pkg/infoprovider/vdpaInfoProvider.go:68.3,73.26 2 2
github.com/k8snetworkplumbingwg/sriov-network-device-plugin/pkg/infoprovider/vdpaInfoProvider.go:75.2,75.17 1 3
github.com/k8snetworkplumbingwg/sriov-network-device-plugin/pkg/infoprovider/vdpaInfoProvider.go:79.63,81.24 2 2
github.com/k8snetworkplumbingwg/sriov-network-device-plugin/pkg/infoprovider/vdpaInfoProvider.go:81.24,83.3 1 1
github.com/k8snetworkplumbingwg/sriov-network-device-plugin/pkg/infoprovider/vdpaInfoProvider.go:85.2,85.13 1 2
github.com/k8snetworkplumbingwg/sriov-network-device-plugin/pkg/infoprovider/vdpaInfoProvider.go:89.61,92.2 2 1
github.com/k8snetworkplumbingwg/sriov-network-device-plugin/pkg/infoprovider/vdpaInfoProvider.go:95.56,96.20 1 7
github.com/k8snetworkplumbingwg/sriov-network-device-plugin/pkg/infoprovider/vdpaInfoProvider.go:96.20,98.3 1 1
github.com/k8snetworkplumbingwg/sriov-network-device-plugin/pkg/infoprovider/vdpaInfoProvider.go:100.2,100.58 1 6
github.com/k8snetworkplumbingwg/sriov-network-device-plugin/pkg/infoprovider/vdpaInfoProvider.go:100.58,102.3 1 1
github.com/k8snetworkplumbingwg/sriov-network-device-plugin/pkg/infoprovider/vdpaInfoProvider.go:103.2,104.36 2 5
github.com/k8snetworkplumbingwg/sriov-network-device-plugin/pkg/infoprovider/vdpaInfoProvider.go:104.36,106.3 1 1
github.com/k8snetworkplumbingwg/sriov-network-device-plugin/pkg/infoprovider/vdpaInfoProvider.go:107.2,107.27 1 4
github.com/k8snetworkplumbingwg/sriov-network-device-plugin/pkg/infoprovider/vdpaInfoProvider.go:107.27,110.3 1 1
github.com/k8snetworkplumbingwg/sriov-network-device-plugin/pkg/infoprovider/vdpaInfoProvider.go:111.2,111.18 1 3
github.com/k8snetworkplumbingwg/sriov-network-device-plugin/pkg/infoprovider/vfioInfoProvider.go:35.67,40.2 1 5
github.com/k8snetworkplumbingwg/sriov-network-device-plugin/pkg/infoprovider/vfioInfoProvider.go:45.46,47.2 1 0
github.com/k8snetworkplumbingwg/sriov-network-device-plugin/pkg/infoprovider/vfioInfoProvider.go:49.70,58.16 4 3
github.com/k8snetworkplumbingwg/sriov-network-device-plugin/pkg/infoprovider/vfioInfoProvider.go:58.16,60.3 1 1
github.com/k8snetworkplumbingwg/sriov-network-device-plugin/pkg/infoprovider/vfioInfoProvider.go:60.8,67.3 2 2
github.com/k8snetworkplumbingwg/sriov-network-device-plugin/pkg/infoprovider/vfioInfoProvider.go:69.2,69.17 1 3
github.com/k8snetworkplumbingwg/sriov-network-device-plugin/pkg/infoprovider/vfioInfoProvider.go:72.62,75.31 3 1
github.com/k8snetworkplumbingwg/sriov-network-device-plugin/pkg/infoprovider/vfioInfoProvider.go:75.31,77.3 1 1
github.com/k8snetworkplumbingwg/sriov-network-device-plugin/pkg/infoprovider/vfioInfoProvider.go:79.2,79.13 1 1
github.com/k8snetworkplumbingwg/sriov-network-device-plugin/pkg/infoprovider/vfioInfoProvider.go:82.60,85.2 2 1
github.com/k8snetworkplumbingwg/sriov-network-device-plugin/pkg/infoprovider/vhostNetInfoProvider.go:45.57,47.2 1 4
github.com/k8snetworkplumbingwg/sriov-network-device-plugin/pkg/infoprovider/vhostNetInfoProvider.go:50.33,53.2 2 1
github.com/k8snetworkplumbingwg/sriov-network-device-plugin/pkg/infoprovider/vhostNetInfoProvider.go:56.54,65.2 3 1
github.com/k8snetworkplumbingwg/sriov-network-device-plugin/pkg/infoprovider/vhostNetInfoProvider.go:68.28,71.2 2 1
github.com/k8snetworkplumbingwg/sriov-network-device-plugin/pkg/infoprovider/vhostNetInfoProvider.go:74.49,83.2 3 1
github.com/k8snetworkplumbingwg/sriov-network-device-plugin/pkg/infoprovider/vhostNetInfoProvider.go:88.50,90.2 1 0
github.com/k8snetworkplumbingwg/sriov-network-device-plugin/pkg/infoprovider/vhostNetInfoProvider.go:92.74,93.28 1 1
github.com/k8snetworkplumbingwg/sriov-network-device-plugin/pkg/infoprovider/vhostNetInfoProvider.go:93.28,96.3 2 0
github.com/k8snetworkplumbingwg/sriov-network-device-plugin/pkg/infoprovider/vhostNetInfoProvider.go:97.2,99.23 2 1
github.com/k8snetworkplumbingwg/sriov-network-device-plugin/pkg/infoprovider/vhostNetInfoProvider.go:99.23,102.3 2 0
github.com/k8snetworkplumbingwg/sriov-network-device-plugin/pkg/infoprovider/vhostNetInfoProvider.go:103.2,105.19 2 1
github.com/k8snetworkplumbingwg/sriov-network-device-plugin/pkg/infoprovider/vhostNetInfoProvider.go:108.66,114.2 4 1
github.com/k8snetworkplumbingwg/sriov-network-device-plugin/pkg/infoprovider/vhostNetInfoProvider.go:116.64,118.2 1 1
github.com/k8snetworkplumbingwg/sriov-network-device-plugin/pkg/deviceconfig/deviceConfigClient.go:30.44,35.2 2 0
github.com/k8snetworkplumbingwg/sriov-network-device-plugin/pkg/deviceconfig/deviceConfigClient.go:37.41,41.16 4 0
github.com/k8snetworkplumbingwg/sriov-network-device-plugin/pkg/deviceconfig/deviceConfigClient.go:41.16,44.3 2 0
github.com/k8snetworkplumbingwg/sriov-network-device-plugin/pkg/deviceconfig/deviceConfigClient.go:45.2,46.12 2 0
github.com/k8snetworkplumbingwg/sriov-network-device-plugin/pkg/deviceconfig/deviceConfigClient.go:49.25,52.16 2 0
github.com/k8snetworkplumbingwg/sriov-network-device-plugin/pkg/deviceconfig/deviceConfigClient.go:52.16,55.3 2 0
github.com/k8snetworkplumbingwg/sriov-network-device-plugin/pkg/deviceconfig/deviceConfigClient.go:56.2,57.16 2 0
github.com/k8snetworkplumbingwg/sriov-network-device-plugin/pkg/deviceconfig/deviceConfigClient.go:57.16,60.3 2 0
github.com/k8snetworkplumbingwg/sriov-network-device-plugin/pkg/deviceconfig/deviceConfigClient.go:61.2,61.27 1 0
github.com/k8snetworkplumbingwg/sriov-network-device-plugin/pkg/deviceconfig/deviceConfigClient.go:61.27,62.34 1 0
github.com/k8snetworkplumbingwg/sriov-network-device-plugin/pkg/deviceconfig/deviceConfigClient.go:62.34,63.33 1 0
github.com/k8snetworkplumbingwg/sriov-network-device-plugin/pkg/deviceconfig/deviceConfigClient.go:63.33,66.5 2 0
github.com/k8snetworkplumbingwg/sriov-network-device-plugin/pkg/deviceconfig/deviceConfigClient.go:69.2,70.13 2 0
github.com/k8snetworkplumbingwg/sriov-network-device-plugin/pkg/deviceconfig/deviceConfigClient.go:73.38,74.61 1 0
github.com/k8snetworkplumbingwg/sriov-network-device-plugin/pkg/deviceconfig/deviceConfigClient.go:74.61,77.3 2 0
github.com/k8snetworkplumbingwg/sriov-network-device-plugin/pkg/deviceconfig/deviceConfigClient.go:78.2,78.13 1 0
github.com/k8snetworkplumbingwg/sriov-network-device-plugin/pkg/deviceconfig/deviceConfigClient.go:81.59,84.2 1 0
github.com/k8snetworkplumbingwg/sriov-network-device-plugin/pkg/deviceconfig/deviceConfigClient.go:86.75,88.35 2 0
github.com/k8snetworkplumbingwg/sriov-network-device-plugin/pkg/deviceconfig/deviceConfigClient.go:88.35,91.3 2 0
github.com/k8snetworkplumbingwg/sriov-network-device-plugin/pkg/deviceconfig/deviceConfigClient.go:92.2,94.31 3 0
github.com/k8snetworkplumbingwg/sriov-network-device-plugin/pkg/deviceconfig/deviceConfigClient.go:94.31,96.43 2 0
github.com/k8snetworkplumbingwg/sriov-network-device-plugin/pkg/deviceconfig/deviceConfigClient.go:96.43,98.51 2 0
github.com/k8snetworkplumbingwg/sriov-network-device-plugin/pkg/deviceconfig/deviceConfigClient.go:98.51,101.5 2 0
github.com/k8snetworkplumbingwg/sriov-network-device-plugin/pkg/deviceconfig/deviceConfigClient.go:104.2,105.18 2 0
github.com/k8snetworkplumbingwg/sriov-network-device-plugin/pkg/deviceconfig/deviceConfigClient.go:105.18,107.3 1 0
github.com/k8snetworkplumbingwg/sriov-network-device-plugin/pkg/deviceconfig/deviceConfigClient.go:108.2,108.12 1 0
github.com/k8snetworkplumbingwg/sriov-network-device-plugin/pkg/deviceconfig/deviceConfigClient.go:111.63,113.16 2 0
github.com/k8snetworkplumbingwg/sriov-network-device-plugin/pkg/deviceconfig/deviceConfigClient.go:113.16,115.3 1 0
github.com/k8snetworkplumbingwg/sriov-network-device-plugin/pkg/deviceconfig/deviceConfigClient.go:117.2,120.16 4 0
github.com/k8snetworkplumbingwg/sriov-network-device-plugin/pkg/deviceconfig/deviceConfigClient.go:120.16,124.3 3 0
github.com/k8snetworkplumbingwg/sriov-network-device-plugin/pkg/deviceconfig/deviceConfigClient.go:126.2,130.40 5 0
github.com/k8snetworkplumbingwg/sriov-network-device-plugin/pkg/deviceconfig/deviceConfigClient.go:130.40,134.3 3 0
github.com/k8snetworkplumbingwg/sriov-network-device-plugin/pkg/deviceconfig/deviceConfigClient.go:135.2,136.12 2 0
github.com/k8snetworkplumbingwg/sriov-network-device-plugin/pkg/deviceconfig/deviceConfigClient.go:139.69,144.9 4 0
github.com/k8snetworkplumbingwg/sriov-network-device-plugin/pkg/deviceconfig/deviceConfigClient.go:144.9,146.17 2 0
github.com/k8snetworkplumbingwg/sriov-network-device-plugin/pkg/deviceconfig/deviceConfigClient.go:146.17,148.4 1 0
github.com/k8snetworkplumbingwg/sriov-network-device-plugin/pkg/deviceconfig/deviceConfigClient.go:149.3,150.46 2 0
github.com/k8snetworkplumbingwg/sriov-network-device-plugin/pkg/deviceconfig/deviceConfigClient.go:152.2,152.9 1 0
github.com/k8snetworkplumbingwg/sriov-network-device-plugin/pkg/deviceconfig/deviceConfigClient.go:152.9,155.3 2 0
github.com/k8snetworkplumbingwg/sriov-network-device-plugin/pkg/deviceconfig/deviceConfigClient.go:156.2,156.22 1 0
github.com/k8snetworkplumbingwg/sriov-network-device-plugin/pkg/deviceconfig/deviceConfigClient.go:159.101,165.2 4 0
github.com/k8snetworkplumbingwg/sriov-network-device-plugin/pkg/deviceconfig/deviceConfigClient.go:167.72,183.35 3 0
github.com/k8snetworkplumbingwg/sriov-network-device-plugin/pkg/deviceconfig/deviceConfigClient.go:183.35,186.3 2 0
github.com/k8snetworkplumbingwg/sriov-network-device-plugin/pkg/deviceconfig/deviceConfigClient.go:186.8,188.3 1 0
github.com/k8snetworkplumbingwg/sriov-network-device-plugin/pkg/deviceconfig/deviceConfigClient.go:190.2,191.16 2 0
github.com/k8snetworkplumbingwg/sriov-network-device-plugin/pkg/deviceconfig/deviceConfigClient.go:191.16,195.3 3 0
github.com/k8snetworkplumbingwg/sriov-network-device-plugin/pkg/deviceconfig/deviceConfigClient.go:196.2,198.16 3 0
github.com/k8snetworkplumbingwg/sriov-network-device-plugin/pkg/deviceconfig/deviceConfigClient.go:198.16,202.3 3 0
github.com/k8snetworkplumbingwg/sriov-network-device-plugin/pkg/deviceconfig/deviceConfigClient.go:204.2,204.31 1 0
github.com/k8snetworkplumbingwg/sriov-network-device-plugin/pkg/deviceconfig/deviceConfigClient.go:204.31,205.31 1 0
github.com/k8snetworkplumbingwg/sriov-network-device-plugin/pkg/deviceconfig/deviceConfigClient.go:205.31,207.4 1 0
github.com/k8snetworkplumbingwg/sriov-network-device-plugin/pkg/deviceconfig/deviceConfigClient.go:209.2,210.20 2 0
github.com/k8snetworkplumbingwg/sriov-network-device-plugin/pkg/deviceconfig/deviceConfigHandler.go:21.46,26.2 2 0
github.com/k8snetworkplumbingwg/sriov-network-device-plugin/pkg/deviceconfig/deviceConfigHandler.go:28.74,31.2 2 0
github.com/k8snetworkplumbingwg/sriov-network-device-plugin/pkg/deviceconfig/deviceConfigHandler.go:33.69,35.36 2 0
github.com/k8snetworkplumbingwg/sriov-network-device-plugin/pkg/deviceconfig/deviceConfigHandler.go:35.36,37.17 2 0
github.com/k8snetworkplumbingwg/sriov-network-device-plugin/pkg/deviceconfig/deviceConfigHandler.go:37.17,39.4 1 0
github.com/k8snetworkplumbingwg/sriov-network-device-plugin/pkg/deviceconfig/deviceConfigHandler.go:41.2,41.12 1 0
github.com/k8snetworkplumbingwg/sriov-network-device-plugin/pkg/deviceconfig/deviceConfigHandler.go:44.55,46.36 2 0
github.com/k8snetworkplumbingwg/sriov-network-device-plugin/pkg/deviceconfig/deviceConfigHandler.go:46.36,48.17 2 0
github.com/k8snetworkplumbingwg/sriov-network-device-plugin/pkg/deviceconfig/deviceConfigHandler.go:48.17,50.4 1 0
github.com/k8snetworkplumbingwg/sriov-network-device-plugin/pkg/deviceconfig/deviceConfigHandler.go:52.2,52.12 1 0
github.com/k8snetworkplumbingwg/sriov-network-device-plugin/pkg/deviceconfig/deviceConfigClient.go:30.44,35.2 2 1
github.com/k8snetworkplumbingwg/sriov-network-device-plugin/pkg/deviceconfig/deviceConfigClient.go:37.41,41.16 4 0
github.com/k8snetworkplumbingwg/sriov-network-device-plugin/pkg/deviceconfig/deviceConfigClient.go:41.16,44.3 2 0
github.com/k8snetworkplumbingwg/sriov-network-device-plugin/pkg/deviceconfig/deviceConfigClient.go:45.2,46.12 2 0
github.com/k8snetworkplumbingwg/sriov-network-device-plugin/pkg/deviceconfig/deviceConfigClient.go:49.25,52.16 2 1
github.com/k8snetworkplumbingwg/sriov-network-device-plugin/pkg/deviceconfig/deviceConfigClient.go:52.16,55.3 2 0
github.com/k8snetworkplumbingwg/sriov-network-device-plugin/pkg/deviceconfig/deviceConfigClient.go:56.2,57.16 2 1
github.com/k8snetworkplumbingwg/sriov-network-device-plugin/pkg/deviceconfig/deviceConfigClient.go:57.16,60.3 2 0
github.com/k8snetworkplumbingwg/sriov-network-device-plugin/pkg/deviceconfig/deviceConfigClient.go:61.2,61.27 1 1
github.com/k8snetworkplumbingwg/sriov-network-device-plugin/pkg/deviceconfig/deviceConfigClient.go:61.27,62.34 1 1
github.com/k8snetworkplumbingwg/sriov-network-device-plugin/pkg/deviceconfig/deviceConfigClient.go:62.34,63.33 1 53
github.com/k8snetworkplumbingwg/sriov-network-device-plugin/pkg/deviceconfig/deviceConfigClient.go:63.33,66.5 2 1
github.com/k8snetworkplumbingwg/sriov-network-device-plugin/pkg/deviceconfig/deviceConfigClient.go:69.2,70.13 2 0
github.com/k8snetworkplumbingwg/sriov-network-device-plugin/pkg/deviceconfig/deviceConfigClient.go:73.38,74.61 1 0
github.com/k8snetworkplumbingwg/sriov-network-device-plugin/pkg/deviceconfig/deviceConfigClient.go:74.61,77.3 2 0
github.com/k8snetworkplumbingwg/sriov-network-device-plugin/pkg/deviceconfig/deviceConfigClient.go:78.2,78.13 1 0
github.com/k8snetworkplumbingwg/sriov-network-device-plugin/pkg/deviceconfig/deviceConfigClient.go:81.59,84.2 1 0
github.com/k8snetworkplumbingwg/sriov-network-device-plugin/pkg/deviceconfig/deviceConfigClient.go:86.75,88.35 2 0
github.com/k8snetworkplumbingwg/sriov-network-device-plugin/pkg/deviceconfig/deviceConfigClient.go:88.35,91.3 2 0
github.com/k8snetworkplumbingwg/sriov-network-device-plugin/pkg/deviceconfig/deviceConfigClient.go:92.2,94.31 3 0
github.com/k8snetworkplumbingwg/sriov-network-device-plugin/pkg/deviceconfig/deviceConfigClient.go:94.31,96.43 2 0
github.com/k8snetworkplumbingwg/sriov-network-device-plugin/pkg/deviceconfig/deviceConfigClient.go:96.43,98.51 2 0
github.com/k8snetworkplumbingwg/sriov-network-device-plugin/pkg/deviceconfig/deviceConfigClient.go:98.51,101.5 2 0
github.com/k8snetworkplumbingwg/sriov-network-device-plugin/pkg/deviceconfig/deviceConfigClient.go:104.2,105.18 2 0
github.com/k8snetworkplumbingwg/sriov-network-device-plugin/pkg/deviceconfig/deviceConfigClient.go:105.18,107.3 1 0
github.com/k8snetworkplumbingwg/sriov-network-device-plugin/pkg/deviceconfig/deviceConfigClient.go:108.2,108.12 1 0
github.com/k8snetworkplumbingwg/sriov-network-device-plugin/pkg/deviceconfig/deviceConfigClient.go:111.63,113.16 2 0
github.com/k8snetworkplumbingwg/sriov-network-device-plugin/pkg/deviceconfig/deviceConfigClient.go:113.16,115.3 1 0
github.com/k8snetworkplumbingwg/sriov-network-device-plugin/pkg/deviceconfig/deviceConfigClient.go:117.2,120.16 4 0
github.com/k8snetworkplumbingwg/sriov-network-device-plugin/pkg/deviceconfig/deviceConfigClient.go:120.16,124.3 3 0
github.com/k8snetworkplumbingwg/sriov-network-device-plugin/pkg/deviceconfig/deviceConfigClient.go:126.2,130.40 5 0
github.com/k8snetworkplumbingwg/sriov-network-device-plugin/pkg/deviceconfig/deviceConfigClient.go:130.40,134.3 3 0
github.com/k8snetworkplumbingwg/sriov-network-device-plugin/pkg/deviceconfig/deviceConfigClient.go:135.2,136.12 2 0
github.com/k8snetworkplumbingwg/sriov-network-device-plugin/pkg/deviceconfig/deviceConfigClient.go:139.69,144.9 4 0
github.com/k8snetworkplumbingwg/sriov-network-device-plugin/pkg/deviceconfig/deviceConfigClient.go:144.9,146.17 2 0
github.com/k8snetworkplumbingwg/sriov-network-device-plugin/pkg/deviceconfig/deviceConfigClient.go:146.17,148.4 1 0
github.com/k8snetworkplumbingwg/sriov-network-device-plugin/pkg/deviceconfig/deviceConfigClient.go:149.3,150.46 2 0
github.com/k8snetworkplumbingwg/sriov-network-device-plugin/pkg/deviceconfig/deviceConfigClient.go:152.2,152.9 1 0
github.com/k8snetworkplumbingwg/sriov-network-device-plugin/pkg/deviceconfig/deviceConfigClient.go:152.9,155.3 2 0
github.com/k8snetworkplumbingwg/sriov-network-device-plugin/pkg/deviceconfig/deviceConfigClient.go:156.2,156.22 1 0
github.com/k8snetworkplumbingwg/sriov-network-device-plugin/pkg/deviceconfig/deviceConfigClient.go:159.101,165.2 4 0
github.com/k8snetworkplumbingwg/sriov-network-device-plugin/pkg/deviceconfig/deviceConfigClient.go:167.72,183.35 3 0
github.com/k8snetworkplumbingwg/sriov-network-device-plugin/pkg/deviceconfig/deviceConfigClient.go:183.35,186.3 2 0
github.com/k8snetworkplumbingwg/sriov-network-device-plugin/pkg/deviceconfig/deviceConfigClient.go:186.8,188.3 1 0
github.com/k8snetworkplumbingwg/sriov-network-device-plugin/pkg/deviceconfig/deviceConfigClient.go:190.2,191.16 2 0
github.com/k8snetworkplumbingwg/sriov-network-device-plugin/pkg/deviceconfig/deviceConfigClient.go:191.16,195.3 3 0
github.com/k8snetworkplumbingwg/sriov-network-device-plugin/pkg/deviceconfig/deviceConfigClient.go:196.2,198.16 3 0
github.com/k8snetworkplumbingwg/sriov-network-device-plugin/pkg/deviceconfig/deviceConfigClient.go:198.16,202.3 3 0
github.com/k8snetworkplumbingwg/sriov-network-device-plugin/pkg/deviceconfig/deviceConfigClient.go:204.2,204.31 1 0
github.com/k8snetworkplumbingwg/sriov-network-device-plugin/pkg/deviceconfig/deviceConfigClient.go:204.31,205.31 1 0
github.com/k8snetworkplumbingwg/sriov-network-device-plugin/pkg/deviceconfig/deviceConfigClient.go:205.31,207.4 1 0
github.com/k8snetworkplumbingwg/sriov-network-device-plugin/pkg/deviceconfig/deviceConfigClient.go:209.2,210.20 2 0
github.com/k8snetworkplumbingwg/sriov-network-device-plugin/pkg/deviceconfig/deviceConfigHandler.go:21.46,26.2 2 1
github.com/k8snetworkplumbingwg/sriov-network-device-plugin/pkg/deviceconfig/deviceConfigHandler.go:28.74,31.2 2 1
github.com/k8snetworkplumbingwg/sriov-network-device-plugin/pkg/deviceconfig/deviceConfigHandler.go:33.69,35.36 2 0
github.com/k8snetworkplumbingwg/sriov-network-device-plugin/pkg/deviceconfig/deviceConfigHandler.go:35.36,37.17 2 0
github.com/k8snetworkplumbingwg/sriov-network-device-plugin/pkg/deviceconfig/deviceConfigHandler.go:37.17,39.4 1 0
github.com/k8snetworkplumbingwg/sriov-network-device-plugin/pkg/deviceconfig/deviceConfigHandler.go:41.2,41.12 1 0
github.com/k8snetworkplumbingwg/sriov-network-device-plugin/pkg/deviceconfig/deviceConfigHandler.go:44.55,46.36 2 0
github.com/k8snetworkplumbingwg/sriov-network-device-plugin/pkg/deviceconfig/deviceConfigHandler.go:46.36,48.17 2 0
github.com/k8snetworkplumbingwg/sriov-network-device-plugin/pkg/deviceconfig/deviceConfigHandler.go:48.17,50.4 1 0
github.com/k8snetworkplumbingwg/sriov-network-device-plugin/pkg/deviceconfig/deviceConfigHandler.go:52.2,52.12 1 0
github.com/k8snetworkplumbingwg/sriov-network-device-plugin/pkg/exporter/netDeviceHealth.go:34.40,36.2 1 0
github.com/k8snetworkplumbingwg/sriov-network-device-plugin/pkg/exporter/netDeviceHealth.go:40.94,43.16 3 0
github.com/k8snetworkplumbingwg/sriov-network-device-plugin/pkg/exporter/netDeviceHealth.go:43.16,45.3 1 0
github.com/k8snetworkplumbingwg/sriov-network-device-plugin/pkg/exporter/netDeviceHealth.go:47.2,47.33 1 0
github.com/k8snetworkplumbingwg/sriov-network-device-plugin/pkg/exporter/netDeviceHealth.go:47.33,48.20 1 0
github.com/k8snetworkplumbingwg/sriov-network-device-plugin/pkg/exporter/netDeviceHealth.go:48.20,50.4 1 0
github.com/k8snetworkplumbingwg/sriov-network-device-plugin/pkg/exporter/netDeviceHealth.go:50.9,52.58 1 0
github.com/k8snetworkplumbingwg/sriov-network-device-plugin/pkg/exporter/netDeviceHealth.go:52.58,54.5 1 0
github.com/k8snetworkplumbingwg/sriov-network-device-plugin/pkg/exporter/netDeviceHealth.go:54.10,56.5 1 0
github.com/k8snetworkplumbingwg/sriov-network-device-plugin/pkg/exporter/netDeviceHealth.go:62.34,65.20 3 0
github.com/k8snetworkplumbingwg/sriov-network-device-plugin/pkg/exporter/netDeviceHealth.go:65.20,67.41 2 0
github.com/k8snetworkplumbingwg/sriov-network-device-plugin/pkg/exporter/netDeviceHealth.go:67.41,69.4 1 0
github.com/k8snetworkplumbingwg/sriov-network-device-plugin/pkg/exporter/netDeviceHealth.go:70.3,71.18 2 0
github.com/k8snetworkplumbingwg/sriov-network-device-plugin/pkg/exporter/netDeviceHealth.go:77.89,81.40 3 0
github.com/k8snetworkplumbingwg/sriov-network-device-plugin/pkg/exporter/netDeviceHealth.go:81.40,83.38 2 0
github.com/k8snetworkplumbingwg/sriov-network-device-plugin/pkg/exporter/netDeviceHealth.go:83.38,85.4 1 0
github.com/k8snetworkplumbingwg/sriov-network-device-plugin/pkg/exporter/netDeviceHealth.go:87.2,87.23 1 0
github.com/k8snetworkplumbingwg/sriov-network-device-plugin/pkg/exporter/netDeviceHealth.go:92.42,93.49 1 0
github.com/k8snetworkplumbingwg/sriov-network-device-plugin/pkg/exporter/netDeviceHealth.go:93.49,95.3 1 0
github.com/k8snetworkplumbingwg/sriov-network-device-plugin/pkg/exporter/netDeviceHealth.go:96.2,99.20 2 0
github.com/k8snetworkplumbingwg/sriov-network-device-plugin/pkg/exporter/netDeviceHealth.go:99.20,101.41 2 0
github.com/k8snetworkplumbingwg/sriov-network-device-plugin/pkg/exporter/netDeviceHealth.go:101.41,103.4 1 0
github.com/k8snetworkplumbingwg/sriov-network-device-plugin/pkg/exporter/netDeviceHealth.go:104.3,105.18 2 0
github.com/k8snetworkplumbingwg/sriov-network-device-plugin/pkg/exporter/netDeviceHealth.go:108.2,110.16 2 0
github.com/k8snetworkplumbingwg/sriov-network-device-plugin/pkg/exporter/netDeviceHealth.go:110.16,112.3 1 0
github.com/k8snetworkplumbingwg/sriov-network-device-plugin/pkg/exporter/netDeviceHealth.go:114.2,119.12 5 0
github.com/k8snetworkplumbingwg/sriov-network-device-plugin/pkg/exporter/netDeviceHealth.go:124.77,125.34 1 0
github.com/k8snetworkplumbingwg/sriov-network-device-plugin/pkg/exporter/netDeviceHealth.go:125.34,127.17 2 0
github.com/k8snetworkplumbingwg/sriov-network-device-plugin/pkg/exporter/netDeviceHealth.go:127.17,130.12 3 0
github.com/k8snetworkplumbingwg/sriov-network-device-plugin/pkg/exporter/netDeviceHealth.go:133.3,134.20 2 0
github.com/k8snetworkplumbingwg/sriov-network-device-plugin/pkg/exporter/netDeviceHealth.go:134.20,137.22 3 0
github.com/k8snetworkplumbingwg/sriov-network-device-plugin/pkg/exporter/netDeviceHealth.go:137.22,140.5 2 0
github.com/k8snetworkplumbingwg/sriov-network-device-plugin/pkg/exporter/netDeviceHealth.go:141.4,146.12 5 0
github.com/k8snetworkplumbingwg/sriov-network-device-plugin/pkg/exporter/netDeviceHealth.go:150.3,151.37 2 0
github.com/k8snetworkplumbingwg/sriov-network-device-plugin/pkg/exporter/netDeviceHealth.go:151.37,152.73 1 0
github.com/k8snetworkplumbingwg/sriov-network-device-plugin/pkg/exporter/netDeviceHealth.go:152.73,154.5 1 0
github.com/k8snetworkplumbingwg/sriov-network-device-plugin/pkg/exporter/netDeviceHealth.go:154.10,156.5 1 0
github.com/k8snetworkplumbingwg/sriov-network-device-plugin/pkg/exporter/netDeviceHealth.go:158.3,158.19 1 0
github.com/k8snetworkplumbingwg/sriov-network-device-plugin/pkg/exporter/netDeviceHealth.go:161.2,161.82 1 0
github.com/k8snetworkplumbingwg/sriov-network-device-plugin/pkg/exporter/nicmetricssvc/nicmetricssvc.pb.go:68.32,72.2 3 0
github.com/k8snetworkplumbingwg/sriov-network-device-plugin/pkg/exporter/nicmetricssvc/nicmetricssvc.pb.go:74.33,76.2 1 0
github.com/k8snetworkplumbingwg/sriov-network-device-plugin/pkg/exporter/nicmetricssvc/nicmetricssvc.pb.go:78.56,80.2 1 0
github.com/k8snetworkplumbingwg/sriov-network-device-plugin/pkg/exporter/nicmetricssvc/nicmetricssvc.pb.go:82.44,84.2 1 0
github.com/k8snetworkplumbingwg/sriov-network-device-plugin/pkg/exporter/nicmetricssvc/nicmetricssvc.pb.go:86.50,88.2 1 0
github.com/k8snetworkplumbingwg/sriov-network-device-plugin/pkg/exporter/nicmetricssvc/nicmetricssvc.pb.go:91.48,93.2 1 0
github.com/k8snetworkplumbingwg/sriov-network-device-plugin/pkg/exporter/nicmetricssvc/nicmetricssvc.pb.go:106.28,108.29 2 0
github.com/k8snetworkplumbingwg/sriov-network-device-plugin/pkg/exporter/nicmetricssvc/nicmetricssvc.pb.go:108.29,112.3 3 0
github.com/k8snetworkplumbingwg/sriov-network-device-plugin/pkg/exporter/nicmetricssvc/nicmetricssvc.pb.go:115.36,117.2 1 0
github.com/k8snetworkplumbingwg/sriov-network-device-plugin/pkg/exporter/nicmetricssvc/nicmetricssvc.pb.go:119.34,119.35 0 0
github.com/k8snetworkplumbingwg/sriov-network-device-plugin/pkg/exporter/nicmetricssvc/nicmetricssvc.pb.go:121.56,123.41 2 0
github.com/k8snetworkplumbingwg/sriov-network-device-plugin/pkg/exporter/nicmetricssvc/nicmetricssvc.pb.go:123.41,125.34 2 0
github.com/k8snetworkplumbingwg/sriov-network-device-plugin/pkg/exporter/nicmetricssvc/nicmetricssvc.pb.go:125.34,127.4 1 0
github.com/k8snetworkplumbingwg/sriov-network-device-plugin/pkg/exporter/nicmetricssvc/nicmetricssvc.pb.go:128.3,128.12 1 0
github.com/k8snetworkplumbingwg/sriov-network-device-plugin/pkg/exporter/nicmetricssvc/nicmetricssvc.pb.go:130.2,130.24 1 0
github.com/k8snetworkplumbingwg/sriov-network-device-plugin/pkg/exporter/nicmetricssvc/nicmetricssvc.pb.go:134.47,136.2 1 0
github.com/k8snetworkplumbingwg/sriov-network-device-plugin/pkg/exporter/nicmetricssvc/nicmetricssvc.pb.go:138.39,139.14 1 0
github.com/k8snetworkplumbingwg/sriov-network-device-plugin/pkg/exporter/nicmetricssvc/nicmetricssvc.pb.go:139.14,141.3 1 0
github.com/k8snetworkplumbingwg/sriov-network-device-plugin/pkg/exporter/nicmetricssvc/nicmetricssvc.pb.go:142.2,142.11 1 0
github.com/k8snetworkplumbingwg/sriov-network-device-plugin/pkg/exporter/nicmetricssvc/nicmetricssvc.pb.go:145.39,146.14 1 0
github.com/k8snetworkplumbingwg/sriov-network-device-plugin/pkg/exporter/nicmetricssvc/nicmetricssvc.pb.go:146.14,148.3 1 0
github.com/k8snetworkplumbingwg/sriov-network-device-plugin/pkg/exporter/nicmetricssvc/nicmetricssvc.pb.go:149.2,149.11 1 0
github.com/k8snetworkplumbingwg/sriov-network-device-plugin/pkg/exporter/nicmetricssvc/nicmetricssvc.pb.go:161.36,163.29 2 0
github.com/k8snetworkplumbingwg/sriov-network-device-plugin/pkg/exporter/nicmetricssvc/nicmetricssvc.pb.go:163.29,167.3 3 0
github.com/k8snetworkplumbingwg/sriov-network-device-plugin/pkg/exporter/nicmetricssvc/nicmetricssvc.pb.go:170.44,172.2 1 0
github.com/k8snetworkplumbingwg/sriov-network-device-plugin/pkg/exporter/nicmetricssvc/nicmetricssvc.pb.go:174.42,174.43 0 0
github.com/k8snetworkplumbingwg/sriov-network-device-plugin/pkg/exporter/nicmetricssvc/nicmetricssvc.pb.go:176.64,178.41 2 0
github.com/k8snetworkplumbingwg/sriov-network-device-plugin/pkg/exporter/nicmetricssvc/nicmetricssvc.pb.go:178.41,180.34 2 0
github.com/k8snetworkplumbingwg/sriov-network-device-plugin/pkg/exporter/nicmetricssvc/nicmetricssvc.pb.go:180.34,182.4 1 0
github.com/k8snetworkplumbingwg/sriov-network-device-plugin/pkg/exporter/nicmetricssvc/nicmetricssvc.pb.go:183.3,183.12 1 0
github.com/k8snetworkplumbingwg/sriov-network-device-plugin/pkg/exporter/nicmetricssvc/nicmetricssvc.pb.go:185.2,185.24 1 0
github.com/k8snetworkplumbingwg/sriov-network-device-plugin/pkg/exporter/nicmetricssvc/nicmetricssvc.pb.go:189.55,191.2 1 0
github.com/k8snetworkplumbingwg/sriov-network-device-plugin/pkg/exporter/nicmetricssvc/nicmetricssvc.pb.go:193.54,194.14 1 0
github.com/k8snetworkplumbingwg/sriov-network-device-plugin/pkg/exporter/nicmetricssvc/nicmetricssvc.pb.go:194.14,196.3 1 0
github.com/k8snetworkplumbingwg/sriov-network-device-plugin/pkg/exporter/nicmetricssvc/nicmetricssvc.pb.go:197.2,197.12 1 0
github.com/k8snetworkplumbingwg/sriov-network-device-plugin/pkg/exporter/nicmetricssvc/nicmetricssvc.pb.go:233.52,234.49 1 0
github.com/k8snetworkplumbingwg/sriov-network-device-plugin/pkg/exporter/nicmetricssvc/nicmetricssvc.pb.go:234.49,236.3 1 0
github.com/k8snetworkplumbingwg/sriov-network-device-plugin/pkg/exporter/nicmetricssvc/nicmetricssvc.pb.go:237.2,237.45 1 0
github.com/k8snetworkplumbingwg/sriov-network-device-plugin/pkg/exporter/nicmetricssvc/nicmetricssvc.pb.go:259.13,259.48 1 1
github.com/k8snetworkplumbingwg/sriov-network-device-plugin/pkg/exporter/nicmetricssvc/nicmetricssvc.pb.go:260.38,261.37 1 1
github.com/k8snetworkplumbingwg/sriov-network-device-plugin/pkg/exporter/nicmetricssvc/nicmetricssvc.pb.go:261.37,263.3 1 0
github.com/k8snetworkplumbingwg/sriov-network-device-plugin/pkg/exporter/nicmetricssvc/nicmetricssvc.pb.go:264.2,264.30 1 1
github.com/k8snetworkplumbingwg/sriov-network-device-plugin/pkg/exporter/nicmetricssvc/nicmetricssvc.pb.go:264.30,265.74 1 0
github.com/k8snetworkplumbingwg/sriov-network-device-plugin/pkg/exporter/nicmetricssvc/nicmetricssvc.pb.go:265.74,266.33 1 0
github.com/k8snetworkplumbingwg/sriov-network-device-plugin/pkg/exporter/nicmetricssvc/nicmetricssvc.pb.go:267.11,268.20 1 0
github.com/k8snetworkplumbingwg/sriov-network-device-plugin/pkg/exporter/nicmetricssvc/nicmetricssvc.pb.go:269.11,270.24 1 0
github.com/k8snetworkplumbingwg/sriov-network-device-plugin/pkg/exporter/nicmetricssvc/nicmetricssvc.pb.go:271.11,272.28 1 0
github.com/k8snetworkplumbingwg/sriov-network-device-plugin/pkg/exporter/nicmetricssvc/nicmetricssvc.pb.go:273.12,274.15 1 0
github.com/k8snetworkplumbingwg/sriov-network-device-plugin/pkg/exporter/nicmetricssvc/nicmetricssvc.pb.go:277.3,277.74 1 0
github.com/k8snetworkplumbingwg/sriov-network-device-plugin/pkg/exporter/nicmetricssvc/nicmetricssvc.pb.go:277.74,278.41 1 0
github.com/k8snetworkplumbingwg/sriov-network-device-plugin/pkg/exporter/nicmetricssvc/nicmetricssvc.pb.go:279.11,280.20 1 0
github.com/k8snetworkplumbingwg/sriov-network-device-plugin/pkg/exporter/nicmetricssvc/nicmetricssvc.pb.go:281.11,282.24 1 0
github.com/k8snetworkplumbingwg/sriov-network-device-plugin/pkg/exporter/nicmetricssvc/nicmetricssvc.pb.go:283.11,284.28 1 0
github.com/k8snetworkplumbingwg/sriov-network-device-plugin/pkg/exporter/nicmetricssvc/nicmetricssvc.pb.go:285.12,286.15 1 0
github.com/k8snetworkplumbingwg/sriov-network-device-plugin/pkg/exporter/nicmetricssvc/nicmetricssvc.pb.go:290.2,308.40 6 1
github.com/k8snetworkplumbingwg/sriov-network-device-plugin/pkg/exporter/nicmetricssvc/nicmetricssvc_grpc.pb.go:60.80,62.2 1 0
github.com/k8snetworkplumbingwg/sriov-network-device-plugin/pkg/exporter/nicmetricssvc/nicmetricssvc_grpc.pb.go:64.127,68.16 4 0
github.com/k8snetworkplumbingwg/sriov-network-device-plugin/pkg/exporter/nicmetricssvc/nicmetricssvc_grpc.pb.go:68.16,70.3 1 0
github.com/k8snetworkplumbingwg/sriov-network-device-plugin/pkg/exporter/nicmetricssvc/nicmetricssvc_grpc.pb.go:71.2,71.17 1 0
github.com/k8snetworkplumbingwg/sriov-network-device-plugin/pkg/exporter/nicmetricssvc/nicmetricssvc_grpc.pb.go:90.105,92.2 1 0
github.com/k8snetworkplumbingwg/sriov-network-device-plugin/pkg/exporter/nicmetricssvc/nicmetricssvc_grpc.pb.go:93.88,93.89 0 0
github.com/k8snetworkplumbingwg/sriov-network-device-plugin/pkg/exporter/nicmetricssvc/nicmetricssvc_grpc.pb.go:94.88,94.89 0 0
github.com/k8snetworkplumbingwg/sriov-network-device-plugin/pkg/exporter/nicmetricssvc/nicmetricssvc_grpc.pb.go:103.86,108.59 1 0
github.com/k8snetworkplumbingwg/sriov-network-device-plugin/pkg/exporter/nicmetricssvc/nicmetricssvc_grpc.pb.go:108.59,110.3 1 0
github.com/k8snetworkplumbingwg/sriov-network-device-plugin/pkg/exporter/nicmetricssvc/nicmetricssvc_grpc.pb.go:111.2,111.53 1 0
github.com/k8snetworkplumbingwg/sriov-network-device-plugin/pkg/exporter/nicmetricssvc/nicmetricssvc_grpc.pb.go:114.164,116.32 2 0
github.com/k8snetworkplumbingwg/sriov-network-device-plugin/pkg/exporter/nicmetricssvc/nicmetricssvc_grpc.pb.go:116.32,118.3 1 0
github.com/k8snetworkplumbingwg/sriov-network-device-plugin/pkg/exporter/nicmetricssvc/nicmetricssvc_grpc.pb.go:119.2,119.24 1 0
github.com/k8snetworkplumbingwg/sriov-network-device-plugin/pkg/exporter/nicmetricssvc/nicmetricssvc_grpc.pb.go:119.24,121.3 1 0
github.com/k8snetworkplumbingwg/sriov-network-device-plugin/pkg/exporter/nicmetricssvc/nicmetricssvc_grpc.pb.go:122.2,126.77 2 0
github.com/k8snetworkplumbingwg/sriov-network-device-plugin/pkg/exporter/nicmetricssvc/nicmetricssvc_grpc.pb.go:126.77,128.3 1 0
github.com/k8snetworkplumbingwg/sriov-network-device-plugin/pkg/exporter/nicmetricssvc/nicmetricssvc_grpc.pb.go:129.2,129.44 1 0
github.com/k8snetworkplumbingwg/sriov-network-device-plugin/pkg/factory/factory.go:40.96,41.21 1 31
github.com/k8snetworkplumbingwg/sriov-network-device-plugin/pkg/factory/factory.go:41.21,48.3 1 31
github.com/k8snetworkplumbingwg/sriov-network-device-plugin/pkg/factory/factory.go:49.2,49.17 1 0
github.com/k8snetworkplumbingwg/sriov-network-device-plugin/pkg/factory/factory.go:53.99,54.15 1 2
github.com/k8snetworkplumbingwg/sriov-network-device-plugin/pkg/factory/factory.go:54.15,56.69 2 1
github.com/k8snetworkplumbingwg/sriov-network-device-plugin/pkg/factory/factory.go:56.69,58.4 1 1
github.com/k8snetworkplumbingwg/sriov-network-device-plugin/pkg/factory/factory.go:59.3,59.100 1 1
github.com/k8snetworkplumbingwg/sriov-network-device-plugin/pkg/factory/factory.go:61.2,61.71 1 1
github.com/k8snetworkplumbingwg/sriov-network-device-plugin/pkg/factory/factory.go:65.100,68.14 2 4
github.com/k8snetworkplumbingwg/sriov-network-device-plugin/pkg/factory/factory.go:69.18,70.103 1 1
github.com/k8snetworkplumbingwg/sriov-network-device-plugin/pkg/factory/factory.go:71.24,72.102 1 2
github.com/k8snetworkplumbingwg/sriov-network-device-plugin/pkg/factory/factory.go:74.2,74.32 1 4
github.com/k8snetworkplumbingwg/sriov-network-device-plugin/pkg/factory/factory.go:78.100,79.14 1 82
github.com/k8snetworkplumbingwg/sriov-network-device-plugin/pkg/factory/factory.go:80.17,81.50 1 9
github.com/k8snetworkplumbingwg/sriov-network-device-plugin/pkg/factory/factory.go:82.17,83.50 1 9
github.com/k8snetworkplumbingwg/sriov-network-device-plugin/pkg/factory/factory.go:84.17,85.50 1 9
github.com/k8snetworkplumbingwg/sriov-network-device-plugin/pkg/factory/factory.go:86.22,87.54 1 9
github.com/k8snetworkplumbingwg/sriov-network-device-plugin/pkg/factory/factory.go:88.17,89.50 1 9
github.com/k8snetworkplumbingwg/sriov-network-device-plugin/pkg/factory/factory.go:90.21,91.54 1 9
github.com/k8snetworkplumbingwg/sriov-network-device-plugin/pkg/factory/factory.go:92.19,93.52 1 9
github.com/k8snetworkplumbingwg/sriov-network-device-plugin/pkg/factory/factory.go:94.21,95.53 1 0
github.com/k8snetworkplumbingwg/sriov-network-device-plugin/pkg/factory/factory.go:96.21,97.47 1 9
github.com/k8snetworkplumbingwg/sriov-network-device-plugin/pkg/factory/factory.go:98.18,99.51 1 0
github.com/k8snetworkplumbingwg/sriov-network-device-plugin/pkg/factory/factory.go:100.15,101.48 1 9
github.com/k8snetworkplumbingwg/sriov-network-device-plugin/pkg/factory/factory.go:102.10,103.70 1 1
github.com/k8snetworkplumbingwg/sriov-network-device-plugin/pkg/factory/factory.go:107.138,108.21 1 80
github.com/k8snetworkplumbingwg/sriov-network-device-plugin/pkg/factory/factory.go:108.21,109.72 1 72
github.com/k8snetworkplumbingwg/sriov-network-device-plugin/pkg/factory/factory.go:109.72,111.4 1 72
github.com/k8snetworkplumbingwg/sriov-network-device-plugin/pkg/factory/factory.go:113.2,113.24 1 8
github.com/k8snetworkplumbingwg/sriov-network-device-plugin/pkg/factory/factory.go:117.133,119.37 2 9
github.com/k8snetworkplumbingwg/sriov-network-device-plugin/pkg/factory/factory.go:119.37,127.3 3 14
github.com/k8snetworkplumbingwg/sriov-network-device-plugin/pkg/factory/factory.go:129.2,131.23 3 9
github.com/k8snetworkplumbingwg/sriov-network-device-plugin/pkg/factory/factory.go:132.27,133.30 1 9
github.com/k8snetworkplumbingwg/sriov-network-device-plugin/pkg/factory/factory.go:133.30,134.59 1 7
github.com/k8snetworkplumbingwg/sriov-network-device-plugin/pkg/factory/factory.go:134.59,137.5 2 7
github.com/k8snetworkplumbingwg/sriov-network-device-plugin/pkg/factory/factory.go:137.10,139.5 1 0
github.com/k8snetworkplumbingwg/sriov-network-device-plugin/pkg/factory/factory.go:141.10,142.88 1 0
github.com/k8snetworkplumbingwg/sriov-network-device-plugin/pkg/factory/factory.go:144.2,144.19 1 9
github.com/k8snetworkplumbingwg/sriov-network-device-plugin/pkg/factory/factory.go:147.93,149.2 1 1
github.com/k8snetworkplumbingwg/sriov-network-device-plugin/pkg/factory/factory.go:151.75,153.2 1 0
github.com/k8snetworkplumbingwg/sriov-network-device-plugin/pkg/factory/factory.go:156.88,157.12 1 9
github.com/k8snetworkplumbingwg/sriov-network-device-plugin/pkg/factory/factory.go:158.27,159.44 1 8
github.com/k8snetworkplumbingwg/sriov-network-device-plugin/pkg/factory/factory.go:160.10,161.13 1 1
github.com/k8snetworkplumbingwg/sriov-network-device-plugin/pkg/factory/factory.go:169.43,172.65 2 9
github.com/k8snetworkplumbingwg/sriov-network-device-plugin/pkg/factory/factory.go:172.65,173.62 1 5
github.com/k8snetworkplumbingwg/sriov-network-device-plugin/pkg/factory/factory.go:173.62,175.4 1 1
github.com/k8snetworkplumbingwg/sriov-network-device-plugin/pkg/factory/factory.go:176.3,176.22 1 4
github.com/k8snetworkplumbingwg/sriov-network-device-plugin/pkg/factory/factory.go:176.22,178.4 1 0
github.com/k8snetworkplumbingwg/sriov-network-device-plugin/pkg/factory/factory.go:181.2,183.23 3 8
github.com/k8snetworkplumbingwg/sriov-network-device-plugin/pkg/factory/factory.go:183.23,185.3 1 9
github.com/k8snetworkplumbingwg/sriov-network-device-plugin/pkg/factory/factory.go:187.2,187.28 1 8
github.com/k8snetworkplumbingwg/sriov-network-device-plugin/pkg/factory/factory.go:192.93,193.23 1 10
github.com/k8snetworkplumbingwg/sriov-network-device-plugin/pkg/factory/factory.go:194.27,195.58 1 9
github.com/k8snetworkplumbingwg/sriov-network-device-plugin/pkg/factory/factory.go:196.10,197.93 1 1
github.com/k8snetworkplumbingwg/sriov-network-device-plugin/pkg/factory/factory.go:202.57,204.2 1 7
github.com/k8snetworkplumbingwg/sriov-network-device-plugin/pkg/deviceconfig/deviceConfigClient.go:30.44,35.2 2 0
github.com/k8snetworkplumbingwg/sriov-network-device-plugin/pkg/deviceconfig/deviceConfigClient.go:37.41,41.16 4 0
github.com/k8snetworkplumbingwg/sriov-network-device-plugin/pkg/deviceconfig/deviceConfigClient.go:41.16,44.3 2 0
github.com/k8snetworkplumbingwg/sriov-network-device-plugin/pkg/deviceconfig/deviceConfigClient.go:45.2,46.12 2 0
github.com/k8snetworkplumbingwg/sriov-network-device-plugin/pkg/deviceconfig/deviceConfigClient.go:49.25,52.16 2 1
github.com/k8snetworkplumbingwg/sriov-network-device-plugin/pkg/deviceconfig/deviceConfigClient.go:52.16,55.3 2 0
github.com/k8snetworkplumbingwg/sriov-network-device-plugin/pkg/deviceconfig/deviceConfigClient.go:56.2,57.16 2 1
github.com/k8snetworkplumbingwg/sriov-network-device-plugin/pkg/deviceconfig/deviceConfigClient.go:57.16,60.3 2 0
github.com/k8snetworkplumbingwg/sriov-network-device-plugin/pkg/deviceconfig/deviceConfigClient.go:61.2,61.27 1 1
github.com/k8snetworkplumbingwg/sriov-network-device-plugin/pkg/deviceconfig/deviceConfigClient.go:61.27,62.34 1 1
github.com/k8snetworkplumbingwg/sriov-network-device-plugin/pkg/deviceconfig/deviceConfigClient.go:62.34,63.33 1 53
github.com/k8snetworkplumbingwg/sriov-network-device-plugin/pkg/deviceconfig/deviceConfigClient.go:63.33,66.5 2 1
github.com/k8snetworkplumbingwg/sriov-network-device-plugin/pkg/deviceconfig/deviceConfigClient.go:69.2,70.13 2 0
github.com/k8snetworkplumbingwg/sriov-network-device-plugin/pkg/deviceconfig/deviceConfigClient.go:73.38,74.61 1 0
github.com/k8snetworkplumbingwg/sriov-network-device-plugin/pkg/deviceconfig/deviceConfigClient.go:74.61,77.3 2 0
github.com/k8snetworkplumbingwg/sriov-network-device-plugin/pkg/deviceconfig/deviceConfigClient.go:78.2,78.13 1 0
github.com/k8snetworkplumbingwg/sriov-network-device-plugin/pkg/deviceconfig/deviceConfigClient.go:81.59,84.2 1 0
github.com/k8snetworkplumbingwg/sriov-network-device-plugin/pkg/deviceconfig/deviceConfigClient.go:86.75,88.35 2 0
github.com/k8snetworkplumbingwg/sriov-network-device-plugin/pkg/deviceconfig/deviceConfigClient.go:88.35,91.3 2 0
github.com/k8snetworkplumbingwg/sriov-network-device-plugin/pkg/deviceconfig/deviceConfigClient.go:92.2,94.31 3 0
github.com/k8snetworkplumbingwg/sriov-network-device-plugin/pkg/deviceconfig/deviceConfigClient.go:94.31,96.43 2 0
github.com/k8snetworkplumbingwg/sriov-network-device-plugin/pkg/deviceconfig/deviceConfigClient.go:96.43,98.51 2 0
github.com/k8snetworkplumbingwg/sriov-network-device-plugin/pkg/deviceconfig/deviceConfigClient.go:98.51,101.5 2 0
github.com/k8snetworkplumbingwg/sriov-network-device-plugin/pkg/deviceconfig/deviceConfigClient.go:104.2,105.18 2 0
github.com/k8snetworkplumbingwg/sriov-network-device-plugin/pkg/deviceconfig/deviceConfigClient.go:105.18,107.3 1 0
github.com/k8snetworkplumbingwg/sriov-network-device-plugin/pkg/deviceconfig/deviceConfigClient.go:108.2,108.12 1 0
github.com/k8snetworkplumbingwg/sriov-network-device-plugin/pkg/deviceconfig/deviceConfigClient.go:111.63,113.16 2 0
github.com/k8snetworkplumbingwg/sriov-network-device-plugin/pkg/deviceconfig/deviceConfigClient.go:113.16,115.3 1 0
github.com/k8snetworkplumbingwg/sriov-network-device-plugin/pkg/deviceconfig/deviceConfigClient.go:117.2,120.16 4 0
github.com/k8snetworkplumbingwg/sriov-network-device-plugin/pkg/deviceconfig/deviceConfigClient.go:120.16,124.3 3 0
github.com/k8snetworkplumbingwg/sriov-network-device-plugin/pkg/deviceconfig/deviceConfigClient.go:126.2,130.40 5 0
github.com/k8snetworkplumbingwg/sriov-network-device-plugin/pkg/deviceconfig/deviceConfigClient.go:130.40,134.3 3 0
github.com/k8snetworkplumbingwg/sriov-network-device-plugin/pkg/deviceconfig/deviceConfigClient.go:135.2,136.12 2 0
github.com/k8snetworkplumbingwg/sriov-network-device-plugin/pkg/deviceconfig/deviceConfigClient.go:139.69,144.9 4 0
github.com/k8snetworkplumbingwg/sriov-network-device-plugin/pkg/deviceconfig/deviceConfigClient.go:144.9,146.17 2 0
github.com/k8snetworkplumbingwg/sriov-network-device-plugin/pkg/deviceconfig/deviceConfigClient.go:146.17,148.4 1 0
github.com/k8snetworkplumbingwg/sriov-network-device-plugin/pkg/deviceconfig/deviceConfigClient.go:149.3,150.46 2 0
github.com/k8snetworkplumbingwg/sriov-network-device-plugin/pkg/deviceconfig/deviceConfigClient.go:152.2,152.9 1 0
github.com/k8snetworkplumbingwg/sriov-network-device-plugin/pkg/deviceconfig/deviceConfigClient.go:152.9,155.3 2 0
github.com/k8snetworkplumbingwg/sriov-network-device-plugin/pkg/deviceconfig/deviceConfigClient.go:156.2,156.22 1 0
github.com/k8snetworkplumbingwg/sriov-network-device-plugin/pkg/deviceconfig/deviceConfigClient.go:159.101,165.2 4 0
github.com/k8snetworkplumbingwg/sriov-network-device-plugin/pkg/deviceconfig/deviceConfigClient.go:167.72,183.35 3 0
github.com/k8snetworkplumbingwg/sriov-network-device-plugin/pkg/deviceconfig/deviceConfigClient.go:183.35,186.3 2 0
github.com/k8snetworkplumbingwg/sriov-network-device-plugin/pkg/deviceconfig/deviceConfigClient.go:186.8,188.3 1 0
github.com/k8snetworkplumbingwg/sriov-network-device-plugin/pkg/deviceconfig/deviceConfigClient.go:190.2,191.16 2 0
github.com/k8snetworkplumbingwg/sriov-network-device-plugin/pkg/deviceconfig/deviceConfigClient.go:191.16,195.3 3 0
github.com/k8snetworkplumbingwg/sriov-network-device-plugin/pkg/deviceconfig/deviceConfigClient.go:196.2,198.16 3 0
github.com/k8snetworkplumbingwg/sriov-network-device-plugin/pkg/deviceconfig/deviceConfigClient.go:198.16,202.3 3 0
github.com/k8snetworkplumbingwg/sriov-network-device-plugin/pkg/deviceconfig/deviceConfigClient.go:204.2,204.31 1 0
github.com/k8snetworkplumbingwg/sriov-network-device-plugin/pkg/deviceconfig/deviceConfigClient.go:204.31,205.31 1 0
github.com/k8snetworkplumbingwg/sriov-network-device-plugin/pkg/deviceconfig/deviceConfigClient.go:205.31,207.4 1 0
github.com/k8snetworkplumbingwg/sriov-network-device-plugin/pkg/deviceconfig/deviceConfigClient.go:209.2,210.20 2 0
github.com/k8snetworkplumbingwg/sriov-network-device-plugin/pkg/deviceconfig/deviceConfigHandler.go:21.46,26.2 2 0
github.com/k8snetworkplumbingwg/sriov-network-device-plugin/pkg/deviceconfig/deviceConfigHandler.go:28.74,31.2 2 0
github.com/k8snetworkplumbingwg/sriov-network-device-plugin/pkg/deviceconfig/deviceConfigHandler.go:33.69,35.36 2 0
github.com/k8snetworkplumbingwg/sriov-network-device-plugin/pkg/deviceconfig/deviceConfigHandler.go:35.36,37.17 2 0
github.com/k8snetworkplumbingwg/sriov-network-device-plugin/pkg/deviceconfig/deviceConfigHandler.go:37.17,39.4 1 0
github.com/k8snetworkplumbingwg/sriov-network-device-plugin/pkg/deviceconfig/deviceConfigHandler.go:41.2,41.12 1 0
github.com/k8snetworkplumbingwg/sriov-network-device-plugin/pkg/deviceconfig/deviceConfigHandler.go:44.55,46.36 2 0
github.com/k8snetworkplumbingwg/sriov-network-device-plugin/pkg/deviceconfig/deviceConfigHandler.go:46.36,48.17 2 0
github.com/k8snetworkplumbingwg/sriov-network-device-plugin/pkg/deviceconfig/deviceConfigHandler.go:48.17,50.4 1 0
github.com/k8snetworkplumbingwg/sriov-network-device-plugin/pkg/deviceconfig/deviceConfigHandler.go:52.2,52.12 1 0
github.com/k8snetworkplumbingwg/sriov-network-device-plugin/pkg/exporter/netDeviceHealth.go:34.40,36.2 1 0
github.com/k8snetworkplumbingwg/sriov-network-device-plugin/pkg/exporter/netDeviceHealth.go:40.94,43.16 3 0
github.com/k8snetworkplumbingwg/sriov-network-device-plugin/pkg/exporter/netDeviceHealth.go:43.16,45.3 1 0
github.com/k8snetworkplumbingwg/sriov-network-device-plugin/pkg/exporter/netDeviceHealth.go:47.2,47.33 1 0
github.com/k8snetworkplumbingwg/sriov-network-device-plugin/pkg/exporter/netDeviceHealth.go:47.33,48.20 1 0
github.com/k8snetworkplumbingwg/sriov-network-device-plugin/pkg/exporter/netDeviceHealth.go:48.20,50.4 1 0
github.com/k8snetworkplumbingwg/sriov-network-device-plugin/pkg/exporter/netDeviceHealth.go:50.9,52.58 1 0
github.com/k8snetworkplumbingwg/sriov-network-device-plugin/pkg/exporter/netDeviceHealth.go:52.58,54.5 1 0
github.com/k8snetworkplumbingwg/sriov-network-device-plugin/pkg/exporter/netDeviceHealth.go:54.10,56.5 1 0
github.com/k8snetworkplumbingwg/sriov-network-device-plugin/pkg/exporter/netDeviceHealth.go:62.34,65.20 3 0
github.com/k8snetworkplumbingwg/sriov-network-device-plugin/pkg/exporter/netDeviceHealth.go:65.20,67.41 2 0
github.com/k8snetworkplumbingwg/sriov-network-device-plugin/pkg/exporter/netDeviceHealth.go:67.41,69.4 1 0
github.com/k8snetworkplumbingwg/sriov-network-device-plugin/pkg/exporter/netDeviceHealth.go:70.3,71.18 2 0
github.com/k8snetworkplumbingwg/sriov-network-device-plugin/pkg/exporter/netDeviceHealth.go:77.89,81.40 3 0
github.com/k8snetworkplumbingwg/sriov-network-device-plugin/pkg/exporter/netDeviceHealth.go:81.40,83.38 2 0
github.com/k8snetworkplumbingwg/sriov-network-device-plugin/pkg/exporter/netDeviceHealth.go:83.38,85.4 1 0
github.com/k8snetworkplumbingwg/sriov-network-device-plugin/pkg/exporter/netDeviceHealth.go:87.2,87.23 1 0
github.com/k8snetworkplumbingwg/sriov-network-device-plugin/pkg/exporter/netDeviceHealth.go:92.42,93.49 1 0
github.com/k8snetworkplumbingwg/sriov-network-device-plugin/pkg/exporter/netDeviceHealth.go:93.49,95.3 1 0
github.com/k8snetworkplumbingwg/sriov-network-device-plugin/pkg/exporter/netDeviceHealth.go:96.2,99.20 2 0
github.com/k8snetworkplumbingwg/sriov-network-device-plugin/pkg/exporter/netDeviceHealth.go:99.20,101.41 2 0
github.com/k8snetworkplumbingwg/sriov-network-device-plugin/pkg/exporter/netDeviceHealth.go:101.41,103.4 1 0
github.com/k8snetworkplumbingwg/sriov-network-device-plugin/pkg/exporter/netDeviceHealth.go:104.3,105.18 2 0
github.com/k8snetworkplumbingwg/sriov-network-device-plugin/pkg/exporter/netDeviceHealth.go:108.2,110.16 2 0
github.com/k8snetworkplumbingwg/sriov-network-device-plugin/pkg/exporter/netDeviceHealth.go:110.16,112.3 1 0
github.com/k8snetworkplumbingwg/sriov-network-device-plugin/pkg/exporter/netDeviceHealth.go:114.2,119.12 5 0
github.com/k8snetworkplumbingwg/sriov-network-device-plugin/pkg/exporter/netDeviceHealth.go:124.77,125.34 1 0
github.com/k8snetworkplumbingwg/sriov-network-device-plugin/pkg/exporter/netDeviceHealth.go:125.34,127.17 2 0
github.com/k8snetworkplumbingwg/sriov-network-device-plugin/pkg/exporter/netDeviceHealth.go:127.17,130.12 3 0
github.com/k8snetworkplumbingwg/sriov-network-device-plugin/pkg/exporter/netDeviceHealth.go:133.3,134.20 2 0
github.com/k8snetworkplumbingwg/sriov-network-device-plugin/pkg/exporter/netDeviceHealth.go:134.20,137.22 3 0
github.com/k8snetworkplumbingwg/sriov-network-device-plugin/pkg/exporter/netDeviceHealth.go:137.22,140.5 2 0
github.com/k8snetworkplumbingwg/sriov-network-device-plugin/pkg/exporter/netDeviceHealth.go:141.4,146.12 5 0
github.com/k8snetworkplumbingwg/sriov-network-device-plugin/pkg/exporter/netDeviceHealth.go:150.3,151.37 2 0
github.com/k8snetworkplumbingwg/sriov-network-device-plugin/pkg/exporter/netDeviceHealth.go:151.37,152.73 1 0
github.com/k8snetworkplumbingwg/sriov-network-device-plugin/pkg/exporter/netDeviceHealth.go:152.73,154.5 1 0
github.com/k8snetworkplumbingwg/sriov-network-device-plugin/pkg/exporter/netDeviceHealth.go:154.10,156.5 1 0
github.com/k8snetworkplumbingwg/sriov-network-device-plugin/pkg/exporter/netDeviceHealth.go:158.3,158.19 1 0
github.com/k8snetworkplumbingwg/sriov-network-device-plugin/pkg/exporter/netDeviceHealth.go:161.2,161.82 1 0
github.com/k8snetworkplumbingwg/sriov-network-device-plugin/pkg/exporter/nicmetricssvc/nicmetricssvc.pb.go:68.32,72.2 3 0
github.com/k8snetworkplumbingwg/sriov-network-device-plugin/pkg/exporter/nicmetricssvc/nicmetricssvc.pb.go:74.33,76.2 1 0
github.com/k8snetworkplumbingwg/sriov-network-device-plugin/pkg/exporter/nicmetricssvc/nicmetricssvc.pb.go:78.56,80.2 1 0
github.com/k8snetworkplumbingwg/sriov-network-device-plugin/pkg/exporter/nicmetricssvc/nicmetricssvc.pb.go:82.44,84.2 1 0
github.com/k8snetworkplumbingwg/sriov-network-device-plugin/pkg/exporter/nicmetricssvc/nicmetricssvc.pb.go:86.50,88.2 1 0
github.com/k8snetworkplumbingwg/sriov-network-device-plugin/pkg/exporter/nicmetricssvc/nicmetricssvc.pb.go:91.48,93.2 1 0
github.com/k8snetworkplumbingwg/sriov-network-device-plugin/pkg/exporter/nicmetricssvc/nicmetricssvc.pb.go:106.28,108.29 2 0
github.com/k8snetworkplumbingwg/sriov-network-device-plugin/pkg/exporter/nicmetricssvc/nicmetricssvc.pb.go:108.29,112.3 3 0
github.com/k8snetworkplumbingwg/sriov-network-device-plugin/pkg/exporter/nicmetricssvc/nicmetricssvc.pb.go:115.36,117.2 1 0
github.com/k8snetworkplumbingwg/sriov-network-device-plugin/pkg/exporter/nicmetricssvc/nicmetricssvc.pb.go:119.34,119.35 0 0
github.com/k8snetworkplumbingwg/sriov-network-device-plugin/pkg/exporter/nicmetricssvc/nicmetricssvc.pb.go:121.56,123.41 2 0
github.com/k8snetworkplumbingwg/sriov-network-device-plugin/pkg/exporter/nicmetricssvc/nicmetricssvc.pb.go:123.41,125.34 2 0
github.com/k8snetworkplumbingwg/sriov-network-device-plugin/pkg/exporter/nicmetricssvc/nicmetricssvc.pb.go:125.34,127.4 1 0
github.com/k8snetworkplumbingwg/sriov-network-device-plugin/pkg/exporter/nicmetricssvc/nicmetricssvc.pb.go:128.3,128.12 1 0
github.com/k8snetworkplumbingwg/sriov-network-device-plugin/pkg/exporter/nicmetricssvc/nicmetricssvc.pb.go:130.2,130.24 1 0
github.com/k8snetworkplumbingwg/sriov-network-device-plugin/pkg/exporter/nicmetricssvc/nicmetricssvc.pb.go:134.47,136.2 1 0
github.com/k8snetworkplumbingwg/sriov-network-device-plugin/pkg/exporter/nicmetricssvc/nicmetricssvc.pb.go:138.39,139.14 1 0
github.com/k8snetworkplumbingwg/sriov-network-device-plugin/pkg/exporter/nicmetricssvc/nicmetricssvc.pb.go:139.14,141.3 1 0
github.com/k8snetworkplumbingwg/sriov-network-device-plugin/pkg/exporter/nicmetricssvc/nicmetricssvc.pb.go:142.2,142.11 1 0
github.com/k8snetworkplumbingwg/sriov-network-device-plugin/pkg/exporter/nicmetricssvc/nicmetricssvc.pb.go:145.39,146.14 1 0
github.com/k8snetworkplumbingwg/sriov-network-device-plugin/pkg/exporter/nicmetricssvc/nicmetricssvc.pb.go:146.14,148.3 1 0
github.com/k8snetworkplumbingwg/sriov-network-device-plugin/pkg/exporter/nicmetricssvc/nicmetricssvc.pb.go:149.2,149.11 1 0
github.com/k8snetworkplumbingwg/sriov-network-device-plugin/pkg/exporter/nicmetricssvc/nicmetricssvc.pb.go:161.36,163.29 2 0
github.com/k8snetworkplumbingwg/sriov-network-device-plugin/pkg/exporter/nicmetricssvc/nicmetricssvc.pb.go:163.29,167.3 3 0
github.com/k8snetworkplumbingwg/sriov-network-device-plugin/pkg/exporter/nicmetricssvc/nicmetricssvc.pb.go:170.44,172.2 1 0
github.com/k8snetworkplumbingwg/sriov-network-device-plugin/pkg/exporter/nicmetricssvc/nicmetricssvc.pb.go:174.42,174.43 0 0
github.com/k8snetworkplumbingwg/sriov-network-device-plugin/pkg/exporter/nicmetricssvc/nicmetricssvc.pb.go:176.64,178.41 2 0
github.com/k8snetworkplumbingwg/sriov-network-device-plugin/pkg/exporter/nicmetricssvc/nicmetricssvc.pb.go:178.41,180.34 2 0
github.com/k8snetworkplumbingwg/sriov-network-device-plugin/pkg/exporter/nicmetricssvc/nicmetricssvc.pb.go:180.34,182.4 1 0
github.com/k8snetworkplumbingwg/sriov-network-device-plugin/pkg/exporter/nicmetricssvc/nicmetricssvc.pb.go:183.3,183.12 1 0
github.com/k8snetworkplumbingwg/sriov-network-device-plugin/pkg/exporter/nicmetricssvc/nicmetricssvc.pb.go:185.2,185.24 1 0
github.com/k8snetworkplumbingwg/sriov-network-device-plugin/pkg/exporter/nicmetricssvc/nicmetricssvc.pb.go:189.55,191.2 1 0
github.com/k8snetworkplumbingwg/sriov-network-device-plugin/pkg/exporter/nicmetricssvc/nicmetricssvc.pb.go:193.54,194.14 1 0
github.com/k8snetworkplumbingwg/sriov-network-device-plugin/pkg/exporter/nicmetricssvc/nicmetricssvc.pb.go:194.14,196.3 1 0
github.com/k8snetworkplumbingwg/sriov-network-device-plugin/pkg/exporter/nicmetricssvc/nicmetricssvc.pb.go:197.2,197.12 1 0
github.com/k8snetworkplumbingwg/sriov-network-device-plugin/pkg/exporter/nicmetricssvc/nicmetricssvc.pb.go:233.52,234.49 1 0
github.com/k8snetworkplumbingwg/sriov-network-device-plugin/pkg/exporter/nicmetricssvc/nicmetricssvc.pb.go:234.49,236.3 1 0
github.com/k8snetworkplumbingwg/sriov-network-device-plugin/pkg/exporter/nicmetricssvc/nicmetricssvc.pb.go:237.2,237.45 1 0
github.com/k8snetworkplumbingwg/sriov-network-device-plugin/pkg/exporter/nicmetricssvc/nicmetricssvc.pb.go:259.13,259.48 1 1
github.com/k8snetworkplumbingwg/sriov-network-device-plugin/pkg/exporter/nicmetricssvc/nicmetricssvc.pb.go:260.38,261.37 1 1
github.com/k8snetworkplumbingwg/sriov-network-device-plugin/pkg/exporter/nicmetricssvc/nicmetricssvc.pb.go:261.37,263.3 1 0
github.com/k8snetworkplumbingwg/sriov-network-device-plugin/pkg/exporter/nicmetricssvc/nicmetricssvc.pb.go:264.2,264.30 1 1
github.com/k8snetworkplumbingwg/sriov-network-device-plugin/pkg/exporter/nicmetricssvc/nicmetricssvc.pb.go:264.30,265.74 1 0
github.com/k8snetworkplumbingwg/sriov-network-device-plugin/pkg/exporter/nicmetricssvc/nicmetricssvc.pb.go:265.74,266.33 1 0
github.com/k8snetworkplumbingwg/sriov-network-device-plugin/pkg/exporter/nicmetricssvc/nicmetricssvc.pb.go:267.11,268.20 1 0
github.com/k8snetworkplumbingwg/sriov-network-device-plugin/pkg/exporter/nicmetricssvc/nicmetricssvc.pb.go:269.11,270.24 1 0
github.com/k8snetworkplumbingwg/sriov-network-device-plugin/pkg/exporter/nicmetricssvc/nicmetricssvc.pb.go:271.11,272.28 1 0
github.com/k8snetworkplumbingwg/sriov-network-device-plugin/pkg/exporter/nicmetricssvc/nicmetricssvc.pb.go:273.12,274.15 1 0
github.com/k8snetworkplumbingwg/sriov-network-device-plugin/pkg/exporter/nicmetricssvc/nicmetricssvc.pb.go:277.3,277.74 1 0
github.com/k8snetworkplumbingwg/sriov-network-device-plugin/pkg/exporter/nicmetricssvc/nicmetricssvc.pb.go:277.74,278.41 1 0
github.com/k8snetworkplumbingwg/sriov-network-device-plugin/pkg/exporter/nicmetricssvc/nicmetricssvc.pb.go:279.11,280.20 1 0
github.com/k8snetworkplumbingwg/sriov-network-device-plugin/pkg/exporter/nicmetricssvc/nicmetricssvc.pb.go:281.11,282.24 1 0
github.com/k8snetworkplumbingwg/sriov-network-device-plugin/pkg/exporter/nicmetricssvc/nicmetricssvc.pb.go:283.11,284.28 1 0
github.com/k8snetworkplumbingwg/sriov-network-device-plugin/pkg/exporter/nicmetricssvc/nicmetricssvc.pb.go:285.12,286.15 1 0
github.com/k8snetworkplumbingwg/sriov-network-device-plugin/pkg/exporter/nicmetricssvc/nicmetricssvc.pb.go:290.2,308.40 6 1
github.com/k8snetworkplumbingwg/sriov-network-device-plugin/pkg/exporter/nicmetricssvc/nicmetricssvc_grpc.pb.go:60.80,62.2 1 0
github.com/k8snetworkplumbingwg/sriov-network-device-plugin/pkg/exporter/nicmetricssvc/nicmetricssvc_grpc.pb.go:64.127,68.16 4 0
github.com/k8snetworkplumbingwg/sriov-network-device-plugin/pkg/exporter/nicmetricssvc/nicmetricssvc_grpc.pb.go:68.16,70.3 1 0
github.com/k8snetworkplumbingwg/sriov-network-device-plugin/pkg/exporter/nicmetricssvc/nicmetricssvc_grpc.pb.go:71.2,71.17 1 0
github.com/k8snetworkplumbingwg/sriov-network-device-plugin/pkg/exporter/nicmetricssvc/nicmetricssvc_grpc.pb.go:90.105,92.2 1 0
github.com/k8snetworkplumbingwg/sriov-network-device-plugin/pkg/exporter/nicmetricssvc/nicmetricssvc_grpc.pb.go:93.88,93.89 0 0
github.com/k8snetworkplumbingwg/sriov-network-device-plugin/pkg/exporter/nicmetricssvc/nicmetricssvc_grpc.pb.go:94.88,94.89 0 0
github.com/k8snetworkplumbingwg/sriov-network-device-plugin/pkg/exporter/nicmetricssvc/nicmetricssvc_grpc.pb.go:103.86,108.59 1 0
github.com/k8snetworkplumbingwg/sriov-network-device-plugin/pkg/exporter/nicmetricssvc/nicmetricssvc_grpc.pb.go:108.59,110.3 1 0
github.com/k8snetworkplumbingwg/sriov-network-device-plugin/pkg/exporter/nicmetricssvc/nicmetricssvc_grpc.pb.go:111.2,111.53 1 0
github.com/k8snetworkplumbingwg/sriov-network-device-plugin/pkg/exporter/nicmetricssvc/nicmetricssvc_grpc.pb.go:114.164,116.32 2 0
github.com/k8snetworkplumbingwg/sriov-network-device-plugin/pkg/exporter/nicmetricssvc/nicmetricssvc_grpc.pb.go:116.32,118.3 1 0
github.com/k8snetworkplumbingwg/sriov-network-device-plugin/pkg/exporter/nicmetricssvc/nicmetricssvc_grpc.pb.go:119.2,119.24 1 0
github.com/k8snetworkplumbingwg/sriov-network-device-plugin/pkg/exporter/nicmetricssvc/nicmetricssvc_grpc.pb.go:119.24,121.3 1 0
github.com/k8snetworkplumbingwg/sriov-network-device-plugin/pkg/exporter/nicmetricssvc/nicmetricssvc_grpc.pb.go:122.2,126.77 2 0
github.com/k8snetworkplumbingwg/sriov-network-device-plugin/pkg/exporter/nicmetricssvc/nicmetricssvc_grpc.pb.go:126.77,128.3 1 0
github.com/k8snetworkplumbingwg/sriov-network-device-plugin/pkg/exporter/nicmetricssvc/nicmetricssvc_grpc.pb.go:129.2,129.44 1 0
github.com/k8snetworkplumbingwg/sriov-network-device-plugin/pkg/netdevice/nadutils.go:16.107,18.2 1 0
github.com/k8snetworkplumbingwg/sriov-network-device-plugin/pkg/netdevice/nadutils.go:20.78,22.2 1 0
github.com/k8snetworkplumbingwg/sriov-network-device-plugin/pkg/netdevice/nadutils.go:25.35,27.2 1 2
github.com/k8snetworkplumbingwg/sriov-network-device-plugin/pkg/netdevice/netDeviceProvider.go:33.74,38.2 1 6
github.com/k8snetworkplumbingwg/sriov-network-device-plugin/pkg/netdevice/netDeviceProvider.go:40.70,42.2 1 3
github.com/k8snetworkplumbingwg/sriov-network-device-plugin/pkg/netdevice/netDeviceProvider.go:44.105,46.39 2 4
github.com/k8snetworkplumbingwg/sriov-network-device-plugin/pkg/netdevice/netDeviceProvider.go:46.39,47.92 1 1
github.com/k8snetworkplumbingwg/sriov-network-device-plugin/pkg/netdevice/netDeviceProvider.go:47.92,49.4 1 1
github.com/k8snetworkplumbingwg/sriov-network-device-plugin/pkg/netdevice/netDeviceProvider.go:49.9,51.4 1 0
github.com/k8snetworkplumbingwg/sriov-network-device-plugin/pkg/netdevice/netDeviceProvider.go:53.2,53.23 1 4
github.com/k8snetworkplumbingwg/sriov-network-device-plugin/pkg/netdevice/netDeviceProvider.go:56.95,57.33 1 1
github.com/k8snetworkplumbingwg/sriov-network-device-plugin/pkg/netdevice/netDeviceProvider.go:57.33,59.17 2 3
github.com/k8snetworkplumbingwg/sriov-network-device-plugin/pkg/netdevice/netDeviceProvider.go:59.17,61.12 2 1
github.com/k8snetworkplumbingwg/sriov-network-device-plugin/pkg/netdevice/netDeviceProvider.go:64.3,64.36 1 2
github.com/k8snetworkplumbingwg/sriov-network-device-plugin/pkg/netdevice/netDeviceProvider.go:64.36,70.83 4 2
github.com/k8snetworkplumbingwg/sriov-network-device-plugin/pkg/netdevice/netDeviceProvider.go:70.83,72.53 2 2
github.com/k8snetworkplumbingwg/sriov-network-device-plugin/pkg/netdevice/netDeviceProvider.go:72.53,74.14 1 1
github.com/k8snetworkplumbingwg/sriov-network-device-plugin/pkg/netdevice/netDeviceProvider.go:76.5,76.50 1 1
github.com/k8snetworkplumbingwg/sriov-network-device-plugin/pkg/netdevice/netDeviceProvider.go:80.2,80.12 1 1
github.com/k8snetworkplumbingwg/sriov-network-device-plugin/pkg/netdevice/netDeviceProvider.go:85.75,87.64 2 16
github.com/k8snetworkplumbingwg/sriov-network-device-plugin/pkg/netdevice/netDeviceProvider.go:87.64,90.3 1 2
github.com/k8snetworkplumbingwg/sriov-network-device-plugin/pkg/netdevice/netDeviceProvider.go:91.2,92.9 2 14
github.com/k8snetworkplumbingwg/sriov-network-device-plugin/pkg/netdevice/netDeviceProvider.go:92.9,94.3 1 0
github.com/k8snetworkplumbingwg/sriov-network-device-plugin/pkg/netdevice/netDeviceProvider.go:96.2,120.27 9 14
github.com/k8snetworkplumbingwg/sriov-network-device-plugin/pkg/netdevice/netDeviceProvider.go:120.27,122.3 1 1
github.com/k8snetworkplumbingwg/sriov-network-device-plugin/pkg/netdevice/netDeviceProvider.go:123.2,132.15 4 14
github.com/k8snetworkplumbingwg/sriov-network-device-plugin/pkg/netdevice/netDeviceProvider.go:132.15,134.38 2 1
github.com/k8snetworkplumbingwg/sriov-network-device-plugin/pkg/netdevice/netDeviceProvider.go:134.38,135.38 1 5
github.com/k8snetworkplumbingwg/sriov-network-device-plugin/pkg/netdevice/netDeviceProvider.go:135.38,137.5 1 2
github.com/k8snetworkplumbingwg/sriov-network-device-plugin/pkg/netdevice/netDeviceProvider.go:139.3,139.31 1 1
github.com/k8snetworkplumbingwg/sriov-network-device-plugin/pkg/netdevice/netDeviceProvider.go:143.2,143.23 1 14
[...]
github.com/k8snetworkplumbingwg/sriov-network-device-plugin/pkg/resources/deviceSelectors.go:224.61,226.4 1 20
github.com/k8snetworkplumbingwg/sriov-network-device-plugin/pkg/resources/deviceSelectors.go:228.2,228.11 1 2
github.com/k8snetworkplumbingwg/sriov-network-device-plugin/pkg/resources/deviceSelectors.go:231.51,232.37 1 20
github.com/k8snetworkplumbingwg/sriov-network-device-plugin/pkg/resources/deviceSelectors.go:232.37,241.37 2 18
github.com/k8snetworkplumbingwg/sriov-network-device-plugin/pkg/resources/deviceSelectors.go:241.37,244.4 2 0
github.com/k8snetworkplumbingwg/sriov-network-device-plugin/pkg/resources/deviceSelectors.go:245.3,246.37 2 18
github.com/k8snetworkplumbingwg/sriov-network-device-plugin/pkg/resources/deviceSelectors.go:246.37,247.41 1 38
github.com/k8snetworkplumbingwg/sriov-network-device-plugin/pkg/resources/deviceSelectors.go:247.41,249.34 2 15
github.com/k8snetworkplumbingwg/sriov-network-device-plugin/pkg/resources/deviceSelectors.go:249.34,252.6 2 0
github.com/k8snetworkplumbingwg/sriov-network-device-plugin/pkg/resources/deviceSelectors.go:253.5,254.19 2 15
github.com/k8snetworkplumbingwg/sriov-network-device-plugin/pkg/resources/deviceSelectors.go:254.19,257.6 2 0
github.com/k8snetworkplumbingwg/sriov-network-device-plugin/pkg/resources/deviceSelectors.go:258.5,259.19 2 15
github.com/k8snetworkplumbingwg/sriov-network-device-plugin/pkg/resources/deviceSelectors.go:259.19,262.6 2 0
github.com/k8snetworkplumbingwg/sriov-network-device-plugin/pkg/resources/deviceSelectors.go:263.5,263.44 1 15
github.com/k8snetworkplumbingwg/sriov-network-device-plugin/pkg/resources/deviceSelectors.go:263.44,265.6 1 6
github.com/k8snetworkplumbingwg/sriov-network-device-plugin/pkg/resources/deviceSelectors.go:266.10,268.19 2 23
github.com/k8snetworkplumbingwg/sriov-network-device-plugin/pkg/resources/deviceSelectors.go:268.19,271.6 2 0
github.com/k8snetworkplumbingwg/sriov-network-device-plugin/pkg/resources/deviceSelectors.go:272.5,272.25 1 23
github.com/k8snetworkplumbingwg/sriov-network-device-plugin/pkg/resources/deviceSelectors.go:272.25,274.6 1 6
github.com/k8snetworkplumbingwg/sriov-network-device-plugin/pkg/resources/deviceSelectors.go:277.8,279.3 1 2
github.com/k8snetworkplumbingwg/sriov-network-device-plugin/pkg/resources/deviceSelectors.go:280.2,280.14 1 6
github.com/k8snetworkplumbingwg/sriov-network-device-plugin/pkg/resources/pKeySelector.go:12.59,14.2 1 1
github.com/k8snetworkplumbingwg/sriov-network-device-plugin/pkg/resources/pKeySelector.go:16.81,19.32 2 1
github.com/k8snetworkplumbingwg/sriov-network-device-plugin/pkg/resources/pKeySelector.go:19.32,21.45 2 3
github.com/k8snetworkplumbingwg/sriov-network-device-plugin/pkg/resources/pKeySelector.go:21.45,23.4 1 2
github.com/k8snetworkplumbingwg/sriov-network-device-plugin/pkg/resources/pKeySelector.go:26.2,26.21 1 1
github.com/k8snetworkplumbingwg/sriov-network-device-plugin/pkg/resources/pool_stub.go:41.106,46.2 1 3
github.com/k8snetworkplumbingwg/sriov-network-device-plugin/pkg/resources/pool_stub.go:49.63,51.2 1 0
github.com/k8snetworkplumbingwg/sriov-network-device-plugin/pkg/resources/pool_stub.go:54.48,57.2 1 0
github.com/k8snetworkplumbingwg/sriov-network-device-plugin/pkg/resources/pool_stub.go:60.54,62.2 1 0
github.com/k8snetworkplumbingwg/sriov-network-device-plugin/pkg/resources/pool_stub.go:65.56,67.2 1 0
github.com/k8snetworkplumbingwg/sriov-network-device-plugin/pkg/resources/pool_stub.go:70.71,72.37 2 1
github.com/k8snetworkplumbingwg/sriov-network-device-plugin/pkg/resources/pool_stub.go:72.37,74.3 1 2
github.com/k8snetworkplumbingwg/sriov-network-device-plugin/pkg/resources/pool_stub.go:75.2,75.16 1 1
github.com/k8snetworkplumbingwg/sriov-network-device-plugin/pkg/resources/pool_stub.go:79.42,82.2 1 0
github.com/k8snetworkplumbingwg/sriov-network-device-plugin/pkg/resources/pool_stub.go:85.88,90.31 3 1
github.com/k8snetworkplumbingwg/sriov-network-device-plugin/pkg/resources/pool_stub.go:90.31,91.39 1 2
github.com/k8snetworkplumbingwg/sriov-network-device-plugin/pkg/resources/pool_stub.go:91.39,93.32 2 2
github.com/k8snetworkplumbingwg/sriov-network-device-plugin/pkg/resources/pool_stub.go:93.32,94.42 1 4
github.com/k8snetworkplumbingwg/sriov-network-device-plugin/pkg/resources/pool_stub.go:94.42,96.6 1 3
github.com/k8snetworkplumbingwg/sriov-network-device-plugin/pkg/resources/pool_stub.go:100.2,100.17 1 1
github.com/k8snetworkplumbingwg/sriov-network-device-plugin/pkg/resources/pool_stub.go:107.99,112.31 4 0
github.com/k8snetworkplumbingwg/sriov-network-device-plugin/pkg/resources/pool_stub.go:112.31,113.39 1 0
github.com/k8snetworkplumbingwg/sriov-network-device-plugin/pkg/resources/pool_stub.go:113.39,117.4 3 0
github.com/k8snetworkplumbingwg/sriov-network-device-plugin/pkg/resources/pool_stub.go:120.2,131.16 8 0
github.com/k8snetworkplumbingwg/sriov-network-device-plugin/pkg/resources/pool_stub.go:131.16,133.3 1 0
github.com/k8snetworkplumbingwg/sriov-network-device-plugin/pkg/resources/pool_stub.go:134.2,136.18 2 0
github.com/k8snetworkplumbingwg/sriov-network-device-plugin/pkg/resources/pool_stub.go:140.78,144.31 3 1
github.com/k8snetworkplumbingwg/sriov-network-device-plugin/pkg/resources/pool_stub.go:144.31,145.39 1 2
github.com/k8snetworkplumbingwg/sriov-network-device-plugin/pkg/resources/pool_stub.go:145.39,148.4 2 2
github.com/k8snetworkplumbingwg/sriov-network-device-plugin/pkg/resources/pool_stub.go:150.2,150.18 1 1
github.com/k8snetworkplumbingwg/sriov-network-device-plugin/pkg/resources/pool_stub.go:154.112,155.27 1 4
github.com/k8snetworkplumbingwg/sriov-network-device-plugin/pkg/resources/pool_stub.go:155.27,156.38 1 4
github.com/k8snetworkplumbingwg/sriov-network-device-plugin/pkg/resources/pool_stub.go:156.38,158.4 1 1
github.com/k8snetworkplumbingwg/sriov-network-device-plugin/pkg/resources/pool_stub.go:160.2,160.14 1 3
github.com/k8snetworkplumbingwg/sriov-network-device-plugin/pkg/resources/pool_stub.go:164.73,166.2 1 0
github.com/k8snetworkplumbingwg/sriov-network-device-plugin/pkg/resources/pool_stub.go:170.102,172.2 1 0
github.com/k8snetworkplumbingwg/sriov-network-device-plugin/pkg/resources/pool_stub.go:176.82,178.2 1 0
github.com/k8snetworkplumbingwg/sriov-network-device-plugin/pkg/resources/pool_stub.go:181.49,183.2 1 0
github.com/k8snetworkplumbingwg/sriov-network-device-plugin/pkg/resources/pool_stub.go:185.62,187.2 1 0
github.com/k8snetworkplumbingwg/sriov-network-device-plugin/pkg/resources/pool_stub.go:189.56,191.2 1 0
github.com/k8snetworkplumbingwg/sriov-network-device-plugin/pkg/resources/server.go:61.117,64.18 3 19
github.com/k8snetworkplumbingwg/sriov-network-device-plugin/pkg/resources/server.go:64.18,66.3 1 6
github.com/k8snetworkplumbingwg/sriov-network-device-plugin/pkg/resources/server.go:69.2,84.36 2 19
github.com/k8snetworkplumbingwg/sriov-network-device-plugin/pkg/resources/server.go:84.36,88.3 3 0
github.com/k8snetworkplumbingwg/sriov-network-device-plugin/pkg/resources/server.go:90.2,90.30 1 19
github.com/k8snetworkplumbingwg/sriov-network-device-plugin/pkg/resources/server.go:90.30,92.3 1 0
github.com/k8snetworkplumbingwg/sriov-network-device-plugin/pkg/resources/server.go:92.8,96.3 3 19
github.com/k8snetworkplumbingwg/sriov-network-device-plugin/pkg/resources/server.go:98.2,98.11 1 19
github.com/k8snetworkplumbingwg/sriov-network-device-plugin/pkg/resources/server.go:101.44,104.16 3 6
github.com/k8snetworkplumbingwg/sriov-network-device-plugin/pkg/resources/server.go:104.16,107.3 2 0
github.com/k8snetworkplumbingwg/sriov-network-device-plugin/pkg/resources/server.go:108.2,117.73 4 6
github.com/k8snetworkplumbingwg/sriov-network-device-plugin/pkg/resources/server.go:117.73,120.3 2 2
github.com/k8snetworkplumbingwg/sriov-network-device-plugin/pkg/resources/server.go:121.2,122.12 2 4
github.com/k8snetworkplumbingwg/sriov-network-device-plugin/pkg/resources/server.go:125.119,133.2 2 3
github.com/k8snetworkplumbingwg/sriov-network-device-plugin/pkg/resources/server.go:136.92,137.30 1 3
github.com/k8snetworkplumbingwg/sriov-network-device-plugin/pkg/resources/server.go:137.30,139.3 1 3
github.com/k8snetworkplumbingwg/sriov-network-device-plugin/pkg/resources/server.go:139.8,142.3 2 0
github.com/k8snetworkplumbingwg/sriov-network-device-plugin/pkg/resources/server.go:143.2,143.55 1 3
github.com/k8snetworkplumbingwg/sriov-network-device-plugin/pkg/resources/server.go:146.126,150.50 3 4
github.com/k8snetworkplumbingwg/sriov-network-device-plugin/pkg/resources/server.go:150.50,154.17 3 2
github.com/k8snetworkplumbingwg/sriov-network-device-plugin/pkg/resources/server.go:154.17,157.4 2 0
github.com/k8snetworkplumbingwg/sriov-network-device-plugin/pkg/resources/server.go:159.3,160.17 2 2
github.com/k8snetworkplumbingwg/sriov-network-device-plugin/pkg/resources/server.go:160.17,163.4 2 0
github.com/k8snetworkplumbingwg/sriov-network-device-plugin/pkg/resources/server.go:165.3,169.17 4 2
github.com/k8snetworkplumbingwg/sriov-network-device-plugin/pkg/resources/server.go:169.17,172.4 2 0
github.com/k8snetworkplumbingwg/sriov-network-device-plugin/pkg/resources/server.go:174.3,175.75 2 2
github.com/k8snetworkplumbingwg/sriov-network-device-plugin/pkg/resources/server.go:177.2,178.18 2 4
github.com/k8snetworkplumbingwg/sriov-network-device-plugin/pkg/resources/server.go:181.120,187.51 5 4
github.com/k8snetworkplumbingwg/sriov-network-device-plugin/pkg/resources/server.go:187.51,189.3 1 4
github.com/k8snetworkplumbingwg/sriov-network-device-plugin/pkg/resources/server.go:190.2,192.42 3 4
github.com/k8snetworkplumbingwg/sriov-network-device-plugin/pkg/resources/server.go:192.42,196.3 3 1
github.com/k8snetworkplumbingwg/sriov-network-device-plugin/pkg/resources/server.go:199.2,199.6 1 3
github.com/k8snetworkplumbingwg/sriov-network-device-plugin/pkg/resources/server.go:199.6,200.10 1 5
github.com/k8snetworkplumbingwg/sriov-network-device-plugin/pkg/resources/server.go:201.24,204.14 2 2
github.com/k8snetworkplumbingwg/sriov-network-device-plugin/pkg/resources/server.go:205.26,209.53 3 3
github.com/k8snetworkplumbingwg/sriov-network-device-plugin/pkg/resources/server.go:209.53,211.5 1 3
github.com/k8snetworkplumbingwg/sriov-network-device-plugin/pkg/resources/server.go:212.4,215.44 3 3
github.com/k8snetworkplumbingwg/sriov-network-device-plugin/pkg/resources/server.go:215.44,218.5 2 1
github.com/k8snetworkplumbingwg/sriov-network-device-plugin/pkg/resources/server.go:219.37,222.44 3 0
github.com/k8snetworkplumbingwg/sriov-network-device-plugin/pkg/resources/server.go:222.44,225.5 2 0
github.com/k8snetworkplumbingwg/sriov-network-device-plugin/pkg/resources/server.go:232.97,234.2 1 0
github.com/k8snetworkplumbingwg/sriov-network-device-plugin/pkg/resources/server.go:237.91,239.2 1 1
github.com/k8snetworkplumbingwg/sriov-network-device-plugin/pkg/resources/server.go:241.135,246.2 1 1
github.com/k8snetworkplumbingwg/sriov-network-device-plugin/pkg/resources/server.go:248.40,250.2 1 1
github.com/k8snetworkplumbingwg/sriov-network-device-plugin/pkg/resources/server.go:253.41,259.16 5 6
github.com/k8snetworkplumbingwg/sriov-network-device-plugin/pkg/resources/server.go:259.16,262.3 2 0
github.com/k8snetworkplumbingwg/sriov-network-device-plugin/pkg/resources/server.go:264.2,266.16 3 6
github.com/k8snetworkplumbingwg/sriov-network-device-plugin/pkg/resources/server.go:266.16,269.3 2 0
github.com/k8snetworkplumbingwg/sriov-network-device-plugin/pkg/resources/server.go:272.2,272.20 1 6
github.com/k8snetworkplumbingwg/sriov-network-device-plugin/pkg/resources/server.go:272.20,274.3 1 3
github.com/k8snetworkplumbingwg/sriov-network-device-plugin/pkg/resources/server.go:275.2,278.12 2 6
github.com/k8snetworkplumbingwg/sriov-network-device-plugin/pkg/resources/server.go:278.12,280.17 2 6
github.com/k8snetworkplumbingwg/sriov-network-device-plugin/pkg/resources/server.go:280.17,282.4 1 0
github.com/k8snetworkplumbingwg/sriov-network-device-plugin/pkg/resources/server.go:285.2,287.21 2 6
github.com/k8snetworkplumbingwg/sriov-network-device-plugin/pkg/resources/server.go:287.21,290.17 2 3
github.com/k8snetworkplumbingwg/sriov-network-device-plugin/pkg/resources/server.go:290.17,295.4 3 0
github.com/k8snetworkplumbingwg/sriov-network-device-plugin/pkg/resources/server.go:298.2,298.12 1 6
github.com/k8snetworkplumbingwg/sriov-network-device-plugin/pkg/resources/server.go:301.43,304.26 3 1
github.com/k8snetworkplumbingwg/sriov-network-device-plugin/pkg/resources/server.go:304.26,306.3 1 0
github.com/k8snetworkplumbingwg/sriov-network-device-plugin/pkg/resources/server.go:307.2,313.19 5 1
github.com/k8snetworkplumbingwg/sriov-network-device-plugin/pkg/resources/server.go:316.40,319.26 3 3
github.com/k8snetworkplumbingwg/sriov-network-device-plugin/pkg/resources/server.go:319.26,321.3 1 0
github.com/k8snetworkplumbingwg/sriov-network-device-plugin/pkg/resources/server.go:323.2,324.21 2 3
github.com/k8snetworkplumbingwg/sriov-network-device-plugin/pkg/resources/server.go:324.21,326.3 1 2
github.com/k8snetworkplumbingwg/sriov-network-device-plugin/pkg/resources/server.go:328.2,331.29 3 3
github.com/k8snetworkplumbingwg/sriov-network-device-plugin/pkg/resources/server.go:331.29,334.3 2 0
github.com/k8snetworkplumbingwg/sriov-network-device-plugin/pkg/resources/server.go:336.2,336.21 1 3
github.com/k8snetworkplumbingwg/sriov-network-device-plugin/pkg/resources/server.go:339.35,341.6 1 1
github.com/k8snetworkplumbingwg/sriov-network-device-plugin/pkg/resources/server.go:341.6,342.10 1 2
github.com/k8snetworkplumbingwg/sriov-network-device-plugin/pkg/resources/server.go:343.33,344.12 1 1
github.com/k8snetworkplumbingwg/sriov-network-device-plugin/pkg/resources/server.go:344.12,347.5 2 1
github.com/k8snetworkplumbingwg/sriov-network-device-plugin/pkg/resources/server.go:348.11,350.18 2 1
github.com/k8snetworkplumbingwg/sriov-network-device-plugin/pkg/resources/server.go:350.18,354.40 3 0
github.com/k8snetworkplumbingwg/sriov-network-device-plugin/pkg/resources/server.go:354.40,356.6 1 0
github.com/k8snetworkplumbingwg/sriov-network-device-plugin/pkg/resources/server.go:360.3,360.30 1 1
github.com/k8snetworkplumbingwg/sriov-network-device-plugin/pkg/resources/server.go:364.43,366.70 2 9
github.com/k8snetworkplumbingwg/sriov-network-device-plugin/pkg/resources/server.go:366.70,368.3 1 0
github.com/k8snetworkplumbingwg/sriov-network-device-plugin/pkg/resources/server.go:369.2,369.83 1 9
github.com/k8snetworkplumbingwg/sriov-network-device-plugin/pkg/resources/server.go:369.83,371.3 1 0
github.com/k8snetworkplumbingwg/sriov-network-device-plugin/pkg/resources/server.go:372.2,372.21 1 9
github.com/k8snetworkplumbingwg/sriov-network-device-plugin/pkg/resources/server.go:372.21,374.3 1 0
github.com/k8snetworkplumbingwg/sriov-network-device-plugin/pkg/resources/server.go:375.2,375.12 1 9
github.com/k8snetworkplumbingwg/sriov-network-device-plugin/pkg/resources/server.go:378.43,380.27 2 6
github.com/k8snetworkplumbingwg/sriov-network-device-plugin/pkg/resources/server.go:380.27,381.13 1 6
github.com/k8snetworkplumbingwg/sriov-network-device-plugin/pkg/resources/server.go:381.13,382.8 1 6
github.com/k8snetworkplumbingwg/sriov-network-device-plugin/pkg/resources/server.go:382.8,384.16 2 6
github.com/k8snetworkplumbingwg/sriov-network-device-plugin/pkg/resources/server.go:384.16,386.6 1 4
github.com/k8snetworkplumbingwg/sriov-network-device-plugin/pkg/resources/server.go:387.5,387.63 1 2
github.com/k8snetworkplumbingwg/sriov-network-device-plugin/pkg/resources/server.go:393.82,395.2 1 2
github.com/k8snetworkplumbingwg/sriov-network-device-plugin/pkg/resources/testing.go:37.90,44.2 1 8
github.com/k8snetworkplumbingwg/sriov-network-device-plugin/pkg/resources/testing.go:46.99,51.16 3 3
github.com/k8snetworkplumbingwg/sriov-network-device-plugin/pkg/resources/testing.go:51.16,53.3 1 0
github.com/k8snetworkplumbingwg/sriov-network-device-plugin/pkg/resources/testing.go:55.2,55.53 1 3
github.com/k8snetworkplumbingwg/sriov-network-device-plugin/pkg/resources/testing.go:59.95,61.16 2 3
github.com/k8snetworkplumbingwg/sriov-network-device-plugin/pkg/resources/testing.go:61.16,63.3 1 0
github.com/k8snetworkplumbingwg/sriov-network-device-plugin/pkg/resources/testing.go:65.2,65.22 1 3
github.com/k8snetworkplumbingwg/sriov-network-device-plugin/pkg/resources/testing.go:69.79,78.97 4 3
github.com/k8snetworkplumbingwg/sriov-network-device-plugin/pkg/resources/testing.go:78.97,80.3 1 0
github.com/k8snetworkplumbingwg/sriov-network-device-plugin/pkg/resources/testing.go:82.2,82.18 1 3
github.com/k8snetworkplumbingwg/sriov-network-device-plugin/pkg/resources/testing.go:82.18,84.3 1 0
github.com/k8snetworkplumbingwg/sriov-network-device-plugin/pkg/resources/testing.go:86.2,86.12 1 3
github.com/k8snetworkplumbingwg/sriov-network-device-plugin/pkg/resources/testing.go:89.57,91.16 2 3
github.com/k8snetworkplumbingwg/sriov-network-device-plugin/pkg/resources/testing.go:91.16,93.3 1 0
github.com/k8snetworkplumbingwg/sriov-network-device-plugin/pkg/resources/testing.go:94.2,100.16 5 3
github.com/k8snetworkplumbingwg/sriov-network-device-plugin/pkg/resources/testing.go:100.16,102.3 1 0
github.com/k8snetworkplumbingwg/sriov-network-device-plugin/pkg/resources/testing.go:104.2,104.57 1 3
github.com/k8snetworkplumbingwg/sriov-network-device-plugin/pkg/resources/testing.go:104.57,106.3 1 0
github.com/k8snetworkplumbingwg/sriov-network-device-plugin/pkg/resources/testing.go:108.2,108.22 1 3
github.com/k8snetworkplumbingwg/sriov-network-device-plugin/pkg/resources/testing.go:108.22,110.3 1 1
github.com/k8snetworkplumbingwg/sriov-network-device-plugin/pkg/resources/testing.go:112.2,112.12 1 2
github.com/k8snetworkplumbingwg/sriov-network-device-plugin/pkg/resources/testing.go:116.87,119.22 3 5
github.com/k8snetworkplumbingwg/sriov-network-device-plugin/pkg/resources/testing.go:119.22,121.3 1 1
github.com/k8snetworkplumbingwg/sriov-network-device-plugin/pkg/resources/testing.go:122.2,122.8 1 5
github.com/k8snetworkplumbingwg/sriov-network-device-plugin/pkg/resources/testing.go:125.42,127.16 2 4
github.com/k8snetworkplumbingwg/sriov-network-device-plugin/pkg/resources/testing.go:127.16,128.13 1 0
github.com/k8snetworkplumbingwg/sriov-network-device-plugin/pkg/resources/testing.go:130.2,132.12 3 4
github.com/k8snetworkplumbingwg/sriov-network-device-plugin/pkg/resources/testing.go:132.12,134.3 1 4
github.com/k8snetworkplumbingwg/sriov-network-device-plugin/pkg/resources/testing.go:135.2,135.35 1 4
github.com/k8snetworkplumbingwg/sriov-network-device-plugin/pkg/resources/testing.go:138.77,140.6 2 4
github.com/k8snetworkplumbingwg/sriov-network-device-plugin/pkg/resources/testing.go:140.6,141.36 1 4
github.com/k8snetworkplumbingwg/sriov-network-device-plugin/pkg/resources/testing.go:141.36,143.4 1 0
github.com/k8snetworkplumbingwg/sriov-network-device-plugin/pkg/resources/testing.go:144.3,145.17 2 4
github.com/k8snetworkplumbingwg/sriov-network-device-plugin/pkg/resources/testing.go:145.17,147.4 1 4
github.com/k8snetworkplumbingwg/sriov-network-device-plugin/pkg/resources/testing.go:151.41,154.2 2 4
github.com/k8snetworkplumbingwg/sriov-network-device-plugin/pkg/resources/testing.go:165.83,167.37 2 7
github.com/k8snetworkplumbingwg/sriov-network-device-plugin/pkg/resources/testing.go:167.37,169.3 1 2
github.com/k8snetworkplumbingwg/sriov-network-device-plugin/pkg/resources/testing.go:170.2,171.12 2 5
github.com/k8snetworkplumbingwg/sriov-network-device-plugin/pkg/resources/testing.go:175.60,177.2 1 0
github.com/k8snetworkplumbingwg/sriov-network-device-plugin/pkg/resources/testing.go:179.63,181.2 1 0
github.com/k8snetworkplumbingwg/sriov-network-device-plugin/pkg/resources/testing.go:183.63,185.2 1 0
github.com/k8snetworkplumbingwg/sriov-network-device-plugin/pkg/resources/testing.go:187.66,189.2 1 0
github.com/k8snetworkplumbingwg/sriov-network-device-plugin/pkg/resources/testing.go:191.65,193.2 1 0
github.com/k8snetworkplumbingwg/sriov-network-device-plugin/pkg/resources/testing.go:195.61,196.2 0 0
