mode: atomic
github.com/k8snetworkplumbingwg/sriov-network-device-plugin/pkg/deviceconfig/deviceConfigClient.go:46.44,51.2 2 0
github.com/k8snetworkplumbingwg/sriov-network-device-plugin/pkg/deviceconfig/deviceConfigClient.go:53.41,57.16 4 0
github.com/k8snetworkplumbingwg/sriov-network-device-plugin/pkg/deviceconfig/deviceConfigClient.go:57.16,60.3 2 0
github.com/k8snetworkplumbingwg/sriov-network-device-plugin/pkg/deviceconfig/deviceConfigClient.go:61.2,62.12 2 0
github.com/k8snetworkplumbingwg/sriov-network-device-plugin/pkg/deviceconfig/deviceConfigClient.go:65.25,68.16 2 0
github.com/k8snetworkplumbingwg/sriov-network-device-plugin/pkg/deviceconfig/deviceConfigClient.go:68.16,71.3 2 0
github.com/k8snetworkplumbingwg/sriov-network-device-plugin/pkg/deviceconfig/deviceConfigClient.go:72.2,73.16 2 0
github.com/k8snetworkplumbingwg/sriov-network-device-plugin/pkg/deviceconfig/deviceConfigClient.go:73.16,76.3 2 0
github.com/k8snetworkplumbingwg/sriov-network-device-plugin/pkg/deviceconfig/deviceConfigClient.go:77.2,77.27 1 0
github.com/k8snetworkplumbingwg/sriov-network-device-plugin/pkg/deviceconfig/deviceConfigClient.go:77.27,78.34 1 0
github.com/k8snetworkplumbingwg/sriov-network-device-plugin/pkg/deviceconfig/deviceConfigClient.go:78.34,79.33 1 0
github.com/k8snetworkplumbingwg/sriov-network-device-plugin/pkg/deviceconfig/deviceConfigClient.go:79.33,82.5 2 0
github.com/k8snetworkplumbingwg/sriov-network-device-plugin/pkg/deviceconfig/deviceConfigClient.go:85.2,86.13 2 0
github.com/k8snetworkplumbingwg/sriov-network-device-plugin/pkg/deviceconfig/deviceConfigClient.go:89.38,90.61 1 0
github.com/k8snetworkplumbingwg/sriov-network-device-plugin/pkg/deviceconfig/deviceConfigClient.go:90.61,93.3 2 0
github.com/k8snetworkplumbingwg/sriov-network-device-plugin/pkg/deviceconfig/deviceConfigClient.go:94.2,94.13 1 0
github.com/k8snetworkplumbingwg/sriov-network-device-plugin/pkg/deviceconfig/deviceConfigClient.go:97.59,100.2 1 0
github.com/k8snetworkplumbingwg/sriov-network-device-plugin/pkg/deviceconfig/deviceConfigClient.go:102.75,104.35 2 0
github.com/k8snetworkplumbingwg/sriov-network-device-plugin/pkg/deviceconfig/deviceConfigClient.go:104.35,107.3 2 0
github.com/k8snetworkplumbingwg/sriov-network-device-plugin/pkg/deviceconfig/deviceConfigClient.go:108.2,110.31 3 0
github.com/k8snetworkplumbingwg/sriov-network-device-plugin/pkg/deviceconfig/deviceConfigClient.go:110.31,112.43 2 0
github.com/k8snetworkplumbingwg/sriov-network-device-plugin/pkg/deviceconfig/deviceConfigClient.go:112.43,114.51 2 0
github.com/k8snetworkplumbingwg/sriov-network-device-plugin/pkg/deviceconfig/deviceConfigClient.go:114.51,117.5 2 0
github.com/k8snetworkplumbingwg/sriov-network-device-plugin/pkg/deviceconfig/deviceConfigClient.go:120.2,121.18 2 0
github.com/k8snetworkplumbingwg/sriov-network-device-plugin/pkg/deviceconfig/deviceConfigClient.go:121.18,123.3 1 0
github.com/k8snetworkplumbingwg/sriov-network-device-plugin/pkg/deviceconfig/deviceConfigClient.go:124.2,124.12 1 0
github.com/k8snetworkplumbingwg/sriov-network-device-plugin/pkg/deviceconfig/deviceConfigClient.go:127.63,129.16 2 0
github.com/k8snetworkplumbingwg/sriov-network-device-plugin/pkg/deviceconfig/deviceConfigClient.go:129.16,131.3 1 0
github.com/k8snetworkplumbingwg/sriov-network-device-plugin/pkg/deviceconfig/deviceConfigClient.go:133.2,136.16 4 0
github.com/k8snetworkplumbingwg/sriov-network-device-plugin/pkg/deviceconfig/deviceConfigClient.go:136.16,140.3 3 0
github.com/k8snetworkplumbingwg/sriov-network-device-plugin/pkg/deviceconfig/deviceConfigClient.go:142.2,146.40 5 0
github.com/k8snetworkplumbingwg/sriov-network-device-plugin/pkg/deviceconfig/deviceConfigClient.go:146.40,150.3 3 0
github.com/k8snetworkplumbingwg/sriov-network-device-plugin/pkg/deviceconfig/deviceConfigClient.go:151.2,152.12 2 0
github.com/k8snetworkplumbingwg/sriov-network-device-plugin/pkg/deviceconfig/deviceConfigClient.go:155.69,160.9 4 0
github.com/k8snetworkplumbingwg/sriov-network-device-plugin/pkg/deviceconfig/deviceConfigClient.go:160.9,162.17 2 0
github.com/k8snetworkplumbingwg/sriov-network-device-plugin/pkg/deviceconfig/deviceConfigClient.go:162.17,164.4 1 0
github.com/k8snetworkplumbingwg/sriov-network-device-plugin/pkg/deviceconfig/deviceConfigClient.go:165.3,166.46 2 0
github.com/k8snetworkplumbingwg/sriov-network-device-plugin/pkg/deviceconfig/deviceConfigClient.go:168.2,168.9 1 0
github.com/k8snetworkplumbingwg/sriov-network-device-plugin/pkg/deviceconfig/deviceConfigClient.go:168.9,171.3 2 0
github.com/k8snetworkplumbingwg/sriov-network-device-plugin/pkg/deviceconfig/deviceConfigClient.go:172.2,172.22 1 0
github.com/k8snetworkplumbingwg/sriov-network-device-plugin/pkg/deviceconfig/deviceConfigClient.go:175.101,181.2 4 0
github.com/k8snetworkplumbingwg/sriov-network-device-plugin/pkg/deviceconfig/deviceConfigClient.go:183.72,199.35 3 0
github.com/k8snetworkplumbingwg/sriov-network-device-plugin/pkg/deviceconfig/deviceConfigClient.go:199.35,202.3 2 0
github.com/k8snetworkplumbingwg/sriov-network-device-plugin/pkg/deviceconfig/deviceConfigClient.go:202.8,204.3 1 0
github.com/k8snetworkplumbingwg/sriov-network-device-plugin/pkg/deviceconfig/deviceConfigClient.go:206.2,207.16 2 0
github.com/k8snetworkplumbingwg/sriov-network-device-plugin/pkg/deviceconfig/deviceConfigClient.go:207.16,211.3 3 0
github.com/k8snetworkplumbingwg/sriov-network-device-plugin/pkg/deviceconfig/deviceConfigClient.go:212.2,214.16 3 0
github.com/k8snetworkplumbingwg/sriov-network-device-plugin/pkg/deviceconfig/deviceConfigClient.go:214.16,218.3 3 0
github.com/k8snetworkplumbingwg/sriov-network-device-plugin/pkg/deviceconfig/deviceConfigClient.go:220.2,220.31 1 0
github.com/k8snetworkplumbingwg/sriov-network-device-plugin/pkg/deviceconfig/deviceConfigClient.go:220.31,221.31 1 0
github.com/k8snetworkplumbingwg/sriov-network-device-plugin/pkg/deviceconfig/deviceConfigClient.go:221.31,223.4 1 0
github.com/k8snetworkplumbingwg/sriov-network-device-plugin/pkg/deviceconfig/deviceConfigClient.go:225.2,226.20 2 0
github.com/k8snetworkplumbingwg/sriov-network-device-plugin/pkg/deviceconfig/deviceConfigHandler.go:37.46,42.2 2 0
github.com/k8snetworkplumbingwg/sriov-network-device-plugin/pkg/deviceconfig/deviceConfigHandler.go:44.74,47.2 2 0
github.com/k8snetworkplumbingwg/sriov-network-device-plugin/pkg/deviceconfig/deviceConfigHandler.go:49.69,51.36 2 0
github.com/k8snetworkplumbingwg/sriov-network-device-plugin/pkg/deviceconfig/deviceConfigHandler.go:51.36,53.17 2 0
github.com/k8snetworkplumbingwg/sriov-network-device-plugin/pkg/deviceconfig/deviceConfigHandler.go:53.17,55.4 1 0
github.com/k8snetworkplumbingwg/sriov-network-device-plugin/pkg/deviceconfig/deviceConfigHandler.go:57.2,57.12 1 0
github.com/k8snetworkplumbingwg/sriov-network-device-plugin/pkg/deviceconfig/deviceConfigHandler.go:60.55,62.36 2 0
github.com/k8snetworkplumbingwg/sriov-network-device-plugin/pkg/deviceconfig/deviceConfigHandler.go:62.36,64.17 2 0
github.com/k8snetworkplumbingwg/sriov-network-device-plugin/pkg/deviceconfig/deviceConfigHandler.go:64.17,66.4 1 0
github.com/k8snetworkplumbingwg/sriov-network-device-plugin/pkg/deviceconfig/deviceConfigHandler.go:68.2,68.12 1 0
github.com/k8snetworkplumbingwg/sriov-network-device-plugin/pkg/infoprovider/extraInfoProvider.go:32.111,37.2 1 6
github.com/k8snetworkplumbingwg/sriov-network-device-plugin/pkg/infoprovider/extraInfoProvider.go:42.47,44.2 1 0
github.com/k8snetworkplumbingwg/sriov-network-device-plugin/pkg/infoprovider/extraInfoProvider.go:46.71,49.2 2 0
github.com/k8snetworkplumbingwg/sriov-network-device-plugin/pkg/infoprovider/extraInfoProvider.go:51.63,55.50 2 5
github.com/k8snetworkplumbingwg/sriov-network-device-plugin/pkg/infoprovider/extraInfoProvider.go:55.50,57.9 2 10
github.com/k8snetworkplumbingwg/sriov-network-device-plugin/pkg/infoprovider/extraInfoProvider.go:57.9,58.36 1 7
github.com/k8snetworkplumbingwg/sriov-network-device-plugin/pkg/infoprovider/extraInfoProvider.go:58.36,60.5 1 9
github.com/k8snetworkplumbingwg/sriov-network-device-plugin/pkg/infoprovider/extraInfoProvider.go:63.2,63.19 1 5
github.com/k8snetworkplumbingwg/sriov-network-device-plugin/pkg/infoprovider/extraInfoProvider.go:66.61,69.2 2 0
github.com/k8snetworkplumbingwg/sriov-network-device-plugin/pkg/infoprovider/genericInfoProvider.go:28.71,32.2 1 3
github.com/k8snetworkplumbingwg/sriov-network-device-plugin/pkg/infoprovider/genericInfoProvider.go:37.49,39.2 1 0
github.com/k8snetworkplumbingwg/sriov-network-device-plugin/pkg/infoprovider/genericInfoProvider.go:41.73,45.2 2 1
github.com/k8snetworkplumbingwg/sriov-network-device-plugin/pkg/infoprovider/genericInfoProvider.go:47.65,51.2 3 0
github.com/k8snetworkplumbingwg/sriov-network-device-plugin/pkg/infoprovider/genericInfoProvider.go:53.63,56.2 2 1
github.com/k8snetworkplumbingwg/sriov-network-device-plugin/pkg/infoprovider/rdmaInfoProvider.go:37.76,41.2 1 5
github.com/k8snetworkplumbingwg/sriov-network-device-plugin/pkg/infoprovider/rdmaInfoProvider.go:46.46,48.2 1 0
github.com/k8snetworkplumbingwg/sriov-network-device-plugin/pkg/infoprovider/rdmaInfoProvider.go:50.70,51.27 1 3
github.com/k8snetworkplumbingwg/sriov-network-device-plugin/pkg/infoprovider/rdmaInfoProvider.go:51.27,54.3 2 1
github.com/k8snetworkplumbingwg/sriov-network-device-plugin/pkg/infoprovider/rdmaInfoProvider.go:56.2,58.17 3 2
github.com/k8snetworkplumbingwg/sriov-network-device-plugin/pkg/infoprovider/rdmaInfoProvider.go:61.62,64.35 3 1
github.com/k8snetworkplumbingwg/sriov-network-device-plugin/pkg/infoprovider/rdmaInfoProvider.go:64.35,65.56 1 4
github.com/k8snetworkplumbingwg/sriov-network-device-plugin/pkg/infoprovider/rdmaInfoProvider.go:65.56,67.4 1 1
github.com/k8snetworkplumbingwg/sriov-network-device-plugin/pkg/infoprovider/rdmaInfoProvider.go:67.9,67.61 1 3
github.com/k8snetworkplumbingwg/sriov-network-device-plugin/pkg/infoprovider/rdmaInfoProvider.go:67.61,69.4 1 1
github.com/k8snetworkplumbingwg/sriov-network-device-plugin/pkg/infoprovider/rdmaInfoProvider.go:69.9,69.61 1 2
github.com/k8snetworkplumbingwg/sriov-network-device-plugin/pkg/infoprovider/rdmaInfoProvider.go:69.61,71.4 1 1
github.com/k8snetworkplumbingwg/sriov-network-device-plugin/pkg/infoprovider/rdmaInfoProvider.go:71.9,71.64 1 1
github.com/k8snetworkplumbingwg/sriov-network-device-plugin/pkg/infoprovider/rdmaInfoProvider.go:71.64,73.4 1 1
github.com/k8snetworkplumbingwg/sriov-network-device-plugin/pkg/infoprovider/rdmaInfoProvider.go:76.2,77.19 2 1
github.com/k8snetworkplumbingwg/sriov-network-device-plugin/pkg/infoprovider/rdmaInfoProvider.go:77.19,79.3 1 1
github.com/k8snetworkplumbingwg/sriov-network-device-plugin/pkg/infoprovider/rdmaInfoProvider.go:81.2,81.13 1 1
github.com/k8snetworkplumbingwg/sriov-network-device-plugin/pkg/infoprovider/rdmaInfoProvider.go:84.60,86.2 1 1
github.com/k8snetworkplumbingwg/sriov-network-device-plugin/pkg/infoprovider/uioInfoProvider.go:31.66,35.2 1 5
github.com/k8snetworkplumbingwg/sriov-network-device-plugin/pkg/infoprovider/uioInfoProvider.go:40.45,42.2 1 0
github.com/k8snetworkplumbingwg/sriov-network-device-plugin/pkg/infoprovider/uioInfoProvider.go:44.69,48.16 3 3
github.com/k8snetworkplumbingwg/sriov-network-device-plugin/pkg/infoprovider/uioInfoProvider.go:48.16,50.3 1 1
github.com/k8snetworkplumbingwg/sriov-network-device-plugin/pkg/infoprovider/uioInfoProvider.go:50.8,57.3 2 2
github.com/k8snetworkplumbingwg/sriov-network-device-plugin/pkg/infoprovider/uioInfoProvider.go:59.2,59.17 1 3
github.com/k8snetworkplumbingwg/sriov-network-device-plugin/pkg/infoprovider/uioInfoProvider.go:62.61,64.21 2 1
github.com/k8snetworkplumbingwg/sriov-network-device-plugin/pkg/infoprovider/uioInfoProvider.go:64.21,66.3 1 1
github.com/k8snetworkplumbingwg/sriov-network-device-plugin/pkg/infoprovider/uioInfoProvider.go:68.2,68.13 1 1
github.com/k8snetworkplumbingwg/sriov-network-device-plugin/pkg/infoprovider/uioInfoProvider.go:71.59,74.2 2 1
github.com/k8snetworkplumbingwg/sriov-network-device-plugin/pkg/infoprovider/vdpaInfoProvider.go:37.102,43.2 2 10
github.com/k8snetworkplumbingwg/sriov-network-device-plugin/pkg/infoprovider/vdpaInfoProvider.go:48.47,50.2 1 0
github.com/k8snetworkplumbingwg/sriov-network-device-plugin/pkg/infoprovider/vdpaInfoProvider.go:53.71,54.47 1 7
github.com/k8snetworkplumbingwg/sriov-network-device-plugin/pkg/infoprovider/vdpaInfoProvider.go:54.47,58.3 2 4
github.com/k8snetworkplumbingwg/sriov-network-device-plugin/pkg/infoprovider/vdpaInfoProvider.go:59.2,62.41 2 3
github.com/k8snetworkplumbingwg/sriov-network-device-plugin/pkg/infoprovider/vdpaInfoProvider.go:62.41,64.17 2 2
github.com/k8snetworkplumbingwg/sriov-network-device-plugin/pkg/infoprovider/vdpaInfoProvider.go:64.17,67.4 2 0
github.com/k8snetworkplumbingwg/sriov-network-device-plugin/pkg/infoprovider/vdpaInfoProvider.go:68.3,73.26 2 2
github.com/k8snetworkplumbingwg/sriov-network-device-plugin/pkg/infoprovider/vdpaInfoProvider.go:75.2,75.17 1 3
github.com/k8snetworkplumbingwg/sriov-network-device-plugin/pkg/infoprovider/vdpaInfoProvider.go:79.63,81.24 2 2
github.com/k8snetworkplumbingwg/sriov-network-device-plugin/pkg/infoprovider/vdpaInfoProvider.go:81.24,83.3 1 1
github.com/k8snetworkplumbingwg/sriov-network-device-plugin/pkg/infoprovider/vdpaInfoProvider.go:85.2,85.13 1 2
github.com/k8snetworkplumbingwg/sriov-network-device-plugin/pkg/infoprovider/vdpaInfoProvider.go:89.61,92.2 2 1
github.com/k8snetworkplumbingwg/sriov-network-device-plugin/pkg/infoprovider/vdpaInfoProvider.go:95.56,96.20 1 7
github.com/k8snetworkplumbingwg/sriov-network-device-plugin/pkg/infoprovider/vdpaInfoProvider.go:96.20,98.3 1 1
github.com/k8snetworkplumbingwg/sriov-network-device-plugin/pkg/infoprovider/vdpaInfoProvider.go:100.2,100.58 1 6
github.com/k8snetworkplumbingwg/sriov-network-device-plugin/pkg/infoprovider/vdpaInfoProvider.go:100.58,102.3 1 1
github.com/k8snetworkplumbingwg/sriov-network-device-plugin/pkg/infoprovider/vdpaInfoProvider.go:103.2,104.36 2 5
github.com/k8snetworkplumbingwg/sriov-network-device-plugin/pkg/infoprovider/vdpaInfoProvider.go:104.36,106.3 1 1
github.com/k8snetworkplumbingwg/sriov-network-device-plugin/pkg/infoprovider/vdpaInfoProvider.go:107.2,107.27 1 4
github.com/k8snetworkplumbingwg/sriov-network-device-plugin/pkg/infoprovider/vdpaInfoProvider.go:107.27,110.3 1 1
github.com/k8snetworkplumbingwg/sriov-network-device-plugin/pkg/infoprovider/vdpaInfoProvider.go:111.2,111.18 1 3
github.com/k8snetworkplumbingwg/sriov-network-device-plugin/pkg/infoprovider/vfioInfoProvider.go:35.67,40.2 1 5
github.com/k8snetworkplumbingwg/sriov-network-device-plugin/pkg/infoprovider/vfioInfoProvider.go:45.46,47.2 1 0
github.com/k8snetworkplumbingwg/sriov-network-device-plugin/pkg/infoprovider/vfioInfoProvider.go:49.70,58.16 4 3
github.com/k8snetworkplumbingwg/sriov-network-device-plugin/pkg/infoprovider/vfioInfoProvider.go:58.16,60.3 1 1
github.com/k8snetworkplumbingwg/sriov-network-device-plugin/pkg/infoprovider/vfioInfoProvider.go:60.8,67.3 2 2
github.com/k8snetworkplumbingwg/sriov-network-device-plugin/pkg/infoprovider/vfioInfoProvider.go:69.2,69.17 1 3
github.com/k8snetworkplumbingwg/sriov-network-device-plugin/pkg/infoprovider/vfioInfoProvider.go:72.62,75.31 3 1
github.com/k8snetworkplumbingwg/sriov-network-device-plugin/pkg/infoprovider/vfioInfoProvider.go:75.31,77.3 1 1
github.com/k8snetworkplumbingwg/sriov-network-device-plugin/pkg/infoprovider/vfioInfoProvider.go:79.2,79.13 1 1
github.com/k8snetworkplumbingwg/sriov-network-device-plugin/pkg/infoprovider/vfioInfoProvider.go:82.60,85.2 2 1
github.com/k8snetworkplumbingwg/sriov-network-device-plugin/pkg/infoprovider/vhostNetInfoProvider.go:45.57,47.2 1 4
github.com/k8snetworkplumbingwg/sriov-network-device-plugin/pkg/infoprovider/vhostNetInfoProvider.go:50.33,53.2 2 1
github.com/k8snetworkplumbingwg/sriov-network-device-plugin/pkg/infoprovider/vhostNetInfoProvider.go:56.54,65.2 3 1
github.com/k8snetworkplumbingwg/sriov-network-device-plugin/pkg/infoprovider/vhostNetInfoProvider.go:68.28,71.2 2 1
github.com/k8snetworkplumbingwg/sriov-network-device-plugin/pkg/infoprovider/vhostNetInfoProvider.go:74.49,83.2 3 1
github.com/k8snetworkplumbingwg/sriov-network-device-plugin/pkg/infoprovider/vhostNetInfoProvider.go:88.50,90.2 1 0
github.com/k8snetworkplumbingwg/sriov-network-device-plugin/pkg/infoprovider/vhostNetInfoProvider.go:92.74,93.28 1 1
github.com/k8snetworkplumbingwg/sriov-network-device-plugin/pkg/infoprovider/vhostNetInfoProvider.go:93.28,96.3 2 0
github.com/k8snetworkplumbingwg/sriov-network-device-plugin/pkg/infoprovider/vhostNetInfoProvider.go:97.2,99.23 2 1
github.com/k8snetworkplumbingwg/sriov-network-device-plugin/pkg/infoprovider/vhostNetInfoProvider.go:99.23,102.3 2 0
github.com/k8snetworkplumbingwg/sriov-network-device-plugin/pkg/infoprovider/vhostNetInfoProvider.go:103.2,105.19 2 1
github.com/k8snetworkplumbingwg/sriov-network-device-plugin/pkg/infoprovider/vhostNetInfoProvider.go:108.66,114.2 4 1
github.com/k8snetworkplumbingwg/sriov-network-device-plugin/pkg/infoprovider/vhostNetInfoProvider.go:116.64,118.2 1 1
github.com/k8snetworkplumbingwg/sriov-network-device-plugin/tools/build/copyright/main.go:30.64,38.16 5 0
github.com/k8snetworkplumbingwg/sriov-network-device-plugin/tools/build/copyright/main.go:38.16,40.3 1 0
github.com/k8snetworkplumbingwg/sriov-network-device-plugin/tools/build/copyright/main.go:43.2,43.41 1 0
github.com/k8snetworkplumbingwg/sriov-network-device-plugin/tools/build/copyright/main.go:43.41,45.3 1 0
github.com/k8snetworkplumbingwg/sriov-network-device-plugin/tools/build/copyright/main.go:48.2,51.18 3 0
github.com/k8snetworkplumbingwg/sriov-network-device-plugin/tools/build/copyright/main.go:51.18,55.17 3 0
github.com/k8snetworkplumbingwg/sriov-network-device-plugin/tools/build/copyright/main.go:55.17,57.4 1 0
github.com/k8snetworkplumbingwg/sriov-network-device-plugin/tools/build/copyright/main.go:58.3,59.13 2 0
github.com/k8snetworkplumbingwg/sriov-network-device-plugin/tools/build/copyright/main.go:63.2,66.87 3 0
github.com/k8snetworkplumbingwg/sriov-network-device-plugin/tools/build/copyright/main.go:66.87,68.3 1 0
github.com/k8snetworkplumbingwg/sriov-network-device-plugin/tools/build/copyright/main.go:68.8,68.77 1 0
github.com/k8snetworkplumbingwg/sriov-network-device-plugin/tools/build/copyright/main.go:68.77,70.3 1 0
github.com/k8snetworkplumbingwg/sriov-network-device-plugin/tools/build/copyright/main.go:72.2,72.9 1 0
github.com/k8snetworkplumbingwg/sriov-network-device-plugin/tools/build/copyright/main.go:73.24,75.13 2 0
github.com/k8snetworkplumbingwg/sriov-network-device-plugin/tools/build/copyright/main.go:76.21,82.17 5 0
github.com/k8snetworkplumbingwg/sriov-network-device-plugin/tools/build/copyright/main.go:82.17,84.4 1 0
github.com/k8snetworkplumbingwg/sriov-network-device-plugin/tools/build/copyright/main.go:85.3,86.13 2 0
github.com/k8snetworkplumbingwg/sriov-network-device-plugin/tools/build/copyright/main.go:87.10,91.17 3 0
github.com/k8snetworkplumbingwg/sriov-network-device-plugin/tools/build/copyright/main.go:91.17,93.4 1 0
github.com/k8snetworkplumbingwg/sriov-network-device-plugin/tools/build/copyright/main.go:94.3,94.57 1 0
github.com/k8snetworkplumbingwg/sriov-network-device-plugin/tools/build/copyright/main.go:97.2,97.12 1 0
github.com/k8snetworkplumbingwg/sriov-network-device-plugin/tools/build/copyright/main.go:100.13,124.91 5 0
github.com/k8snetworkplumbingwg/sriov-network-device-plugin/tools/build/copyright/main.go:124.91,125.17 1 0
github.com/k8snetworkplumbingwg/sriov-network-device-plugin/tools/build/copyright/main.go:125.17,127.4 1 0
github.com/k8snetworkplumbingwg/sriov-network-device-plugin/tools/build/copyright/main.go:129.3,129.19 1 0
github.com/k8snetworkplumbingwg/sriov-network-device-plugin/tools/build/copyright/main.go:129.19,130.36 1 0
github.com/k8snetworkplumbingwg/sriov-network-device-plugin/tools/build/copyright/main.go:130.36,133.5 2 0
github.com/k8snetworkplumbingwg/sriov-network-device-plugin/tools/build/copyright/main.go:134.4,134.14 1 0
github.com/k8snetworkplumbingwg/sriov-network-device-plugin/tools/build/copyright/main.go:138.3,138.45 1 0
github.com/k8snetworkplumbingwg/sriov-network-device-plugin/tools/build/copyright/main.go:138.45,140.4 1 0
github.com/k8snetworkplumbingwg/sriov-network-device-plugin/tools/build/copyright/main.go:143.3,144.17 2 0
github.com/k8snetworkplumbingwg/sriov-network-device-plugin/tools/build/copyright/main.go:144.17,147.4 2 0
github.com/k8snetworkplumbingwg/sriov-network-device-plugin/tools/build/copyright/main.go:149.3,149.16 1 0
github.com/k8snetworkplumbingwg/sriov-network-device-plugin/tools/build/copyright/main.go:149.16,152.4 2 0
github.com/k8snetworkplumbingwg/sriov-network-device-plugin/tools/build/copyright/main.go:154.3,155.13 2 0
github.com/k8snetworkplumbingwg/sriov-network-device-plugin/tools/build/copyright/main.go:158.2,158.16 1 0
github.com/k8snetworkplumbingwg/sriov-network-device-plugin/tools/build/copyright/main.go:158.16,160.3 1 0
github.com/k8snetworkplumbingwg/sriov-network-device-plugin/tools/build/copyright/main.go:164.74,167.16 3 0
github.com/k8snetworkplumbingwg/sriov-network-device-plugin/tools/build/copyright/main.go:167.16,170.3 1 0
github.com/k8snetworkplumbingwg/sriov-network-device-plugin/tools/build/copyright/main.go:172.2,173.17 2 0
github.com/k8snetworkplumbingwg/sriov-network-device-plugin/tools/build/copyright/main.go:173.17,176.3 1 0
github.com/k8snetworkplumbingwg/sriov-network-device-plugin/tools/build/copyright/main.go:178.2,179.16 2 0
github.com/k8snetworkplumbingwg/sriov-network-device-plugin/tools/build/copyright/main.go:179.16,181.3 1 0
github.com/k8snetworkplumbingwg/sriov-network-device-plugin/tools/build/copyright/main.go:183.2,184.39 2 0
github.com/k8snetworkplumbingwg/sriov-network-device-plugin/pkg/utils/ddp.go:58.50,59.90 1 0
github.com/k8snetworkplumbingwg/sriov-network-device-plugin/pkg/utils/ddp.go:59.90,60.49 1 0
github.com/k8snetworkplumbingwg/sriov-network-device-plugin/pkg/utils/ddp.go:60.49,61.47 1 0
github.com/k8snetworkplumbingwg/sriov-network-device-plugin/pkg/utils/ddp.go:61.47,63.5 1 0
github.com/k8snetworkplumbingwg/sriov-network-device-plugin/pkg/utils/ddp.go:66.3,66.15 1 0
github.com/k8snetworkplumbingwg/sriov-network-device-plugin/pkg/utils/ddp.go:69.2,69.13 1 0
github.com/k8snetworkplumbingwg/sriov-network-device-plugin/pkg/utils/ddp.go:73.49,77.34 4 5
github.com/k8snetworkplumbingwg/sriov-network-device-plugin/pkg/utils/ddp.go:77.34,78.68 1 2
github.com/k8snetworkplumbingwg/sriov-network-device-plugin/pkg/utils/ddp.go:78.68,80.4 1 0
github.com/k8snetworkplumbingwg/sriov-network-device-plugin/pkg/utils/ddp.go:81.3,81.17 1 2
github.com/k8snetworkplumbingwg/sriov-network-device-plugin/pkg/utils/ddp.go:84.2,84.45 1 3
github.com/k8snetworkplumbingwg/sriov-network-device-plugin/pkg/utils/ddp.go:90.54,92.52 2 8
github.com/k8snetworkplumbingwg/sriov-network-device-plugin/pkg/utils/ddp.go:92.52,94.3 1 4
github.com/k8snetworkplumbingwg/sriov-network-device-plugin/pkg/utils/ddp.go:96.2,96.48 1 4
github.com/k8snetworkplumbingwg/sriov-network-device-plugin/pkg/utils/ddp.go:96.48,98.3 1 2
github.com/k8snetworkplumbingwg/sriov-network-device-plugin/pkg/utils/ddp.go:100.2,100.50 1 2
github.com/k8snetworkplumbingwg/sriov-network-device-plugin/pkg/utils/netlink_provider.go:44.113,46.2 1 0
github.com/k8snetworkplumbingwg/sriov-network-device-plugin/pkg/utils/netlink_provider.go:49.43,51.2 1 7
github.com/k8snetworkplumbingwg/sriov-network-device-plugin/pkg/utils/netlink_provider.go:56.80,58.16 2 0
github.com/k8snetworkplumbingwg/sriov-network-device-plugin/pkg/utils/netlink_provider.go:58.16,61.3 1 0
github.com/k8snetworkplumbingwg/sriov-network-device-plugin/pkg/utils/netlink_provider.go:62.2,62.59 1 0
github.com/k8snetworkplumbingwg/sriov-network-device-plugin/pkg/utils/netlink_provider.go:62.59,64.3 1 0
github.com/k8snetworkplumbingwg/sriov-network-device-plugin/pkg/utils/netlink_provider.go:65.2,67.9 3 0
github.com/k8snetworkplumbingwg/sriov-network-device-plugin/pkg/utils/netlink_provider.go:67.9,69.3 1 0
github.com/k8snetworkplumbingwg/sriov-network-device-plugin/pkg/utils/netlink_provider.go:70.2,70.23 1 0
github.com/k8snetworkplumbingwg/sriov-network-device-plugin/pkg/utils/netlink_provider.go:74.82,76.16 2 0
github.com/k8snetworkplumbingwg/sriov-network-device-plugin/pkg/utils/netlink_provider.go:76.16,78.3 1 0
github.com/k8snetworkplumbingwg/sriov-network-device-plugin/pkg/utils/netlink_provider.go:79.2,79.26 1 0
github.com/k8snetworkplumbingwg/sriov-network-device-plugin/pkg/utils/netlink_provider.go:83.110,85.16 2 0
github.com/k8snetworkplumbingwg/sriov-network-device-plugin/pkg/utils/netlink_provider.go:85.16,87.3 1 0
github.com/k8snetworkplumbingwg/sriov-network-device-plugin/pkg/utils/netlink_provider.go:88.2,88.34 1 0
github.com/k8snetworkplumbingwg/sriov-network-device-plugin/pkg/utils/netlink_provider.go:92.83,94.16 2 0
github.com/k8snetworkplumbingwg/sriov-network-device-plugin/pkg/utils/netlink_provider.go:94.16,96.3 1 0
github.com/k8snetworkplumbingwg/sriov-network-device-plugin/pkg/utils/netlink_provider.go:97.2,97.41 1 0
github.com/k8snetworkplumbingwg/sriov-network-device-plugin/pkg/utils/netlink_provider.go:101.51,103.2 1 19
github.com/k8snetworkplumbingwg/sriov-network-device-plugin/pkg/utils/netlink_provider.go:112.56,113.100 1 2
github.com/k8snetworkplumbingwg/sriov-network-device-plugin/pkg/utils/netlink_provider.go:113.100,115.3 1 1
github.com/k8snetworkplumbingwg/sriov-network-device-plugin/pkg/utils/netlink_provider.go:117.2,117.13 1 1
github.com/k8snetworkplumbingwg/sriov-network-device-plugin/pkg/utils/netlink_provider.go:121.59,123.2 1 2
github.com/k8snetworkplumbingwg/sriov-network-device-plugin/pkg/utils/netlink_provider.go:126.97,128.16 2 5
github.com/k8snetworkplumbingwg/sriov-network-device-plugin/pkg/utils/netlink_provider.go:128.16,130.3 1 2
github.com/k8snetworkplumbingwg/sriov-network-device-plugin/pkg/utils/netlink_provider.go:132.2,134.27 2 3
github.com/k8snetworkplumbingwg/sriov-network-device-plugin/pkg/utils/netlink_provider.go:134.27,135.41 1 3
github.com/k8snetworkplumbingwg/sriov-network-device-plugin/pkg/utils/netlink_provider.go:135.41,137.4 1 2
github.com/k8snetworkplumbingwg/sriov-network-device-plugin/pkg/utils/netlink_provider.go:137.9,139.4 1 1
github.com/k8snetworkplumbingwg/sriov-network-device-plugin/pkg/utils/netlink_provider.go:142.2,142.18 1 2
github.com/k8snetworkplumbingwg/sriov-network-device-plugin/pkg/utils/netlink_provider.go:146.75,149.16 3 2
github.com/k8snetworkplumbingwg/sriov-network-device-plugin/pkg/utils/netlink_provider.go:149.16,151.3 1 1
github.com/k8snetworkplumbingwg/sriov-network-device-plugin/pkg/utils/netlink_provider.go:153.2,153.23 1 1
github.com/k8snetworkplumbingwg/sriov-network-device-plugin/pkg/utils/netlink_provider.go:160.51,162.2 1 1
github.com/k8snetworkplumbingwg/sriov-network-device-plugin/pkg/utils/rdma_provider.go:37.45,39.2 1 0
github.com/k8snetworkplumbingwg/sriov-network-device-plugin/pkg/utils/rdma_provider.go:42.37,44.2 1 0
github.com/k8snetworkplumbingwg/sriov-network-device-plugin/pkg/utils/rdma_provider.go:46.77,48.2 1 0
github.com/k8snetworkplumbingwg/sriov-network-device-plugin/pkg/utils/rdma_provider.go:50.78,52.2 1 0
github.com/k8snetworkplumbingwg/sriov-network-device-plugin/pkg/utils/rdma_provider.go:54.79,56.2 1 0
github.com/k8snetworkplumbingwg/sriov-network-device-plugin/pkg/utils/sriovnet_provider.go:24.53,26.2 1 5
github.com/k8snetworkplumbingwg/sriov-network-device-plugin/pkg/utils/sriovnet_provider.go:29.45,31.2 1 8
github.com/k8snetworkplumbingwg/sriov-network-device-plugin/pkg/utils/sriovnet_provider.go:33.90,35.2 1 0
github.com/k8snetworkplumbingwg/sriov-network-device-plugin/pkg/utils/sriovnet_provider.go:37.91,39.2 1 0
github.com/k8snetworkplumbingwg/sriov-network-device-plugin/pkg/utils/sriovnet_provider.go:41.79,43.2 1 0
github.com/k8snetworkplumbingwg/sriov-network-device-plugin/pkg/utils/sriovnet_provider.go:45.79,47.2 1 0
github.com/k8snetworkplumbingwg/sriov-network-device-plugin/pkg/utils/sriovnet_provider.go:49.86,51.2 1 0
github.com/k8snetworkplumbingwg/sriov-network-device-plugin/pkg/utils/sriovnet_provider.go:53.90,55.2 1 0
github.com/k8snetworkplumbingwg/sriov-network-device-plugin/pkg/utils/sriovnet_provider.go:57.86,59.2 1 0
github.com/k8snetworkplumbingwg/sriov-network-device-plugin/pkg/utils/testing.go:24.40,27.16 2 64
github.com/k8snetworkplumbingwg/sriov-network-device-plugin/pkg/utils/testing.go:27.16,28.69 1 0
github.com/k8snetworkplumbingwg/sriov-network-device-plugin/pkg/utils/testing.go:30.2,32.30 2 64
github.com/k8snetworkplumbingwg/sriov-network-device-plugin/pkg/utils/testing.go:32.30,35.17 2 64
github.com/k8snetworkplumbingwg/sriov-network-device-plugin/pkg/utils/testing.go:35.17,36.71 1 0
github.com/k8snetworkplumbingwg/sriov-network-device-plugin/pkg/utils/testing.go:39.2,39.39 1 64
github.com/k8snetworkplumbingwg/sriov-network-device-plugin/pkg/utils/testing.go:39.39,42.17 2 20
github.com/k8snetworkplumbingwg/sriov-network-device-plugin/pkg/utils/testing.go:42.17,43.66 1 0
github.com/k8snetworkplumbingwg/sriov-network-device-plugin/pkg/utils/testing.go:47.2,48.16 2 64
github.com/k8snetworkplumbingwg/sriov-network-device-plugin/pkg/utils/testing.go:48.16,49.70 1 0
github.com/k8snetworkplumbingwg/sriov-network-device-plugin/pkg/utils/testing.go:52.2,53.16 2 64
github.com/k8snetworkplumbingwg/sriov-network-device-plugin/pkg/utils/testing.go:53.16,54.74 1 0
github.com/k8snetworkplumbingwg/sriov-network-device-plugin/pkg/utils/testing.go:57.2,59.40 2 64
github.com/k8snetworkplumbingwg/sriov-network-device-plugin/pkg/utils/testing.go:59.40,61.17 2 15
github.com/k8snetworkplumbingwg/sriov-network-device-plugin/pkg/utils/testing.go:61.17,62.69 1 0
github.com/k8snetworkplumbingwg/sriov-network-device-plugin/pkg/utils/testing.go:66.2,69.16 3 64
github.com/k8snetworkplumbingwg/sriov-network-device-plugin/pkg/utils/testing.go:69.16,72.17 2 64
github.com/k8snetworkplumbingwg/sriov-network-device-plugin/pkg/utils/testing.go:72.17,73.76 1 0
github.com/k8snetworkplumbingwg/sriov-network-device-plugin/pkg/utils/testing.go:82.38,84.16 2 64
github.com/k8snetworkplumbingwg/sriov-network-device-plugin/pkg/utils/testing.go:84.16,85.72 1 0
github.com/k8snetworkplumbingwg/sriov-network-device-plugin/pkg/utils/testing.go:89.2,91.16 3 64
github.com/k8snetworkplumbingwg/sriov-network-device-plugin/pkg/utils/testing.go:91.16,92.105 1 0
github.com/k8snetworkplumbingwg/sriov-network-device-plugin/pkg/utils/testing.go:96.2,97.16 2 64
github.com/k8snetworkplumbingwg/sriov-network-device-plugin/pkg/utils/testing.go:97.16,98.65 1 0
github.com/k8snetworkplumbingwg/sriov-network-device-plugin/pkg/utils/testing.go:103.38,119.2 6 1
github.com/k8snetworkplumbingwg/sriov-network-device-plugin/pkg/utils/utils.go:49.49,50.44 1 0
github.com/k8snetworkplumbingwg/sriov-network-device-plugin/pkg/utils/utils.go:50.44,52.3 1 0
github.com/k8snetworkplumbingwg/sriov-network-device-plugin/pkg/utils/utils.go:53.2,53.13 1 0
github.com/k8snetworkplumbingwg/sriov-network-device-plugin/pkg/utils/utils.go:58.48,61.16 3 7
github.com/k8snetworkplumbingwg/sriov-network-device-plugin/pkg/utils/utils.go:61.16,62.25 1 4
github.com/k8snetworkplumbingwg/sriov-network-device-plugin/pkg/utils/utils.go:62.25,64.4 1 1
github.com/k8snetworkplumbingwg/sriov-network-device-plugin/pkg/utils/utils.go:65.3,65.79 1 3
github.com/k8snetworkplumbingwg/sriov-network-device-plugin/pkg/utils/utils.go:67.2,67.36 1 3
github.com/k8snetworkplumbingwg/sriov-network-device-plugin/pkg/utils/utils.go:72.48,73.25 1 5
github.com/k8snetworkplumbingwg/sriov-network-device-plugin/pkg/utils/utils.go:73.25,75.3 1 1
github.com/k8snetworkplumbingwg/sriov-network-device-plugin/pkg/utils/utils.go:77.2,78.25 2 4
github.com/k8snetworkplumbingwg/sriov-network-device-plugin/pkg/utils/utils.go:78.25,81.125 1 2
github.com/k8snetworkplumbingwg/sriov-network-device-plugin/pkg/utils/utils.go:81.125,83.4 1 0
github.com/k8snetworkplumbingwg/sriov-network-device-plugin/pkg/utils/utils.go:83.9,85.4 1 2
github.com/k8snetworkplumbingwg/sriov-network-device-plugin/pkg/utils/utils.go:86.8,86.50 1 2
github.com/k8snetworkplumbingwg/sriov-network-device-plugin/pkg/utils/utils.go:86.50,88.17 2 1
github.com/k8snetworkplumbingwg/sriov-network-device-plugin/pkg/utils/utils.go:88.17,90.4 1 0
github.com/k8snetworkplumbingwg/sriov-network-device-plugin/pkg/utils/utils.go:92.3,92.19 1 1
github.com/k8snetworkplumbingwg/sriov-network-device-plugin/pkg/utils/utils.go:95.2,97.16 3 1
github.com/k8snetworkplumbingwg/sriov-network-device-plugin/pkg/utils/utils.go:97.16,98.25 1 0
github.com/k8snetworkplumbingwg/sriov-network-device-plugin/pkg/utils/utils.go:98.25,100.4 1 0
github.com/k8snetworkplumbingwg/sriov-network-device-plugin/pkg/utils/utils.go:101.3,101.17 1 0
github.com/k8snetworkplumbingwg/sriov-network-device-plugin/pkg/utils/utils.go:102.8,102.27 1 1
github.com/k8snetworkplumbingwg/sriov-network-device-plugin/pkg/utils/utils.go:102.27,104.3 1 1
github.com/k8snetworkplumbingwg/sriov-network-device-plugin/pkg/utils/utils.go:105.2,105.74 1 0
github.com/k8snetworkplumbingwg/sriov-network-device-plugin/pkg/utils/utils.go:110.61,112.16 2 4
github.com/k8snetworkplumbingwg/sriov-network-device-plugin/pkg/utils/utils.go:112.16,115.17 2 3
github.com/k8snetworkplumbingwg/sriov-network-device-plugin/pkg/utils/utils.go:115.17,117.4 1 1
github.com/k8snetworkplumbingwg/sriov-network-device-plugin/pkg/utils/utils.go:118.3,119.17 2 2
github.com/k8snetworkplumbingwg/sriov-network-device-plugin/pkg/utils/utils.go:119.17,121.4 1 1
github.com/k8snetworkplumbingwg/sriov-network-device-plugin/pkg/utils/utils.go:123.3,123.24 1 1
github.com/k8snetworkplumbingwg/sriov-network-device-plugin/pkg/utils/utils.go:123.24,125.4 1 0
github.com/k8snetworkplumbingwg/sriov-network-device-plugin/pkg/utils/utils.go:127.3,127.25 1 1
github.com/k8snetworkplumbingwg/sriov-network-device-plugin/pkg/utils/utils.go:129.2,129.20 1 1
github.com/k8snetworkplumbingwg/sriov-network-device-plugin/pkg/utils/utils.go:133.37,135.52 2 2
github.com/k8snetworkplumbingwg/sriov-network-device-plugin/pkg/utils/utils.go:135.52,137.3 1 1
github.com/k8snetworkplumbingwg/sriov-network-device-plugin/pkg/utils/utils.go:139.2,139.13 1 1
github.com/k8snetworkplumbingwg/sriov-network-device-plugin/pkg/utils/utils.go:143.37,145.52 2 7
github.com/k8snetworkplumbingwg/sriov-network-device-plugin/pkg/utils/utils.go:145.52,147.3 1 2
github.com/k8snetworkplumbingwg/sriov-network-device-plugin/pkg/utils/utils.go:148.2,148.13 1 5
github.com/k8snetworkplumbingwg/sriov-network-device-plugin/pkg/utils/utils.go:152.37,155.16 3 5
github.com/k8snetworkplumbingwg/sriov-network-device-plugin/pkg/utils/utils.go:155.16,157.3 1 2
github.com/k8snetworkplumbingwg/sriov-network-device-plugin/pkg/utils/utils.go:158.2,160.16 3 3
github.com/k8snetworkplumbingwg/sriov-network-device-plugin/pkg/utils/utils.go:160.16,162.3 1 1
github.com/k8snetworkplumbingwg/sriov-network-device-plugin/pkg/utils/utils.go:163.2,163.25 1 2
github.com/k8snetworkplumbingwg/sriov-network-device-plugin/pkg/utils/utils.go:167.56,171.16 4 3
github.com/k8snetworkplumbingwg/sriov-network-device-plugin/pkg/utils/utils.go:171.16,174.3 2 1
github.com/k8snetworkplumbingwg/sriov-network-device-plugin/pkg/utils/utils.go:176.2,178.16 2 2
github.com/k8snetworkplumbingwg/sriov-network-device-plugin/pkg/utils/utils.go:178.16,181.3 2 0
github.com/k8snetworkplumbingwg/sriov-network-device-plugin/pkg/utils/utils.go:184.2,184.29 1 2
github.com/k8snetworkplumbingwg/sriov-network-device-plugin/pkg/utils/utils.go:184.29,186.57 2 1
github.com/k8snetworkplumbingwg/sriov-network-device-plugin/pkg/utils/utils.go:186.57,188.18 2 1
github.com/k8snetworkplumbingwg/sriov-network-device-plugin/pkg/utils/utils.go:188.18,191.5 2 1
github.com/k8snetworkplumbingwg/sriov-network-device-plugin/pkg/utils/utils.go:194.2,194.8 1 2
github.com/k8snetworkplumbingwg/sriov-network-device-plugin/pkg/utils/utils.go:198.72,201.16 3 3
github.com/k8snetworkplumbingwg/sriov-network-device-plugin/pkg/utils/utils.go:201.16,204.3 2 1
github.com/k8snetworkplumbingwg/sriov-network-device-plugin/pkg/utils/utils.go:206.2,206.44 1 2
github.com/k8snetworkplumbingwg/sriov-network-device-plugin/pkg/utils/utils.go:206.44,209.3 2 1
github.com/k8snetworkplumbingwg/sriov-network-device-plugin/pkg/utils/utils.go:211.2,212.16 2 1
github.com/k8snetworkplumbingwg/sriov-network-device-plugin/pkg/utils/utils.go:212.16,215.3 2 0
github.com/k8snetworkplumbingwg/sriov-network-device-plugin/pkg/utils/utils.go:217.2,218.8 2 1
github.com/k8snetworkplumbingwg/sriov-network-device-plugin/pkg/utils/utils.go:222.40,225.16 3 3
github.com/k8snetworkplumbingwg/sriov-network-device-plugin/pkg/utils/utils.go:225.16,227.3 1 1
github.com/k8snetworkplumbingwg/sriov-network-device-plugin/pkg/utils/utils.go:228.2,230.16 3 2
github.com/k8snetworkplumbingwg/sriov-network-device-plugin/pkg/utils/utils.go:230.16,232.3 1 1
github.com/k8snetworkplumbingwg/sriov-network-device-plugin/pkg/utils/utils.go:233.2,233.15 1 1
github.com/k8snetworkplumbingwg/sriov-network-device-plugin/pkg/utils/utils.go:237.37,240.16 3 5
github.com/k8snetworkplumbingwg/sriov-network-device-plugin/pkg/utils/utils.go:240.16,242.3 1 1
github.com/k8snetworkplumbingwg/sriov-network-device-plugin/pkg/utils/utils.go:243.2,245.16 3 4
github.com/k8snetworkplumbingwg/sriov-network-device-plugin/pkg/utils/utils.go:245.16,247.3 1 1
github.com/k8snetworkplumbingwg/sriov-network-device-plugin/pkg/utils/utils.go:248.2,248.16 1 3
github.com/k8snetworkplumbingwg/sriov-network-device-plugin/pkg/utils/utils.go:254.41,255.104 1 2
github.com/k8snetworkplumbingwg/sriov-network-device-plugin/pkg/utils/utils.go:255.104,256.30 1 2
github.com/k8snetworkplumbingwg/sriov-network-device-plugin/pkg/utils/utils.go:256.30,258.58 2 4
github.com/k8snetworkplumbingwg/sriov-network-device-plugin/pkg/utils/utils.go:258.58,260.5 1 1
github.com/k8snetworkplumbingwg/sriov-network-device-plugin/pkg/utils/utils.go:263.2,263.13 1 1
github.com/k8snetworkplumbingwg/sriov-network-device-plugin/pkg/utils/utils.go:267.48,274.35 3 5
github.com/k8snetworkplumbingwg/sriov-network-device-plugin/pkg/utils/utils.go:274.35,276.3 1 2
github.com/k8snetworkplumbingwg/sriov-network-device-plugin/pkg/utils/utils.go:276.8,276.43 1 3
github.com/k8snetworkplumbingwg/sriov-network-device-plugin/pkg/utils/utils.go:276.43,279.3 2 2
github.com/k8snetworkplumbingwg/sriov-network-device-plugin/pkg/utils/utils.go:281.2,281.55 1 1
github.com/k8snetworkplumbingwg/sriov-network-device-plugin/pkg/utils/utils.go:284.37,287.16 3 4
github.com/k8snetworkplumbingwg/sriov-network-device-plugin/pkg/utils/utils.go:287.16,289.3 1 2
github.com/k8snetworkplumbingwg/sriov-network-device-plugin/pkg/utils/utils.go:290.2,290.12 1 2
github.com/k8snetworkplumbingwg/sriov-network-device-plugin/pkg/utils/utils.go:294.40,296.2 1 2
github.com/k8snetworkplumbingwg/sriov-network-device-plugin/pkg/utils/utils.go:299.42,303.2 2 2
github.com/k8snetworkplumbingwg/sriov-network-device-plugin/pkg/utils/utils.go:306.86,310.16 3 4
github.com/k8snetworkplumbingwg/sriov-network-device-plugin/pkg/utils/utils.go:310.16,313.3 2 1
github.com/k8snetworkplumbingwg/sriov-network-device-plugin/pkg/utils/utils.go:315.2,316.16 2 3
github.com/k8snetworkplumbingwg/sriov-network-device-plugin/pkg/utils/utils.go:316.16,319.3 2 0
github.com/k8snetworkplumbingwg/sriov-network-device-plugin/pkg/utils/utils.go:321.2,322.16 2 3
github.com/k8snetworkplumbingwg/sriov-network-device-plugin/pkg/utils/utils.go:322.16,325.3 2 1
github.com/k8snetworkplumbingwg/sriov-network-device-plugin/pkg/utils/utils.go:327.2,327.40 1 2
github.com/k8snetworkplumbingwg/sriov-network-device-plugin/pkg/utils/utils.go:327.40,330.3 2 1
github.com/k8snetworkplumbingwg/sriov-network-device-plugin/pkg/utils/utils.go:332.2,333.16 2 1
github.com/k8snetworkplumbingwg/sriov-network-device-plugin/pkg/utils/utils.go:333.16,336.3 2 0
github.com/k8snetworkplumbingwg/sriov-network-device-plugin/pkg/utils/utils.go:337.2,345.20 5 1
github.com/k8snetworkplumbingwg/sriov-network-device-plugin/pkg/utils/utils.go:345.20,349.30 2 0
github.com/k8snetworkplumbingwg/sriov-network-device-plugin/pkg/utils/utils.go:349.30,352.4 2 0
github.com/k8snetworkplumbingwg/sriov-network-device-plugin/pkg/utils/utils.go:355.2,355.43 1 1
github.com/k8snetworkplumbingwg/sriov-network-device-plugin/pkg/utils/utils.go:359.63,363.16 3 3
github.com/k8snetworkplumbingwg/sriov-network-device-plugin/pkg/utils/utils.go:363.16,365.3 1 1
github.com/k8snetworkplumbingwg/sriov-network-device-plugin/pkg/utils/utils.go:367.2,369.16 2 2
github.com/k8snetworkplumbingwg/sriov-network-device-plugin/pkg/utils/utils.go:369.16,371.3 1 1
github.com/k8snetworkplumbingwg/sriov-network-device-plugin/pkg/utils/utils.go:375.2,377.8 2 1
github.com/k8snetworkplumbingwg/sriov-network-device-plugin/pkg/utils/utils.go:381.52,383.44 2 12
github.com/k8snetworkplumbingwg/sriov-network-device-plugin/pkg/utils/utils.go:383.44,385.3 1 3
github.com/k8snetworkplumbingwg/sriov-network-device-plugin/pkg/utils/utils.go:387.2,388.16 2 9
github.com/k8snetworkplumbingwg/sriov-network-device-plugin/pkg/utils/utils.go:388.16,390.3 1 1
github.com/k8snetworkplumbingwg/sriov-network-device-plugin/pkg/utils/utils.go:392.2,393.27 2 8
github.com/k8snetworkplumbingwg/sriov-network-device-plugin/pkg/utils/utils.go:393.27,395.3 1 9
github.com/k8snetworkplumbingwg/sriov-network-device-plugin/pkg/utils/utils.go:397.2,397.19 1 8
github.com/k8snetworkplumbingwg/sriov-network-device-plugin/pkg/utils/utils.go:401.52,404.16 3 2
github.com/k8snetworkplumbingwg/sriov-network-device-plugin/pkg/utils/utils.go:404.16,406.3 1 1
github.com/k8snetworkplumbingwg/sriov-network-device-plugin/pkg/utils/utils.go:407.2,407.39 1 1
github.com/k8snetworkplumbingwg/sriov-network-device-plugin/pkg/utils/utils.go:411.51,414.16 3 0
github.com/k8snetworkplumbingwg/sriov-network-device-plugin/pkg/utils/utils.go:414.16,415.25 1 0
github.com/k8snetworkplumbingwg/sriov-network-device-plugin/pkg/utils/utils.go:415.25,417.4 1 0
github.com/k8snetworkplumbingwg/sriov-network-device-plugin/pkg/utils/utils.go:418.3,418.83 1 0
github.com/k8snetworkplumbingwg/sriov-network-device-plugin/pkg/utils/utils.go:421.2,422.16 2 0
github.com/k8snetworkplumbingwg/sriov-network-device-plugin/pkg/utils/utils.go:422.16,424.3 1 0
github.com/k8snetworkplumbingwg/sriov-network-device-plugin/pkg/utils/utils.go:425.2,425.48 1 0
github.com/k8snetworkplumbingwg/sriov-network-device-plugin/pkg/utils/utils.go:429.52,433.24 4 5
github.com/k8snetworkplumbingwg/sriov-network-device-plugin/pkg/utils/utils.go:433.24,435.3 1 2
github.com/k8snetworkplumbingwg/sriov-network-device-plugin/pkg/utils/utils.go:436.2,436.16 1 3
github.com/k8snetworkplumbingwg/sriov-network-device-plugin/pkg/utils/utils.go:436.16,439.3 2 0
github.com/k8snetworkplumbingwg/sriov-network-device-plugin/pkg/utils/utils.go:441.2,442.16 2 3
github.com/k8snetworkplumbingwg/sriov-network-device-plugin/pkg/utils/utils.go:442.16,445.3 2 0
github.com/k8snetworkplumbingwg/sriov-network-device-plugin/pkg/utils/utils.go:448.2,448.27 1 3
github.com/k8snetworkplumbingwg/sriov-network-device-plugin/pkg/utils/utils.go:448.27,451.57 3 4
github.com/k8snetworkplumbingwg/sriov-network-device-plugin/pkg/utils/utils.go:451.57,453.57 2 4
github.com/k8snetworkplumbingwg/sriov-network-device-plugin/pkg/utils/utils.go:453.57,455.5 1 1
github.com/k8snetworkplumbingwg/sriov-network-device-plugin/pkg/utils/utils.go:459.2,460.18 2 2
github.com/k8snetworkplumbingwg/sriov-network-device-plugin/pkg/utils/utils.go:465.55,467.16 2 4
github.com/k8snetworkplumbingwg/sriov-network-device-plugin/pkg/utils/utils.go:467.16,469.3 1 2
github.com/k8snetworkplumbingwg/sriov-network-device-plugin/pkg/utils/utils.go:470.2,471.16 2 2
github.com/k8snetworkplumbingwg/sriov-network-device-plugin/pkg/utils/utils.go:471.16,473.3 1 0
github.com/k8snetworkplumbingwg/sriov-network-device-plugin/pkg/utils/utils.go:474.2,474.37 1 2
github.com/k8snetworkplumbingwg/sriov-network-device-plugin/pkg/utils/utils.go:480.55,482.16 2 0
github.com/k8snetworkplumbingwg/sriov-network-device-plugin/pkg/utils/utils.go:482.16,484.3 1 0
github.com/k8snetworkplumbingwg/sriov-network-device-plugin/pkg/utils/utils.go:485.2,485.18 1 0
github.com/k8snetworkplumbingwg/sriov-network-device-plugin/pkg/utils/utils.go:489.52,492.16 2 6
github.com/k8snetworkplumbingwg/sriov-network-device-plugin/pkg/utils/utils.go:492.16,494.3 1 1
github.com/k8snetworkplumbingwg/sriov-network-device-plugin/pkg/utils/utils.go:496.2,496.22 1 5
github.com/k8snetworkplumbingwg/sriov-network-device-plugin/pkg/utils/utils.go:496.22,497.34 1 4
github.com/k8snetworkplumbingwg/sriov-network-device-plugin/pkg/utils/utils.go:497.34,499.18 2 5
github.com/k8snetworkplumbingwg/sriov-network-device-plugin/pkg/utils/utils.go:499.18,501.13 2 0
github.com/k8snetworkplumbingwg/sriov-network-device-plugin/pkg/utils/utils.go:503.4,503.29 1 5
github.com/k8snetworkplumbingwg/sriov-network-device-plugin/pkg/utils/utils.go:503.29,504.21 1 3
github.com/k8snetworkplumbingwg/sriov-network-device-plugin/pkg/utils/utils.go:504.21,507.6 2 1
github.com/k8snetworkplumbingwg/sriov-network-device-plugin/pkg/utils/utils.go:512.2,512.19 1 4
github.com/k8snetworkplumbingwg/sriov-network-device-plugin/pkg/utils/utils.go:516.48,518.33 2 2
github.com/k8snetworkplumbingwg/sriov-network-device-plugin/pkg/utils/utils.go:518.33,520.3 1 1
github.com/k8snetworkplumbingwg/sriov-network-device-plugin/pkg/utils/utils.go:521.2,521.19 1 2
github.com/k8snetworkplumbingwg/sriov-network-device-plugin/pkg/utils/utils.go:525.50,527.35 2 2
github.com/k8snetworkplumbingwg/sriov-network-device-plugin/pkg/utils/utils.go:527.35,529.3 1 1
github.com/k8snetworkplumbingwg/sriov-network-device-plugin/pkg/utils/utils.go:530.2,530.20 1 2
github.com/k8snetworkplumbingwg/sriov-network-device-plugin/pkg/utils/utils.go:534.52,536.2 1 3
github.com/k8snetworkplumbingwg/sriov-network-device-plugin/pkg/utils/utils.go:539.49,543.22 2 4
github.com/k8snetworkplumbingwg/sriov-network-device-plugin/pkg/utils/utils.go:543.22,544.64 1 3
github.com/k8snetworkplumbingwg/sriov-network-device-plugin/pkg/utils/utils.go:544.64,546.4 1 1
github.com/k8snetworkplumbingwg/sriov-network-device-plugin/pkg/utils/utils.go:549.2,549.11 1 3
github.com/k8snetworkplumbingwg/sriov-network-device-plugin/pkg/utils/utils.go:553.46,555.52 2 0
github.com/k8snetworkplumbingwg/sriov-network-device-plugin/pkg/utils/utils.go:555.52,557.3 1 0
github.com/k8snetworkplumbingwg/sriov-network-device-plugin/pkg/utils/utils.go:558.2,558.13 1 0
github.com/k8snetworkplumbingwg/sriov-network-device-plugin/pkg/utils/utils.go:563.46,564.34 1 0
github.com/k8snetworkplumbingwg/sriov-network-device-plugin/pkg/utils/utils.go:564.34,566.3 1 0
github.com/k8snetworkplumbingwg/sriov-network-device-plugin/pkg/utils/utils.go:568.2,569.16 2 0
github.com/k8snetworkplumbingwg/sriov-network-device-plugin/pkg/utils/utils.go:569.16,571.3 1 0
github.com/k8snetworkplumbingwg/sriov-network-device-plugin/pkg/utils/utils.go:573.2,573.18 1 0
github.com/k8snetworkplumbingwg/sriov-network-device-plugin/pkg/utils/vdpa_provider.go:21.45,23.2 1 0
github.com/k8snetworkplumbingwg/sriov-network-device-plugin/pkg/utils/vdpa_provider.go:26.37,28.2 1 0
github.com/k8snetworkplumbingwg/sriov-network-device-plugin/pkg/utils/vdpa_provider.go:30.88,34.16 3 0
github.com/k8snetworkplumbingwg/sriov-network-device-plugin/pkg/utils/vdpa_provider.go:34.16,36.3 1 0
github.com/k8snetworkplumbingwg/sriov-network-device-plugin/pkg/utils/vdpa_provider.go:37.2,38.25 2 0
github.com/k8snetworkplumbingwg/sriov-network-device-plugin/pkg/utils/vdpa_provider.go:38.25,40.3 1 0
github.com/k8snetworkplumbingwg/sriov-network-device-plugin/pkg/utils/vdpa_provider.go:41.2,41.24 1 0
github.com/k8snetworkplumbingwg/sriov-network-device-plugin/pkg/utils/vdpa_provider.go:41.24,43.3 1 0
github.com/k8snetworkplumbingwg/sriov-network-device-plugin/pkg/utils/vdpa_provider.go:44.2,44.28 1 0
github.com/k8snetworkplumbingwg/sriov-network-device-plugin/pkg/exporter/netDeviceHealth.go:50.40,52.2 1 0
github.com/k8snetworkplumbingwg/sriov-network-device-plugin/pkg/exporter/netDeviceHealth.go:56.94,59.16 3 0
github.com/k8snetworkplumbingwg/sriov-network-device-plugin/pkg/exporter/netDeviceHealth.go:59.16,61.3 1 0
github.com/k8snetworkplumbingwg/sriov-network-device-plugin/pkg/exporter/netDeviceHealth.go:63.2,63.33 1 0
github.com/k8snetworkplumbingwg/sriov-network-device-plugin/pkg/exporter/netDeviceHealth.go:63.33,64.20 1 0
github.com/k8snetworkplumbingwg/sriov-network-device-plugin/pkg/exporter/netDeviceHealth.go:64.20,66.4 1 0
github.com/k8snetworkplumbingwg/sriov-network-device-plugin/pkg/exporter/netDeviceHealth.go:66.9,68.58 1 0
github.com/k8snetworkplumbingwg/sriov-network-device-plugin/pkg/exporter/netDeviceHealth.go:68.58,70.5 1 0
github.com/k8snetworkplumbingwg/sriov-network-device-plugin/pkg/exporter/netDeviceHealth.go:70.10,72.5 1 0
github.com/k8snetworkplumbingwg/sriov-network-device-plugin/pkg/exporter/netDeviceHealth.go:78.34,81.20 3 0
github.com/k8snetworkplumbingwg/sriov-network-device-plugin/pkg/exporter/netDeviceHealth.go:81.20,83.41 2 0
github.com/k8snetworkplumbingwg/sriov-network-device-plugin/pkg/exporter/netDeviceHealth.go:83.41,85.4 1 0
github.com/k8snetworkplumbingwg/sriov-network-device-plugin/pkg/exporter/netDeviceHealth.go:86.3,87.18 2 0
github.com/k8snetworkplumbingwg/sriov-network-device-plugin/pkg/exporter/netDeviceHealth.go:93.89,97.40 3 0
github.com/k8snetworkplumbingwg/sriov-network-device-plugin/pkg/exporter/netDeviceHealth.go:97.40,99.38 2 0
github.com/k8snetworkplumbingwg/sriov-network-device-plugin/pkg/exporter/netDeviceHealth.go:99.38,101.4 1 0
github.com/k8snetworkplumbingwg/sriov-network-device-plugin/pkg/exporter/netDeviceHealth.go:103.2,103.23 1 0
github.com/k8snetworkplumbingwg/sriov-network-device-plugin/pkg/exporter/netDeviceHealth.go:108.42,109.49 1 0
github.com/k8snetworkplumbingwg/sriov-network-device-plugin/pkg/exporter/netDeviceHealth.go:109.49,111.3 1 0
github.com/k8snetworkplumbingwg/sriov-network-device-plugin/pkg/exporter/netDeviceHealth.go:112.2,115.20 2 0
github.com/k8snetworkplumbingwg/sriov-network-device-plugin/pkg/exporter/netDeviceHealth.go:115.20,117.41 2 0
github.com/k8snetworkplumbingwg/sriov-network-device-plugin/pkg/exporter/netDeviceHealth.go:117.41,119.4 1 0
github.com/k8snetworkplumbingwg/sriov-network-device-plugin/pkg/exporter/netDeviceHealth.go:120.3,121.18 2 0
github.com/k8snetworkplumbingwg/sriov-network-device-plugin/pkg/exporter/netDeviceHealth.go:124.2,126.16 2 0
github.com/k8snetworkplumbingwg/sriov-network-device-plugin/pkg/exporter/netDeviceHealth.go:126.16,128.3 1 0
github.com/k8snetworkplumbingwg/sriov-network-device-plugin/pkg/exporter/netDeviceHealth.go:130.2,135.12 5 0
github.com/k8snetworkplumbingwg/sriov-network-device-plugin/pkg/exporter/netDeviceHealth.go:140.77,141.34 1 0
github.com/k8snetworkplumbingwg/sriov-network-device-plugin/pkg/exporter/netDeviceHealth.go:141.34,143.17 2 0
github.com/k8snetworkplumbingwg/sriov-network-device-plugin/pkg/exporter/netDeviceHealth.go:143.17,146.12 3 0
github.com/k8snetworkplumbingwg/sriov-network-device-plugin/pkg/exporter/netDeviceHealth.go:149.3,150.20 2 0
github.com/k8snetworkplumbingwg/sriov-network-device-plugin/pkg/exporter/netDeviceHealth.go:150.20,153.22 3 0
github.com/k8snetworkplumbingwg/sriov-network-device-plugin/pkg/exporter/netDeviceHealth.go:153.22,156.5 2 0
github.com/k8snetworkplumbingwg/sriov-network-device-plugin/pkg/exporter/netDeviceHealth.go:157.4,162.12 5 0
github.com/k8snetworkplumbingwg/sriov-network-device-plugin/pkg/exporter/netDeviceHealth.go:166.3,167.37 2 0
github.com/k8snetworkplumbingwg/sriov-network-device-plugin/pkg/exporter/netDeviceHealth.go:167.37,168.73 1 0
github.com/k8snetworkplumbingwg/sriov-network-device-plugin/pkg/exporter/netDeviceHealth.go:168.73,170.5 1 0
github.com/k8snetworkplumbingwg/sriov-network-device-plugin/pkg/exporter/netDeviceHealth.go:170.10,172.5 1 0
github.com/k8snetworkplumbingwg/sriov-network-device-plugin/pkg/exporter/netDeviceHealth.go:174.3,174.19 1 0
github.com/k8snetworkplumbingwg/sriov-network-device-plugin/pkg/exporter/netDeviceHealth.go:177.2,177.82 1 0
github.com/k8snetworkplumbingwg/sriov-network-device-plugin/pkg/exporter/nicmetricssvc/nicmetricssvc.pb.go:68.32,72.2 3 0
github.com/k8snetworkplumbingwg/sriov-network-device-plugin/pkg/exporter/nicmetricssvc/nicmetricssvc.pb.go:74.33,76.2 1 0
github.com/k8snetworkplumbingwg/sriov-network-device-plugin/pkg/exporter/nicmetricssvc/nicmetricssvc.pb.go:78.56,80.2 1 0
github.com/k8snetworkplumbingwg/sriov-network-device-plugin/pkg/exporter/nicmetricssvc/nicmetricssvc.pb.go:82.44,84.2 1 0
github.com/k8snetworkplumbingwg/sriov-network-device-plugin/pkg/exporter/nicmetricssvc/nicmetricssvc.pb.go:86.50,88.2 1 0
github.com/k8snetworkplumbingwg/sriov-network-device-plugin/pkg/exporter/nicmetricssvc/nicmetricssvc.pb.go:91.48,93.2 1 0
github.com/k8snetworkplumbingwg/sriov-network-device-plugin/pkg/exporter/nicmetricssvc/nicmetricssvc.pb.go:106.28,108.29 2 0
github.com/k8snetworkplumbingwg/sriov-network-device-plugin/pkg/exporter/nicmetricssvc/nicmetricssvc.pb.go:108.29,112.3 3 0
github.com/k8snetworkplumbingwg/sriov-network-device-plugin/pkg/exporter/nicmetricssvc/nicmetricssvc.pb.go:115.36,117.2 1 0
github.com/k8snetworkplumbingwg/sriov-network-device-plugin/pkg/exporter/nicmetricssvc/nicmetricssvc.pb.go:119.34,119.35 0 0
github.com/k8snetworkplumbingwg/sriov-network-device-plugin/pkg/exporter/nicmetricssvc/nicmetricssvc.pb.go:121.56,123.41 2 0
github.com/k8snetworkplumbingwg/sriov-network-device-plugin/pkg/exporter/nicmetricssvc/nicmetricssvc.pb.go:123.41,125.34 2 0
github.com/k8snetworkplumbingwg/sriov-network-device-plugin/pkg/exporter/nicmetricssvc/nicmetricssvc.pb.go:125.34,127.4 1 0
github.com/k8snetworkplumbingwg/sriov-network-device-plugin/pkg/exporter/nicmetricssvc/nicmetricssvc.pb.go:128.3,128.12 1 0
github.com/k8snetworkplumbingwg/sriov-network-device-plugin/pkg/exporter/nicmetricssvc/nicmetricssvc.pb.go:130.2,130.24 1 0
github.com/k8snetworkplumbingwg/sriov-network-device-plugin/pkg/exporter/nicmetricssvc/nicmetricssvc.pb.go:134.47,136.2 1 0
github.com/k8snetworkplumbingwg/sriov-network-device-plugin/pkg/exporter/nicmetricssvc/nicmetricssvc.pb.go:138.39,139.14 1 0
github.com/k8snetworkplumbingwg/sriov-network-device-plugin/pkg/exporter/nicmetricssvc/nicmetricssvc.pb.go:139.14,141.3 1 0
github.com/k8snetworkplumbingwg/sriov-network-device-plugin/pkg/exporter/nicmetricssvc/nicmetricssvc.pb.go:142.2,142.11 1 0
github.com/k8snetworkplumbingwg/sriov-network-device-plugin/pkg/exporter/nicmetricssvc/nicmetricssvc.pb.go:145.39,146.14 1 0
github.com/k8snetworkplumbingwg/sriov-network-device-plugin/pkg/exporter/nicmetricssvc/nicmetricssvc.pb.go:146.14,148.3 1 0
github.com/k8snetworkplumbingwg/sriov-network-device-plugin/pkg/exporter/nicmetricssvc/nicmetricssvc.pb.go:149.2,149.11 1 0
github.com/k8snetworkplumbingwg/sriov-network-device-plugin/pkg/exporter/nicmetricssvc/nicmetricssvc.pb.go:161.36,163.29 2 0
github.com/k8snetworkplumbingwg/sriov-network-device-plugin/pkg/exporter/nicmetricssvc/nicmetricssvc.pb.go:163.29,167.3 3 0
github.com/k8snetworkplumbingwg/sriov-network-device-plugin/pkg/exporter/nicmetricssvc/nicmetricssvc.pb.go:170.44,172.2 1 0
github.com/k8snetworkplumbingwg/sriov-network-device-plugin/pkg/exporter/nicmetricssvc/nicmetricssvc.pb.go:174.42,174.43 0 0
github.com/k8snetworkplumbingwg/sriov-network-device-plugin/pkg/exporter/nicmetricssvc/nicmetricssvc.pb.go:176.64,178.41 2 0
github.com/k8snetworkplumbingwg/sriov-network-device-plugin/pkg/exporter/nicmetricssvc/nicmetricssvc.pb.go:178.41,180.34 2 0
github.com/k8snetworkplumbingwg/sriov-network-device-plugin/pkg/exporter/nicmetricssvc/nicmetricssvc.pb.go:180.34,182.4 1 0
github.com/k8snetworkplumbingwg/sriov-network-device-plugin/pkg/exporter/nicmetricssvc/nicmetricssvc.pb.go:183.3,183.12 1 0
github.com/k8snetworkplumbingwg/sriov-network-device-plugin/pkg/exporter/nicmetricssvc/nicmetricssvc.pb.go:185.2,185.24 1 0
github.com/k8snetworkplumbingwg/sriov-network-device-plugin/pkg/exporter/nicmetricssvc/nicmetricssvc.pb.go:189.55,191.2 1 0
github.com/k8snetworkplumbingwg/sriov-network-device-plugin/pkg/exporter/nicmetricssvc/nicmetricssvc.pb.go:193.54,194.14 1 0
github.com/k8snetworkplumbingwg/sriov-network-device-plugin/pkg/exporter/nicmetricssvc/nicmetricssvc.pb.go:194.14,196.3 1 0
github.com/k8snetworkplumbingwg/sriov-network-device-plugin/pkg/exporter/nicmetricssvc/nicmetricssvc.pb.go:197.2,197.12 1 0
github.com/k8snetworkplumbingwg/sriov-network-device-plugin/pkg/exporter/nicmetricssvc/nicmetricssvc.pb.go:233.52,234.49 1 0
github.com/k8snetworkplumbingwg/sriov-network-device-plugin/pkg/exporter/nicmetricssvc/nicmetricssvc.pb.go:234.49,236.3 1 0
github.com/k8snetworkplumbingwg/sriov-network-device-plugin/pkg/exporter/nicmetricssvc/nicmetricssvc.pb.go:237.2,237.45 1 0
github.com/k8snetworkplumbingwg/sriov-network-device-plugin/pkg/exporter/nicmetricssvc/nicmetricssvc.pb.go:259.13,259.48 1 0
github.com/k8snetworkplumbingwg/sriov-network-device-plugin/pkg/exporter/nicmetricssvc/nicmetricssvc.pb.go:260.38,261.37 1 0
github.com/k8snetworkplumbingwg/sriov-network-device-plugin/pkg/exporter/nicmetricssvc/nicmetricssvc.pb.go:261.37,263.3 1 0
github.com/k8snetworkplumbingwg/sriov-network-device-plugin/pkg/exporter/nicmetricssvc/nicmetricssvc.pb.go:264.2,264.30 1 0
github.com/k8snetworkplumbingwg/sriov-network-device-plugin/pkg/exporter/nicmetricssvc/nicmetricssvc.pb.go:264.30,265.74 1 0
github.com/k8snetworkplumbingwg/sriov-network-device-plugin/pkg/exporter/nicmetricssvc/nicmetricssvc.pb.go:265.74,266.33 1 0
github.com/k8snetworkplumbingwg/sriov-network-device-plugin/pkg/exporter/nicmetricssvc/nicmetricssvc.pb.go:267.11,268.20 1 0
github.com/k8snetworkplumbingwg/sriov-network-device-plugin/pkg/exporter/nicmetricssvc/nicmetricssvc.pb.go:269.11,270.24 1 0
github.com/k8snetworkplumbingwg/sriov-network-device-plugin/pkg/exporter/nicmetricssvc/nicmetricssvc.pb.go:271.11,272.28 1 0
github.com/k8snetworkplumbingwg/sriov-network-device-plugin/pkg/exporter/nicmetricssvc/nicmetricssvc.pb.go:273.12,274.15 1 0
github.com/k8snetworkplumbingwg/sriov-network-device-plugin/pkg/exporter/nicmetricssvc/nicmetricssvc.pb.go:277.3,277.74 1 0
github.com/k8snetworkplumbingwg/sriov-network-device-plugin/pkg/exporter/nicmetricssvc/nicmetricssvc.pb.go:277.74,278.41 1 0
github.com/k8snetworkplumbingwg/sriov-network-device-plugin/pkg/exporter/nicmetricssvc/nicmetricssvc.pb.go:279.11,280.20 1 0
github.com/k8snetworkplumbingwg/sriov-network-device-plugin/pkg/exporter/nicmetricssvc/nicmetricssvc.pb.go:281.11,282.24 1 0
github.com/k8snetworkplumbingwg/sriov-network-device-plugin/pkg/exporter/nicmetricssvc/nicmetricssvc.pb.go:283.11,284.28 1 0
github.com/k8snetworkplumbingwg/sriov-network-device-plugin/pkg/exporter/nicmetricssvc/nicmetricssvc.pb.go:285.12,286.15 1 0
github.com/k8snetworkplumbingwg/sriov-network-device-plugin/pkg/exporter/nicmetricssvc/nicmetricssvc.pb.go:290.2,308.40 6 0
github.com/k8snetworkplumbingwg/sriov-network-device-plugin/pkg/exporter/nicmetricssvc/nicmetricssvc_grpc.pb.go:60.80,62.2 1 0
github.com/k8snetworkplumbingwg/sriov-network-device-plugin/pkg/exporter/nicmetricssvc/nicmetricssvc_grpc.pb.go:64.127,68.16 4 0
github.com/k8snetworkplumbingwg/sriov-network-device-plugin/pkg/exporter/nicmetricssvc/nicmetricssvc_grpc.pb.go:68.16,70.3 1 0
github.com/k8snetworkplumbingwg/sriov-network-device-plugin/pkg/exporter/nicmetricssvc/nicmetricssvc_grpc.pb.go:71.2,71.17 1 0
github.com/k8snetworkplumbingwg/sriov-network-device-plugin/pkg/exporter/nicmetricssvc/nicmetricssvc_grpc.pb.go:90.105,92.2 1 0
github.com/k8snetworkplumbingwg/sriov-network-device-plugin/pkg/exporter/nicmetricssvc/nicmetricssvc_grpc.pb.go:93.88,93.89 0 0
github.com/k8snetworkplumbingwg/sriov-network-device-plugin/pkg/exporter/nicmetricssvc/nicmetricssvc_grpc.pb.go:94.88,94.89 0 0
github.com/k8snetworkplumbingwg/sriov-network-device-plugin/pkg/exporter/nicmetricssvc/nicmetricssvc_grpc.pb.go:103.86,108.59 1 0
github.com/k8snetworkplumbingwg/sriov-network-device-plugin/pkg/exporter/nicmetricssvc/nicmetricssvc_grpc.pb.go:108.59,110.3 1 0
github.com/k8snetworkplumbingwg/sriov-network-device-plugin/pkg/exporter/nicmetricssvc/nicmetricssvc_grpc.pb.go:111.2,111.53 1 0
github.com/k8snetworkplumbingwg/sriov-network-device-plugin/pkg/exporter/nicmetricssvc/nicmetricssvc_grpc.pb.go:114.164,116.32 2 0
github.com/k8snetworkplumbingwg/sriov-network-device-plugin/pkg/exporter/nicmetricssvc/nicmetricssvc_grpc.pb.go:116.32,118.3 1 0
github.com/k8snetworkplumbingwg/sriov-network-device-plugin/pkg/exporter/nicmetricssvc/nicmetricssvc_grpc.pb.go:119.2,119.24 1 0
github.com/k8snetworkplumbingwg/sriov-network-device-plugin/pkg/exporter/nicmetricssvc/nicmetricssvc_grpc.pb.go:119.24,121.3 1 0
github.com/k8snetworkplumbingwg/sriov-network-device-plugin/pkg/exporter/nicmetricssvc/nicmetricssvc_grpc.pb.go:122.2,126.77 2 0
github.com/k8snetworkplumbingwg/sriov-network-device-plugin/pkg/exporter/nicmetricssvc/nicmetricssvc_grpc.pb.go:126.77,128.3 1 0
github.com/k8snetworkplumbingwg/sriov-network-device-plugin/pkg/exporter/nicmetricssvc/nicmetricssvc_grpc.pb.go:129.2,129.44 1 0
github.com/k8snetworkplumbingwg/sriov-network-device-plugin/pkg/deviceconfig/deviceConfigClient.go:46.44,51.2 2 1
github.com/k8snetworkplumbingwg/sriov-network-device-plugin/pkg/deviceconfig/deviceConfigClient.go:53.41,57.16 4 0
github.com/k8snetworkplumbingwg/sriov-network-device-plugin/pkg/deviceconfig/deviceConfigClient.go:57.16,60.3 2 0
github.com/k8snetworkplumbingwg/sriov-network-device-plugin/pkg/deviceconfig/deviceConfigClient.go:61.2,62.12 2 0
github.com/k8snetworkplumbingwg/sriov-network-device-plugin/pkg/deviceconfig/deviceConfigClient.go:65.25,68.16 2 1
github.com/k8snetworkplumbingwg/sriov-network-device-plugin/pkg/deviceconfig/deviceConfigClient.go:68.16,71.3 2 0
github.com/k8snetworkplumbingwg/sriov-network-device-plugin/pkg/deviceconfig/deviceConfigClient.go:72.2,73.16 2 1
github.com/k8snetworkplumbingwg/sriov-network-device-plugin/pkg/deviceconfig/deviceConfigClient.go:73.16,76.3 2 0
github.com/k8snetworkplumbingwg/sriov-network-device-plugin/pkg/deviceconfig/deviceConfigClient.go:77.2,77.27 1 1
github.com/k8snetworkplumbingwg/sriov-network-device-plugin/pkg/deviceconfig/deviceConfigClient.go:77.27,78.34 1 1
github.com/k8snetworkplumbingwg/sriov-network-device-plugin/pkg/deviceconfig/deviceConfigClient.go:78.34,79.33 1 53
github.com/k8snetworkplumbingwg/sriov-network-device-plugin/pkg/deviceconfig/deviceConfigClient.go:79.33,82.5 2 1
github.com/k8snetworkplumbingwg/sriov-network-device-plugin/pkg/deviceconfig/deviceConfigClient.go:85.2,86.13 2 0
github.com/k8snetworkplumbingwg/sriov-network-device-plugin/pkg/deviceconfig/deviceConfigClient.go:89.38,90.61 1 0
github.com/k8snetworkplumbingwg/sriov-network-device-plugin/pkg/deviceconfig/deviceConfigClient.go:90.61,93.3 2 0
github.com/k8snetworkplumbingwg/sriov-network-device-plugin/pkg/deviceconfig/deviceConfigClient.go:94.2,94.13 1 0
github.com/k8snetworkplumbingwg/sriov-network-device-plugin/pkg/deviceconfig/deviceConfigClient.go:97.59,100.2 1 0
github.com/k8snetworkplumbingwg/sriov-network-device-plugin/pkg/deviceconfig/deviceConfigClient.go:102.75,104.35 2 0
github.com/k8snetworkplumbingwg/sriov-network-device-plugin/pkg/deviceconfig/deviceConfigClient.go:104.35,107.3 2 0
github.com/k8snetworkplumbingwg/sriov-network-device-plugin/pkg/deviceconfig/deviceConfigClient.go:108.2,110.31 3 0
github.com/k8snetworkplumbingwg/sriov-network-device-plugin/pkg/deviceconfig/deviceConfigClient.go:110.31,112.43 2 0
github.com/k8snetworkplumbingwg/sriov-network-device-plugin/pkg/deviceconfig/deviceConfigClient.go:112.43,114.51 2 0
github.com/k8snetworkplumbingwg/sriov-network-device-plugin/pkg/deviceconfig/deviceConfigClient.go:114.51,117.5 2 0
github.com/k8snetworkplumbingwg/sriov-network-device-plugin/pkg/deviceconfig/deviceConfigClient.go:120.2,121.18 2 0
github.com/k8snetworkplumbingwg/sriov-network-device-plugin/pkg/deviceconfig/deviceConfigClient.go:121.18,123.3 1 0
github.com/k8snetworkplumbingwg/sriov-network-device-plugin/pkg/deviceconfig/deviceConfigClient.go:124.2,124.12 1 0
github.com/k8snetworkplumbingwg/sriov-network-device-plugin/pkg/deviceconfig/deviceConfigClient.go:127.63,129.16 2 0
github.com/k8snetworkplumbingwg/sriov-network-device-plugin/pkg/deviceconfig/deviceConfigClient.go:129.16,131.3 1 0
github.com/k8snetworkplumbingwg/sriov-network-device-plugin/pkg/deviceconfig/deviceConfigClient.go:133.2,136.16 4 0
github.com/k8snetworkplumbingwg/sriov-network-device-plugin/pkg/deviceconfig/deviceConfigClient.go:136.16,140.3 3 0
github.com/k8snetworkplumbingwg/sriov-network-device-plugin/pkg/deviceconfig/deviceConfigClient.go:142.2,146.40 5 0
github.com/k8snetworkplumbingwg/sriov-network-device-plugin/pkg/deviceconfig/deviceConfigClient.go:146.40,150.3 3 0
github.com/k8snetworkplumbingwg/sriov-network-device-plugin/pkg/deviceconfig/deviceConfigClient.go:151.2,152.12 2 0
github.com/k8snetworkplumbingwg/sriov-network-device-plugin/pkg/deviceconfig/deviceConfigClient.go:155.69,160.9 4 0
github.com/k8snetworkplumbingwg/sriov-network-device-plugin/pkg/deviceconfig/deviceConfigClient.go:160.9,162.17 2 0
github.com/k8snetworkplumbingwg/sriov-network-device-plugin/pkg/deviceconfig/deviceConfigClient.go:162.17,164.4 1 0
github.com/k8snetworkplumbingwg/sriov-network-device-plugin/pkg/deviceconfig/deviceConfigClient.go:165.3,166.46 2 0
github.com/k8snetworkplumbingwg/sriov-network-device-plugin/pkg/deviceconfig/deviceConfigClient.go:168.2,168.9 1 0
github.com/k8snetworkplumbingwg/sriov-network-device-plugin/pkg/deviceconfig/deviceConfigClient.go:168.9,171.3 2 0
github.com/k8snetworkplumbingwg/sriov-network-device-plugin/pkg/deviceconfig/deviceConfigClient.go:172.2,172.22 1 0
github.com/k8snetworkplumbingwg/sriov-network-device-plugin/pkg/deviceconfig/deviceConfigClient.go:175.101,181.2 4 0
github.com/k8snetworkplumbingwg/sriov-network-device-plugin/pkg/deviceconfig/deviceConfigClient.go:183.72,199.35 3 0
github.com/k8snetworkplumbingwg/sriov-network-device-plugin/pkg/deviceconfig/deviceConfigClient.go:199.35,202.3 2 0
github.com/k8snetworkplumbingwg/sriov-network-device-plugin/pkg/deviceconfig/deviceConfigClient.go:202.8,204.3 1 0
github.com/k8snetworkplumbingwg/sriov-network-device-plugin/pkg/deviceconfig/deviceConfigClient.go:206.2,207.16 2 0
github.com/k8snetworkplumbingwg/sriov-network-device-plugin/pkg/deviceconfig/deviceConfigClient.go:207.16,211.3 3 0
github.com/k8snetworkplumbingwg/sriov-network-device-plugin/pkg/deviceconfig/deviceConfigClient.go:212.2,214.16 3 0
github.com/k8snetworkplumbingwg/sriov-network-device-plugin/pkg/deviceconfig/deviceConfigClient.go:214.16,218.3 3 0
github.com/k8snetworkplumbingwg/sriov-network-device-plugin/pkg/deviceconfig/deviceConfigClient.go:220.2,220.31 1 0
github.com/k8snetworkplumbingwg/sriov-network-device-plugin/pkg/deviceconfig/deviceConfigClient.go:220.31,221.31 1 0
github.com/k8snetworkplumbingwg/sriov-network-device-plugin/pkg/deviceconfig/deviceConfigClient.go:221.31,223.4 1 0
github.com/k8snetworkplumbingwg/sriov-network-device-plugin/pkg/deviceconfig/deviceConfigClient.go:225.2,226.20 2 0
github.com/k8snetworkplumbingwg/sriov-network-device-plugin/pkg/deviceconfig/deviceConfigHandler.go:37.46,42.2 2 1
github.com/k8snetworkplumbingwg/sriov-network-device-plugin/pkg/deviceconfig/deviceConfigHandler.go:44.74,47.2 2 1
github.com/k8snetworkplumbingwg/sriov-network-device-plugin/pkg/deviceconfig/deviceConfigHandler.go:49.69,51.36 2 0
github.com/k8snetworkplumbingwg/sriov-network-device-plugin/pkg/deviceconfig/deviceConfigHandler.go:51.36,53.17 2 0
github.com/k8snetworkplumbingwg/sriov-network-device-plugin/pkg/deviceconfig/deviceConfigHandler.go:53.17,55.4 1 0
github.com/k8snetworkplumbingwg/sriov-network-device-plugin/pkg/deviceconfig/deviceConfigHandler.go:57.2,57.12 1 0
github.com/k8snetworkplumbingwg/sriov-network-device-plugin/pkg/deviceconfig/deviceConfigHandler.go:60.55,62.36 2 0
github.com/k8snetworkplumbingwg/sriov-network-device-plugin/pkg/deviceconfig/deviceConfigHandler.go:62.36,64.17 2 0
github.com/k8snetworkplumbingwg/sriov-network-device-plugin/pkg/deviceconfig/deviceConfigHandler.go:64.17,66.4 1 0
github.com/k8snetworkplumbingwg/sriov-network-device-plugin/pkg/deviceconfig/deviceConfigHandler.go:68.2,68.12 1 0
github.com/k8snetworkplumbingwg/sriov-network-device-plugin/pkg/exporter/netDeviceHealth.go:50.40,52.2 1 0
github.com/k8snetworkplumbingwg/sriov-network-device-plugin/pkg/exporter/netDeviceHealth.go:56.94,59.16 3 0
github.com/k8snetworkplumbingwg/sriov-network-device-plugin/pkg/exporter/netDeviceHealth.go:59.16,61.3 1 0
github.com/k8snetworkplumbingwg/sriov-network-device-plugin/pkg/exporter/netDeviceHealth.go:63.2,63.33 1 0
github.com/k8snetworkplumbingwg/sriov-network-device-plugin/pkg/exporter/netDeviceHealth.go:63.33,64.20 1 0
github.com/k8snetworkplumbingwg/sriov-network-device-plugin/pkg/exporter/netDeviceHealth.go:64.20,66.4 1 0
github.com/k8snetworkplumbingwg/sriov-network-device-plugin/pkg/exporter/netDeviceHealth.go:66.9,68.58 1 0
github.com/k8snetworkplumbingwg/sriov-network-device-plugin/pkg/exporter/netDeviceHealth.go:68.58,70.5 1 0
github.com/k8snetworkplumbingwg/sriov-network-device-plugin/pkg/exporter/netDeviceHealth.go:70.10,72.5 1 0
github.com/k8snetworkplumbingwg/sriov-network-device-plugin/pkg/exporter/netDeviceHealth.go:78.34,81.20 3 0
github.com/k8snetworkplumbingwg/sriov-network-device-plugin/pkg/exporter/netDeviceHealth.go:81.20,83.41 2 0
github.com/k8snetworkplumbingwg/sriov-network-device-plugin/pkg/exporter/netDeviceHealth.go:83.41,85.4 1 0
github.com/k8snetworkplumbingwg/sriov-network-device-plugin/pkg/exporter/netDeviceHealth.go:86.3,87.18 2 0
github.com/k8snetworkplumbingwg/sriov-network-device-plugin/pkg/exporter/netDeviceHealth.go:93.89,97.40 3 0
github.com/k8snetworkplumbingwg/sriov-network-device-plugin/pkg/exporter/netDeviceHealth.go:97.40,99.38 2 0
github.com/k8snetworkplumbingwg/sriov-network-device-plugin/pkg/exporter/netDeviceHealth.go:99.38,101.4 1 0
github.com/k8snetworkplumbingwg/sriov-network-device-plugin/pkg/exporter/netDeviceHealth.go:103.2,103.23 1 0
github.com/k8snetworkplumbingwg/sriov-network-device-plugin/pkg/exporter/netDeviceHealth.go:108.42,109.49 1 0
github.com/k8snetworkplumbingwg/sriov-network-device-plugin/pkg/exporter/netDeviceHealth.go:109.49,111.3 1 0
github.com/k8snetworkplumbingwg/sriov-network-device-plugin/pkg/exporter/netDeviceHealth.go:112.2,115.20 2 0
github.com/k8snetworkplumbingwg/sriov-network-device-plugin/pkg/exporter/netDeviceHealth.go:115.20,117.41 2 0
github.com/k8snetworkplumbingwg/sriov-network-device-plugin/pkg/exporter/netDeviceHealth.go:117.41,119.4 1 0
github.com/k8snetworkplumbingwg/sriov-network-device-plugin/pkg/exporter/netDeviceHealth.go:120.3,121.18 2 0
github.com/k8snetworkplumbingwg/sriov-network-device-plugin/pkg/exporter/netDeviceHealth.go:124.2,126.16 2 0
github.com/k8snetworkplumbingwg/sriov-network-device-plugin/pkg/exporter/netDeviceHealth.go:126.16,128.3 1 0
github.com/k8snetworkplumbingwg/sriov-network-device-plugin/pkg/exporter/netDeviceHealth.go:130.2,135.12 5 0
github.com/k8snetworkplumbingwg/sriov-network-device-plugin/pkg/exporter/netDeviceHealth.go:140.77,141.34 1 0
github.com/k8snetworkplumbingwg/sriov-network-device-plugin/pkg/exporter/netDeviceHealth.go:141.34,143.17 2 0
github.com/k8snetworkplumbingwg/sriov-network-device-plugin/pkg/exporter/netDeviceHealth.go:143.17,146.12 3 0
github.com/k8snetworkplumbingwg/sriov-network-device-plugin/pkg/exporter/netDeviceHealth.go:149.3,150.20 2 0
github.com/k8snetworkplumbingwg/sriov-network-device-plugin/pkg/exporter/netDeviceHealth.go:150.20,153.22 3 0
github.com/k8snetworkplumbingwg/sriov-network-device-plugin/pkg/exporter/netDeviceHealth.go:153.22,156.5 2 0
github.com/k8snetworkplumbingwg/sriov-network-device-plugin/pkg/exporter/netDeviceHealth.go:157.4,162.12 5 0
github.com/k8snetworkplumbingwg/sriov-network-device-plugin/pkg/exporter/netDeviceHealth.go:166.3,167.37 2 0
github.com/k8snetworkplumbingwg/sriov-network-device-plugin/pkg/exporter/netDeviceHealth.go:167.37,168.73 1 0
github.com/k8snetworkplumbingwg/sriov-network-device-plugin/pkg/exporter/netDeviceHealth.go:168.73,170.5 1 0
github.com/k8snetworkplumbingwg/sriov-network-device-plugin/pkg/exporter/netDeviceHealth.go:170.10,172.5 1 0
github.com/k8snetworkplumbingwg/sriov-network-device-plugin/pkg/exporter/netDeviceHealth.go:174.3,174.19 1 0
github.com/k8snetworkplumbingwg/sriov-network-device-plugin/pkg/exporter/netDeviceHealth.go:177.2,177.82 1 0
github.com/k8snetworkplumbingwg/sriov-network-device-plugin/pkg/exporter/nicmetricssvc/nicmetricssvc.pb.go:68.32,72.2 3 0
github.com/k8snetworkplumbingwg/sriov-network-device-plugin/pkg/exporter/nicmetricssvc/nicmetricssvc.pb.go:74.33,76.2 1 0
github.com/k8snetworkplumbingwg/sriov-network-device-plugin/pkg/exporter/nicmetricssvc/nicmetricssvc.pb.go:78.56,80.2 1 0
github.com/k8snetworkplumbingwg/sriov-network-device-plugin/pkg/exporter/nicmetricssvc/nicmetricssvc.pb.go:82.44,84.2 1 0
github.com/k8snetworkplumbingwg/sriov-network-device-plugin/pkg/exporter/nicmetricssvc/nicmetricssvc.pb.go:86.50,88.2 1 0
github.com/k8snetworkplumbingwg/sriov-network-device-plugin/pkg/exporter/nicmetricssvc/nicmetricssvc.pb.go:91.48,93.2 1 0
github.com/k8snetworkplumbingwg/sriov-network-device-plugin/pkg/exporter/nicmetricssvc/nicmetricssvc.pb.go:106.28,108.29 2 0
github.com/k8snetworkplumbingwg/sriov-network-device-plugin/pkg/exporter/nicmetricssvc/nicmetricssvc.pb.go:108.29,112.3 3 0
github.com/k8snetworkplumbingwg/sriov-network-device-plugin/pkg/exporter/nicmetricssvc/nicmetricssvc.pb.go:115.36,117.2 1 0
github.com/k8snetworkplumbingwg/sriov-network-device-plugin/pkg/exporter/nicmetricssvc/nicmetricssvc.pb.go:119.34,119.35 0 0
github.com/k8snetworkplumbingwg/sriov-network-device-plugin/pkg/exporter/nicmetricssvc/nicmetricssvc.pb.go:121.56,123.41 2 0
github.com/k8snetworkplumbingwg/sriov-network-device-plugin/pkg/exporter/nicmetricssvc/nicmetricssvc.pb.go:123.41,125.34 2 0
github.com/k8snetworkplumbingwg/sriov-network-device-plugin/pkg/exporter/nicmetricssvc/nicmetricssvc.pb.go:125.34,127.4 1 0
github.com/k8snetworkplumbingwg/sriov-network-device-plugin/pkg/exporter/nicmetricssvc/nicmetricssvc.pb.go:128.3,128.12 1 0
github.com/k8snetworkplumbingwg/sriov-network-device-plugin/pkg/exporter/nicmetricssvc/nicmetricssvc.pb.go:130.2,130.24 1 0
github.com/k8snetworkplumbingwg/sriov-network-device-plugin/pkg/exporter/nicmetricssvc/nicmetricssvc.pb.go:134.47,136.2 1 0
github.com/k8snetworkplumbingwg/sriov-network-device-plugin/pkg/exporter/nicmetricssvc/nicmetricssvc.pb.go:138.39,139.14 1 0
github.com/k8snetworkplumbingwg/sriov-network-device-plugin/pkg/exporter/nicmetricssvc/nicmetricssvc.pb.go:139.14,141.3 1 0
github.com/k8snetworkplumbingwg/sriov-network-device-plugin/pkg/exporter/nicmetricssvc/nicmetricssvc.pb.go:142.2,142.11 1 0
github.com/k8snetworkplumbingwg/sriov-network-device-plugin/pkg/exporter/nicmetricssvc/nicmetricssvc.pb.go:145.39,146.14 1 0
github.com/k8snetworkplumbingwg/sriov-network-device-plugin/pkg/exporter/nicmetricssvc/nicmetricssvc.pb.go:146.14,148.3 1 0
github.com/k8snetworkplumbingwg/sriov-network-device-plugin/pkg/exporter/nicmetricssvc/nicmetricssvc.pb.go:149.2,149.11 1 0
github.com/k8snetworkplumbingwg/sriov-network-device-plugin/pkg/exporter/nicmetricssvc/nicmetricssvc.pb.go:161.36,163.29 2 0
github.com/k8snetworkplumbingwg/sriov-network-device-plugin/pkg/exporter/nicmetricssvc/nicmetricssvc.pb.go:163.29,167.3 3 0
github.com/k8snetworkplumbingwg/sriov-network-device-plugin/pkg/exporter/nicmetricssvc/nicmetricssvc.pb.go:170.44,172.2 1 0
github.com/k8snetworkplumbingwg/sriov-network-device-plugin/pkg/exporter/nicmetricssvc/nicmetricssvc.pb.go:174.42,174.43 0 0
github.com/k8snetworkplumbingwg/sriov-network-device-plugin/pkg/exporter/nicmetricssvc/nicmetricssvc.pb.go:176.64,178.41 2 0
github.com/k8snetworkplumbingwg/sriov-network-device-plugin/pkg/exporter/nicmetricssvc/nicmetricssvc.pb.go:178.41,180.34 2 0
github.com/k8snetworkplumbingwg/sriov-network-device-plugin/pkg/exporter/nicmetricssvc/nicmetricssvc.pb.go:180.34,182.4 1 0
github.com/k8snetworkplumbingwg/sriov-network-device-plugin/pkg/exporter/nicmetricssvc/nicmetricssvc.pb.go:183.3,183.12 1 0
github.com/k8snetworkplumbingwg/sriov-network-device-plugin/pkg/exporter/nicmetricssvc/nicmetricssvc.pb.go:185.2,185.24 1 0
github.com/k8snetworkplumbingwg/sriov-network-device-plugin/pkg/exporter/nicmetricssvc/nicmetricssvc.pb.go:189.55,191.2 1 0
github.com/k8snetworkplumbingwg/sriov-network-device-plugin/pkg/exporter/nicmetricssvc/nicmetricssvc.pb.go:193.54,194.14 1 0
github.com/k8snetworkplumbingwg/sriov-network-device-plugin/pkg/exporter/nicmetricssvc/nicmetricssvc.pb.go:194.14,196.3 1 0
github.com/k8snetworkplumbingwg/sriov-network-device-plugin/pkg/exporter/nicmetricssvc/nicmetricssvc.pb.go:197.2,197.12 1 0
github.com/k8snetworkplumbingwg/sriov-network-device-plugin/pkg/exporter/nicmetricssvc/nicmetricssvc.pb.go:233.52,234.49 1 0
github.com/k8snetworkplumbingwg/sriov-network-device-plugin/pkg/exporter/nicmetricssvc/nicmetricssvc.pb.go:234.49,236.3 1 0
github.com/k8snetworkplumbingwg/sriov-network-device-plugin/pkg/exporter/nicmetricssvc/nicmetricssvc.pb.go:237.2,237.45 1 0
github.com/k8snetworkplumbingwg/sriov-network-device-plugin/pkg/exporter/nicmetricssvc/nicmetricssvc.pb.go:259.13,259.48 1 1
github.com/k8snetworkplumbingwg/sriov-network-device-plugin/pkg/exporter/nicmetricssvc/nicmetricssvc.pb.go:260.38,261.37 1 1
github.com/k8snetworkplumbingwg/sriov-network-device-plugin/pkg/exporter/nicmetricssvc/nicmetricssvc.pb.go:261.37,263.3 1 0
github.com/k8snetworkplumbingwg/sriov-network-device-plugin/pkg/exporter/nicmetricssvc/nicmetricssvc.pb.go:264.2,264.30 1 1
github.com/k8snetworkplumbingwg/sriov-network-device-plugin/pkg/exporter/nicmetricssvc/nicmetricssvc.pb.go:264.30,265.74 1 0
github.com/k8snetworkplumbingwg/sriov-network-device-plugin/pkg/exporter/nicmetricssvc/nicmetricssvc.pb.go:265.74,266.33 1 0
github.com/k8snetworkplumbingwg/sriov-network-device-plugin/pkg/exporter/nicmetricssvc/nicmetricssvc.pb.go:267.11,268.20 1 0
github.com/k8snetworkplumbingwg/sriov-network-device-plugin/pkg/exporter/nicmetricssvc/nicmetricssvc.pb.go:269.11,270.24 1 0
github.com/k8snetworkplumbingwg/sriov-network-device-plugin/pkg/exporter/nicmetricssvc/nicmetricssvc.pb.go:271.11,272.28 1 0
github.com/k8snetworkplumbingwg/sriov-network-device-plugin/pkg/exporter/nicmetricssvc/nicmetricssvc.pb.go:273.12,274.15 1 0
github.com/k8snetworkplumbingwg/sriov-network-device-plugin/pkg/exporter/nicmetricssvc/nicmetricssvc.pb.go:277.3,277.74 1 0
github.com/k8snetworkplumbingwg/sriov-network-device-plugin/pkg/exporter/nicmetricssvc/nicmetricssvc.pb.go:277.74,278.41 1 0
github.com/k8snetworkplumbingwg/sriov-network-device-plugin/pkg/exporter/nicmetricssvc/nicmetricssvc.pb.go:279.11,280.20 1 0
github.com/k8snetworkplumbingwg/sriov-network-device-plugin/pkg/exporter/nicmetricssvc/nicmetricssvc.pb.go:281.11,282.24 1 0
github.com/k8snetworkplumbingwg/sriov-network-device-plugin/pkg/exporter/nicmetricssvc/nicmetricssvc.pb.go:283.11,284.28 1 0
github.com/k8snetworkplumbingwg/sriov-network-device-plugin/pkg/exporter/nicmetricssvc/nicmetricssvc.pb.go:285.12,286.15 1 0
github.com/k8snetworkplumbingwg/sriov-network-device-plugin/pkg/exporter/nicmetricssvc/nicmetricssvc.pb.go:290.2,308.40 6 1
github.com/k8snetworkplumbingwg/sriov-network-device-plugin/pkg/exporter/nicmetricssvc/nicmetricssvc_grpc.pb.go:60.80,62.2 1 0
github.com/k8snetworkplumbingwg/sriov-network-device-plugin/pkg/exporter/nicmetricssvc/nicmetricssvc_grpc.pb.go:64.127,68.16 4 0
github.com/k8snetworkplumbingwg/sriov-network-device-plugin/pkg/exporter/nicmetricssvc/nicmetricssvc_grpc.pb.go:68.16,70.3 1 0
github.com/k8snetworkplumbingwg/sriov-network-device-plugin/pkg/exporter/nicmetricssvc/nicmetricssvc_grpc.pb.go:71.2,71.17 1 0
[...]
github.com/k8snetworkplumbingwg/sriov-network-device-plugin/pkg/resources/deviceSelectors.go:224.61,226.4 1 20
github.com/k8snetworkplumbingwg/sriov-network-device-plugin/pkg/resources/deviceSelectors.go:228.2,228.11 1 2
github.com/k8snetworkplumbingwg/sriov-network-device-plugin/pkg/resources/deviceSelectors.go:231.51,232.37 1 20
github.com/k8snetworkplumbingwg/sriov-network-device-plugin/pkg/resources/deviceSelectors.go:232.37,241.37 2 18
github.com/k8snetworkplumbingwg/sriov-network-device-plugin/pkg/resources/deviceSelectors.go:241.37,244.4 2 0
github.com/k8snetworkplumbingwg/sriov-network-device-plugin/pkg/resources/deviceSelectors.go:245.3,246.37 2 18
github.com/k8snetworkplumbingwg/sriov-network-device-plugin/pkg/resources/deviceSelectors.go:246.37,247.41 1 38
github.com/k8snetworkplumbingwg/sriov-network-device-plugin/pkg/resources/deviceSelectors.go:247.41,249.34 2 15
github.com/k8snetworkplumbingwg/sriov-network-device-plugin/pkg/resources/deviceSelectors.go:249.34,252.6 2 0
github.com/k8snetworkplumbingwg/sriov-network-device-plugin/pkg/resources/deviceSelectors.go:253.5,254.19 2 15
github.com/k8snetworkplumbingwg/sriov-network-device-plugin/pkg/resources/deviceSelectors.go:254.19,257.6 2 0
github.com/k8snetworkplumbingwg/sriov-network-device-plugin/pkg/resources/deviceSelectors.go:258.5,259.19 2 15
github.com/k8snetworkplumbingwg/sriov-network-device-plugin/pkg/resources/deviceSelectors.go:259.19,262.6 2 0
github.com/k8snetworkplumbingwg/sriov-network-device-plugin/pkg/resources/deviceSelectors.go:263.5,263.44 1 15
github.com/k8snetworkplumbingwg/sriov-network-device-plugin/pkg/resources/deviceSelectors.go:263.44,265.6 1 6
github.com/k8snetworkplumbingwg/sriov-network-device-plugin/pkg/resources/deviceSelectors.go:266.10,268.19 2 23
github.com/k8snetworkplumbingwg/sriov-network-device-plugin/pkg/resources/deviceSelectors.go:268.19,271.6 2 0
github.com/k8snetworkplumbingwg/sriov-network-device-plugin/pkg/resources/deviceSelectors.go:272.5,272.25 1 23
github.com/k8snetworkplumbingwg/sriov-network-device-plugin/pkg/resources/deviceSelectors.go:272.25,274.6 1 6
github.com/k8snetworkplumbingwg/sriov-network-device-plugin/pkg/resources/deviceSelectors.go:277.8,279.3 1 2
github.com/k8snetworkplumbingwg/sriov-network-device-plugin/pkg/resources/deviceSelectors.go:280.2,280.14 1 6
github.com/k8snetworkplumbingwg/sriov-network-device-plugin/pkg/resources/pKeySelector.go:12.59,14.2 1 1
github.com/k8snetworkplumbingwg/sriov-network-device-plugin/pkg/resources/pKeySelector.go:16.81,19.32 2 1
github.com/k8snetworkplumbingwg/sriov-network-device-plugin/pkg/resources/pKeySelector.go:19.32,21.45 2 3
github.com/k8snetworkplumbingwg/sriov-network-device-plugin/pkg/resources/pKeySelector.go:21.45,23.4 1 2
github.com/k8snetworkplumbingwg/sriov-network-device-plugin/pkg/resources/pKeySelector.go:26.2,26.21 1 1
github.com/k8snetworkplumbingwg/sriov-network-device-plugin/pkg/resources/pool_stub.go:57.106,62.2 1 3
github.com/k8snetworkplumbingwg/sriov-network-device-plugin/pkg/resources/pool_stub.go:65.63,67.2 1 0
github.com/k8snetworkplumbingwg/sriov-network-device-plugin/pkg/resources/pool_stub.go:70.48,73.2 1 0
github.com/k8snetworkplumbingwg/sriov-network-device-plugin/pkg/resources/pool_stub.go:76.54,78.2 1 0
github.com/k8snetworkplumbingwg/sriov-network-device-plugin/pkg/resources/pool_stub.go:81.56,83.2 1 0
github.com/k8snetworkplumbingwg/sriov-network-device-plugin/pkg/resources/pool_stub.go:86.71,88.37 2 1
github.com/k8snetworkplumbingwg/sriov-network-device-plugin/pkg/resources/pool_stub.go:88.37,90.3 1 2
github.com/k8snetworkplumbingwg/sriov-network-device-plugin/pkg/resources/pool_stub.go:91.2,91.16 1 1
github.com/k8snetworkplumbingwg/sriov-network-device-plugin/pkg/resources/pool_stub.go:95.42,98.2 1 0
github.com/k8snetworkplumbingwg/sriov-network-device-plugin/pkg/resources/pool_stub.go:101.88,106.31 3 1
github.com/k8snetworkplumbingwg/sriov-network-device-plugin/pkg/resources/pool_stub.go:106.31,107.39 1 2
github.com/k8snetworkplumbingwg/sriov-network-device-plugin/pkg/resources/pool_stub.go:107.39,109.32 2 2
github.com/k8snetworkplumbingwg/sriov-network-device-plugin/pkg/resources/pool_stub.go:109.32,110.42 1 4
github.com/k8snetworkplumbingwg/sriov-network-device-plugin/pkg/resources/pool_stub.go:110.42,112.6 1 3
github.com/k8snetworkplumbingwg/sriov-network-device-plugin/pkg/resources/pool_stub.go:116.2,116.17 1 1
github.com/k8snetworkplumbingwg/sriov-network-device-plugin/pkg/resources/pool_stub.go:123.99,128.31 4 0
github.com/k8snetworkplumbingwg/sriov-network-device-plugin/pkg/resources/pool_stub.go:128.31,129.39 1 0
github.com/k8snetworkplumbingwg/sriov-network-device-plugin/pkg/resources/pool_stub.go:129.39,133.4 3 0
github.com/k8snetworkplumbingwg/sriov-network-device-plugin/pkg/resources/pool_stub.go:136.2,147.16 8 0
github.com/k8snetworkplumbingwg/sriov-network-device-plugin/pkg/resources/pool_stub.go:147.16,149.3 1 0
github.com/k8snetworkplumbingwg/sriov-network-device-plugin/pkg/resources/pool_stub.go:150.2,152.18 2 0
github.com/k8snetworkplumbingwg/sriov-network-device-plugin/pkg/resources/pool_stub.go:156.78,160.31 3 1
github.com/k8snetworkplumbingwg/sriov-network-device-plugin/pkg/resources/pool_stub.go:160.31,161.39 1 2
github.com/k8snetworkplumbingwg/sriov-network-device-plugin/pkg/resources/pool_stub.go:161.39,164.4 2 2
github.com/k8snetworkplumbingwg/sriov-network-device-plugin/pkg/resources/pool_stub.go:166.2,166.18 1 1
github.com/k8snetworkplumbingwg/sriov-network-device-plugin/pkg/resources/pool_stub.go:170.112,171.27 1 4
github.com/k8snetworkplumbingwg/sriov-network-device-plugin/pkg/resources/pool_stub.go:171.27,172.38 1 4
github.com/k8snetworkplumbingwg/sriov-network-device-plugin/pkg/resources/pool_stub.go:172.38,174.4 1 1
github.com/k8snetworkplumbingwg/sriov-network-device-plugin/pkg/resources/pool_stub.go:176.2,176.14 1 3
github.com/k8snetworkplumbingwg/sriov-network-device-plugin/pkg/resources/pool_stub.go:180.73,182.2 1 0
github.com/k8snetworkplumbingwg/sriov-network-device-plugin/pkg/resources/pool_stub.go:186.102,188.2 1 0
github.com/k8snetworkplumbingwg/sriov-network-device-plugin/pkg/resources/pool_stub.go:192.82,194.2 1 0
github.com/k8snetworkplumbingwg/sriov-network-device-plugin/pkg/resources/pool_stub.go:197.49,199.2 1 0
github.com/k8snetworkplumbingwg/sriov-network-device-plugin/pkg/resources/pool_stub.go:201.62,203.2 1 0
github.com/k8snetworkplumbingwg/sriov-network-device-plugin/pkg/resources/pool_stub.go:205.56,207.2 1 0
github.com/k8snetworkplumbingwg/sriov-network-device-plugin/pkg/resources/server.go:77.117,80.18 3 19
github.com/k8snetworkplumbingwg/sriov-network-device-plugin/pkg/resources/server.go:80.18,82.3 1 6
github.com/k8snetworkplumbingwg/sriov-network-device-plugin/pkg/resources/server.go:85.2,100.36 2 19
github.com/k8snetworkplumbingwg/sriov-network-device-plugin/pkg/resources/server.go:100.36,104.3 3 0
github.com/k8snetworkplumbingwg/sriov-network-device-plugin/pkg/resources/server.go:106.2,106.30 1 19
github.com/k8snetworkplumbingwg/sriov-network-device-plugin/pkg/resources/server.go:106.30,108.3 1 0
github.com/k8snetworkplumbingwg/sriov-network-device-plugin/pkg/resources/server.go:108.8,112.3 3 19
github.com/k8snetworkplumbingwg/sriov-network-device-plugin/pkg/resources/server.go:114.2,114.11 1 19
github.com/k8snetworkplumbingwg/sriov-network-device-plugin/pkg/resources/server.go:117.44,120.16 3 6
github.com/k8snetworkplumbingwg/sriov-network-device-plugin/pkg/resources/server.go:120.16,123.3 2 0
github.com/k8snetworkplumbingwg/sriov-network-device-plugin/pkg/resources/server.go:124.2,133.73 4 6
github.com/k8snetworkplumbingwg/sriov-network-device-plugin/pkg/resources/server.go:133.73,136.3 2 2
github.com/k8snetworkplumbingwg/sriov-network-device-plugin/pkg/resources/server.go:137.2,138.12 2 4
github.com/k8snetworkplumbingwg/sriov-network-device-plugin/pkg/resources/server.go:141.119,149.2 2 3
github.com/k8snetworkplumbingwg/sriov-network-device-plugin/pkg/resources/server.go:152.92,153.30 1 3
github.com/k8snetworkplumbingwg/sriov-network-device-plugin/pkg/resources/server.go:153.30,155.3 1 3
github.com/k8snetworkplumbingwg/sriov-network-device-plugin/pkg/resources/server.go:155.8,158.3 2 0
github.com/k8snetworkplumbingwg/sriov-network-device-plugin/pkg/resources/server.go:159.2,159.55 1 3
github.com/k8snetworkplumbingwg/sriov-network-device-plugin/pkg/resources/server.go:162.126,166.50 3 4
github.com/k8snetworkplumbingwg/sriov-network-device-plugin/pkg/resources/server.go:166.50,170.17 3 2
github.com/k8snetworkplumbingwg/sriov-network-device-plugin/pkg/resources/server.go:170.17,173.4 2 0
github.com/k8snetworkplumbingwg/sriov-network-device-plugin/pkg/resources/server.go:175.3,176.17 2 2
github.com/k8snetworkplumbingwg/sriov-network-device-plugin/pkg/resources/server.go:176.17,179.4 2 0
github.com/k8snetworkplumbingwg/sriov-network-device-plugin/pkg/resources/server.go:181.3,185.17 4 2
github.com/k8snetworkplumbingwg/sriov-network-device-plugin/pkg/resources/server.go:185.17,188.4 2 0
github.com/k8snetworkplumbingwg/sriov-network-device-plugin/pkg/resources/server.go:190.3,191.75 2 2
github.com/k8snetworkplumbingwg/sriov-network-device-plugin/pkg/resources/server.go:193.2,194.18 2 4
github.com/k8snetworkplumbingwg/sriov-network-device-plugin/pkg/resources/server.go:197.120,203.51 5 4
github.com/k8snetworkplumbingwg/sriov-network-device-plugin/pkg/resources/server.go:203.51,205.3 1 4
github.com/k8snetworkplumbingwg/sriov-network-device-plugin/pkg/resources/server.go:206.2,208.42 3 4
github.com/k8snetworkplumbingwg/sriov-network-device-plugin/pkg/resources/server.go:208.42,212.3 3 1
github.com/k8snetworkplumbingwg/sriov-network-device-plugin/pkg/resources/server.go:215.2,215.6 1 3
github.com/k8snetworkplumbingwg/sriov-network-device-plugin/pkg/resources/server.go:215.6,216.10 1 5
github.com/k8snetworkplumbingwg/sriov-network-device-plugin/pkg/resources/server.go:217.24,220.14 2 2
github.com/k8snetworkplumbingwg/sriov-network-device-plugin/pkg/resources/server.go:221.26,225.53 3 3
github.com/k8snetworkplumbingwg/sriov-network-device-plugin/pkg/resources/server.go:225.53,227.5 1 3
github.com/k8snetworkplumbingwg/sriov-network-device-plugin/pkg/resources/server.go:228.4,231.44 3 3
github.com/k8snetworkplumbingwg/sriov-network-device-plugin/pkg/resources/server.go:231.44,234.5 2 1
github.com/k8snetworkplumbingwg/sriov-network-device-plugin/pkg/resources/server.go:235.37,238.44 3 0
github.com/k8snetworkplumbingwg/sriov-network-device-plugin/pkg/resources/server.go:238.44,241.5 2 0
github.com/k8snetworkplumbingwg/sriov-network-device-plugin/pkg/resources/server.go:248.97,250.2 1 0
github.com/k8snetworkplumbingwg/sriov-network-device-plugin/pkg/resources/server.go:253.91,255.2 1 1
github.com/k8snetworkplumbingwg/sriov-network-device-plugin/pkg/resources/server.go:257.135,262.2 1 1
github.com/k8snetworkplumbingwg/sriov-network-device-plugin/pkg/resources/server.go:264.40,266.2 1 1
github.com/k8snetworkplumbingwg/sriov-network-device-plugin/pkg/resources/server.go:269.41,275.16 5 6
github.com/k8snetworkplumbingwg/sriov-network-device-plugin/pkg/resources/server.go:275.16,278.3 2 0
github.com/k8snetworkplumbingwg/sriov-network-device-plugin/pkg/resources/server.go:280.2,282.16 3 6
github.com/k8snetworkplumbingwg/sriov-network-device-plugin/pkg/resources/server.go:282.16,285.3 2 0
github.com/k8snetworkplumbingwg/sriov-network-device-plugin/pkg/resources/server.go:288.2,288.20 1 6
github.com/k8snetworkplumbingwg/sriov-network-device-plugin/pkg/resources/server.go:288.20,290.3 1 3
github.com/k8snetworkplumbingwg/sriov-network-device-plugin/pkg/resources/server.go:291.2,294.12 2 6
github.com/k8snetworkplumbingwg/sriov-network-device-plugin/pkg/resources/server.go:294.12,296.17 2 6
github.com/k8snetworkplumbingwg/sriov-network-device-plugin/pkg/resources/server.go:296.17,298.4 1 0
github.com/k8snetworkplumbingwg/sriov-network-device-plugin/pkg/resources/server.go:301.2,303.21 2 6
github.com/k8snetworkplumbingwg/sriov-network-device-plugin/pkg/resources/server.go:303.21,306.17 2 3
github.com/k8snetworkplumbingwg/sriov-network-device-plugin/pkg/resources/server.go:306.17,311.4 3 0
github.com/k8snetworkplumbingwg/sriov-network-device-plugin/pkg/resources/server.go:314.2,314.12 1 6
github.com/k8snetworkplumbingwg/sriov-network-device-plugin/pkg/resources/server.go:317.43,320.26 3 1
github.com/k8snetworkplumbingwg/sriov-network-device-plugin/pkg/resources/server.go:320.26,322.3 1 0
github.com/k8snetworkplumbingwg/sriov-network-device-plugin/pkg/resources/server.go:323.2,329.19 5 1
github.com/k8snetworkplumbingwg/sriov-network-device-plugin/pkg/resources/server.go:332.40,335.26 3 3
github.com/k8snetworkplumbingwg/sriov-network-device-plugin/pkg/resources/server.go:335.26,337.3 1 0
github.com/k8snetworkplumbingwg/sriov-network-device-plugin/pkg/resources/server.go:339.2,340.21 2 3
github.com/k8snetworkplumbingwg/sriov-network-device-plugin/pkg/resources/server.go:340.21,342.3 1 2
github.com/k8snetworkplumbingwg/sriov-network-device-plugin/pkg/resources/server.go:344.2,347.29 3 3
github.com/k8snetworkplumbingwg/sriov-network-device-plugin/pkg/resources/server.go:347.29,350.3 2 0
github.com/k8snetworkplumbingwg/sriov-network-device-plugin/pkg/resources/server.go:352.2,352.21 1 3
github.com/k8snetworkplumbingwg/sriov-network-device-plugin/pkg/resources/server.go:355.35,357.6 1 1
github.com/k8snetworkplumbingwg/sriov-network-device-plugin/pkg/resources/server.go:357.6,358.10 1 2
github.com/k8snetworkplumbingwg/sriov-network-device-plugin/pkg/resources/server.go:359.33,360.12 1 1
github.com/k8snetworkplumbingwg/sriov-network-device-plugin/pkg/resources/server.go:360.12,363.5 2 1
github.com/k8snetworkplumbingwg/sriov-network-device-plugin/pkg/resources/server.go:364.11,366.18 2 1
github.com/k8snetworkplumbingwg/sriov-network-device-plugin/pkg/resources/server.go:366.18,370.40 3 0
github.com/k8snetworkplumbingwg/sriov-network-device-plugin/pkg/resources/server.go:370.40,372.6 1 0
github.com/k8snetworkplumbingwg/sriov-network-device-plugin/pkg/resources/server.go:376.3,376.30 1 1
github.com/k8snetworkplumbingwg/sriov-network-device-plugin/pkg/resources/server.go:380.43,382.70 2 9
github.com/k8snetworkplumbingwg/sriov-network-device-plugin/pkg/resources/server.go:382.70,384.3 1 0
github.com/k8snetworkplumbingwg/sriov-network-device-plugin/pkg/resources/server.go:385.2,385.83 1 9
github.com/k8snetworkplumbingwg/sriov-network-device-plugin/pkg/resources/server.go:385.83,387.3 1 0
github.com/k8snetworkplumbingwg/sriov-network-device-plugin/pkg/resources/server.go:388.2,388.21 1 9
github.com/k8snetworkplumbingwg/sriov-network-device-plugin/pkg/resources/server.go:388.21,390.3 1 0
github.com/k8snetworkplumbingwg/sriov-network-device-plugin/pkg/resources/server.go:391.2,391.12 1 9
github.com/k8snetworkplumbingwg/sriov-network-device-plugin/pkg/resources/server.go:394.43,396.27 2 6
github.com/k8snetworkplumbingwg/sriov-network-device-plugin/pkg/resources/server.go:396.27,397.13 1 6
github.com/k8snetworkplumbingwg/sriov-network-device-plugin/pkg/resources/server.go:397.13,398.8 1 6
github.com/k8snetworkplumbingwg/sriov-network-device-plugin/pkg/resources/server.go:398.8,400.16 2 6
github.com/k8snetworkplumbingwg/sriov-network-device-plugin/pkg/resources/server.go:400.16,402.6 1 4
github.com/k8snetworkplumbingwg/sriov-network-device-plugin/pkg/resources/server.go:403.5,403.63 1 2
github.com/k8snetworkplumbingwg/sriov-network-device-plugin/pkg/resources/server.go:409.82,411.2 1 2
github.com/k8snetworkplumbingwg/sriov-network-device-plugin/pkg/resources/testing.go:37.90,44.2 1 8
github.com/k8snetworkplumbingwg/sriov-network-device-plugin/pkg/resources/testing.go:46.99,51.16 3 3
github.com/k8snetworkplumbingwg/sriov-network-device-plugin/pkg/resources/testing.go:51.16,53.3 1 0
github.com/k8snetworkplumbingwg/sriov-network-device-plugin/pkg/resources/testing.go:55.2,55.53 1 3
github.com/k8snetworkplumbingwg/sriov-network-device-plugin/pkg/resources/testing.go:59.95,61.16 2 3
github.com/k8snetworkplumbingwg/sriov-network-device-plugin/pkg/resources/testing.go:61.16,63.3 1 0
github.com/k8snetworkplumbingwg/sriov-network-device-plugin/pkg/resources/testing.go:65.2,65.22 1 3
github.com/k8snetworkplumbingwg/sriov-network-device-plugin/pkg/resources/testing.go:69.79,78.97 4 3
github.com/k8snetworkplumbingwg/sriov-network-device-plugin/pkg/resources/testing.go:78.97,80.3 1 0
github.com/k8snetworkplumbingwg/sriov-network-device-plugin/pkg/resources/testing.go:82.2,82.18 1 3
github.com/k8snetworkplumbingwg/sriov-network-device-plugin/pkg/resources/testing.go:82.18,84.3 1 0
github.com/k8snetworkplumbingwg/sriov-network-device-plugin/pkg/resources/testing.go:86.2,86.12 1 3
github.com/k8snetworkplumbingwg/sriov-network-device-plugin/pkg/resources/testing.go:89.57,91.16 2 3
github.com/k8snetworkplumbingwg/sriov-network-device-plugin/pkg/resources/testing.go:91.16,93.3 1 0
github.com/k8snetworkplumbingwg/sriov-network-device-plugin/pkg/resources/testing.go:94.2,100.16 5 3
github.com/k8snetworkplumbingwg/sriov-network-device-plugin/pkg/resources/testing.go:100.16,102.3 1 0
github.com/k8snetworkplumbingwg/sriov-network-device-plugin/pkg/resources/testing.go:104.2,104.57 1 3
github.com/k8snetworkplumbingwg/sriov-network-device-plugin/pkg/resources/testing.go:104.57,106.3 1 0
github.com/k8snetworkplumbingwg/sriov-network-device-plugin/pkg/resources/testing.go:108.2,108.22 1 3
github.com/k8snetworkplumbingwg/sriov-network-device-plugin/pkg/resources/testing.go:108.22,110.3 1 1
github.com/k8snetworkplumbingwg/sriov-network-device-plugin/pkg/resources/testing.go:112.2,112.12 1 2
github.com/k8snetworkplumbingwg/sriov-network-device-plugin/pkg/resources/testing.go:116.87,119.22 3 5
github.com/k8snetworkplumbingwg/sriov-network-device-plugin/pkg/resources/testing.go:119.22,121.3 1 1
github.com/k8snetworkplumbingwg/sriov-network-device-plugin/pkg/resources/testing.go:122.2,122.8 1 5
github.com/k8snetworkplumbingwg/sriov-network-device-plugin/pkg/resources/testing.go:125.42,127.16 2 4
github.com/k8snetworkplumbingwg/sriov-network-device-plugin/pkg/resources/testing.go:127.16,128.13 1 0
github.com/k8snetworkplumbingwg/sriov-network-device-plugin/pkg/resources/testing.go:130.2,132.12 3 4
github.com/k8snetworkplumbingwg/sriov-network-device-plugin/pkg/resources/testing.go:132.12,134.3 1 4
github.com/k8snetworkplumbingwg/sriov-network-device-plugin/pkg/resources/testing.go:135.2,135.35 1 4
github.com/k8snetworkplumbingwg/sriov-network-device-plugin/pkg/resources/testing.go:138.77,140.6 2 4
github.com/k8snetworkplumbingwg/sriov-network-device-plugin/pkg/resources/testing.go:140.6,141.36 1 4
github.com/k8snetworkplumbingwg/sriov-network-device-plugin/pkg/resources/testing.go:141.36,143.4 1 0
github.com/k8snetworkplumbingwg/sriov-network-device-plugin/pkg/resources/testing.go:144.3,145.17 2 4
github.com/k8snetworkplumbingwg/sriov-network-device-plugin/pkg/resources/testing.go:145.17,147.4 1 4
github.com/k8snetworkplumbingwg/sriov-network-device-plugin/pkg/resources/testing.go:151.41,154.2 2 4
github.com/k8snetworkplumbingwg/sriov-network-device-plugin/pkg/resources/testing.go:165.83,167.37 2 7
github.com/k8snetworkplumbingwg/sriov-network-device-plugin/pkg/resources/testing.go:167.37,169.3 1 2
github.com/k8snetworkplumbingwg/sriov-network-device-plugin/pkg/resources/testing.go:170.2,171.12 2 5
github.com/k8snetworkplumbingwg/sriov-network-device-plugin/pkg/resources/testing.go:175.60,177.2 1 0
github.com/k8snetworkplumbingwg/sriov-network-device-plugin/pkg/resources/testing.go:179.63,181.2 1 0
github.com/k8snetworkplumbingwg/sriov-network-device-plugin/pkg/resources/testing.go:183.63,185.2 1 0
github.com/k8snetworkplumbingwg/sriov-network-device-plugin/pkg/resources/testing.go:187.66,189.2 1 0
github.com/k8snetworkplumbingwg/sriov-network-device-plugin/pkg/resources/testing.go:191.65,193.2 1 0
github.com/k8snetworkplumbingwg/sriov-network-device-plugin/pkg/resources/testing.go:195.61,196.2 0 0
